02-05 13:36:09.766 INFO  --- [main] [SpringApplication]:651 com.gapache.cloud.auth.server.AuthCenterServer >>> No active profile set, falling back to default profiles: default
02-05 13:36:10.910 WARN  --- [main] [EndpointId]:155 o.springframework.boot.actuate.endpoint.EndpointId >>> Endpoint ID 'nacos-discovery' contains invalid characters, please migrate to a valid format.
02-05 13:36:11.320 INFO  --- [main] [RepositoryConfigurationDelegate]:249 o.s.d.r.config.RepositoryConfigurationDelegate >>> Multiple Spring Data modules found, entering strict repository configuration mode!
02-05 13:36:11.320 INFO  --- [main] [RepositoryConfigurationDelegate]:127 o.s.d.r.config.RepositoryConfigurationDelegate >>> Bootstrapping Spring Data JPA repositories in DEFAULT mode.
02-05 13:36:11.459 INFO  --- [main] [RepositoryConfigurationDelegate]:187 o.s.d.r.config.RepositoryConfigurationDelegate >>> Finished Spring Data repository scanning in 129ms. Found 9 JPA repository interfaces.
02-05 13:36:11.476 INFO  --- [main] [RepositoryConfigurationDelegate]:249 o.s.d.r.config.RepositoryConfigurationDelegate >>> Multiple Spring Data modules found, entering strict repository configuration mode!
02-05 13:36:11.478 INFO  --- [main] [RepositoryConfigurationDelegate]:127 o.s.d.r.config.RepositoryConfigurationDelegate >>> Bootstrapping Spring Data Redis repositories in DEFAULT mode.
02-05 13:36:11.497 INFO  --- [main] [RepositoryConfigurationExtensionSupport]:348 o.s.d.r.c.RepositoryConfigurationExtensionSupport >>> Spring Data Redis - Could not safely identify store assignment for repository candidate interface com.gapache.cloud.auth.server.dao.repository.client.ClientRepository. If you want this repository to be a Redis repository, consider annotating your entities with one of these annotations: org.springframework.data.redis.core.RedisHash (preferred), or consider extending one of the following types with your repository: org.springframework.data.keyvalue.repository.KeyValueRepository.
02-05 13:36:11.498 INFO  --- [main] [RepositoryConfigurationExtensionSupport]:348 o.s.d.r.c.RepositoryConfigurationExtensionSupport >>> Spring Data Redis - Could not safely identify store assignment for repository candidate interface com.gapache.cloud.auth.server.dao.repository.resource.ResourceRepository. If you want this repository to be a Redis repository, consider annotating your entities with one of these annotations: org.springframework.data.redis.core.RedisHash (preferred), or consider extending one of the following types with your repository: org.springframework.data.keyvalue.repository.KeyValueRepository.
02-05 13:36:11.498 INFO  --- [main] [RepositoryConfigurationExtensionSupport]:348 o.s.d.r.c.RepositoryConfigurationExtensionSupport >>> Spring Data Redis - Could not safely identify store assignment for repository candidate interface com.gapache.cloud.auth.server.dao.repository.resource.ResourceServerRepository. If you want this repository to be a Redis repository, consider annotating your entities with one of these annotations: org.springframework.data.redis.core.RedisHash (preferred), or consider extending one of the following types with your repository: org.springframework.data.keyvalue.repository.KeyValueRepository.
02-05 13:36:11.499 INFO  --- [main] [RepositoryConfigurationExtensionSupport]:348 o.s.d.r.c.RepositoryConfigurationExtensionSupport >>> Spring Data Redis - Could not safely identify store assignment for repository candidate interface com.gapache.cloud.auth.server.dao.repository.user.PermissionRepository. If you want this repository to be a Redis repository, consider annotating your entities with one of these annotations: org.springframework.data.redis.core.RedisHash (preferred), or consider extending one of the following types with your repository: org.springframework.data.keyvalue.repository.KeyValueRepository.
02-05 13:36:11.499 INFO  --- [main] [RepositoryConfigurationExtensionSupport]:348 o.s.d.r.c.RepositoryConfigurationExtensionSupport >>> Spring Data Redis - Could not safely identify store assignment for repository candidate interface com.gapache.cloud.auth.server.dao.repository.user.RolePermissionRepository. If you want this repository to be a Redis repository, consider annotating your entities with one of these annotations: org.springframework.data.redis.core.RedisHash (preferred), or consider extending one of the following types with your repository: org.springframework.data.keyvalue.repository.KeyValueRepository.
02-05 13:36:11.500 INFO  --- [main] [RepositoryConfigurationExtensionSupport]:348 o.s.d.r.c.RepositoryConfigurationExtensionSupport >>> Spring Data Redis - Could not safely identify store assignment for repository candidate interface com.gapache.cloud.auth.server.dao.repository.user.RoleRepository. If you want this repository to be a Redis repository, consider annotating your entities with one of these annotations: org.springframework.data.redis.core.RedisHash (preferred), or consider extending one of the following types with your repository: org.springframework.data.keyvalue.repository.KeyValueRepository.
02-05 13:36:11.501 INFO  --- [main] [RepositoryConfigurationExtensionSupport]:348 o.s.d.r.c.RepositoryConfigurationExtensionSupport >>> Spring Data Redis - Could not safely identify store assignment for repository candidate interface com.gapache.cloud.auth.server.dao.repository.user.UserClientRelationRepository. If you want this repository to be a Redis repository, consider annotating your entities with one of these annotations: org.springframework.data.redis.core.RedisHash (preferred), or consider extending one of the following types with your repository: org.springframework.data.keyvalue.repository.KeyValueRepository.
02-05 13:36:11.501 INFO  --- [main] [RepositoryConfigurationExtensionSupport]:348 o.s.d.r.c.RepositoryConfigurationExtensionSupport >>> Spring Data Redis - Could not safely identify store assignment for repository candidate interface com.gapache.cloud.auth.server.dao.repository.user.UserRepository. If you want this repository to be a Redis repository, consider annotating your entities with one of these annotations: org.springframework.data.redis.core.RedisHash (preferred), or consider extending one of the following types with your repository: org.springframework.data.keyvalue.repository.KeyValueRepository.
02-05 13:36:11.501 INFO  --- [main] [RepositoryConfigurationExtensionSupport]:348 o.s.d.r.c.RepositoryConfigurationExtensionSupport >>> Spring Data Redis - Could not safely identify store assignment for repository candidate interface com.gapache.cloud.auth.server.dao.repository.user.UserRoleRepository. If you want this repository to be a Redis repository, consider annotating your entities with one of these annotations: org.springframework.data.redis.core.RedisHash (preferred), or consider extending one of the following types with your repository: org.springframework.data.keyvalue.repository.KeyValueRepository.
02-05 13:36:11.502 INFO  --- [main] [RepositoryConfigurationDelegate]:187 o.s.d.r.config.RepositoryConfigurationDelegate >>> Finished Spring Data repository scanning in 14ms. Found 0 Redis repository interfaces.
02-05 13:36:11.629 WARN  --- [main] [EndpointId]:155 o.springframework.boot.actuate.endpoint.EndpointId >>> Endpoint ID 'service-registry' contains invalid characters, please migrate to a valid format.
02-05 13:36:11.825 INFO  --- [main] [GenericScope]:295 o.springframework.cloud.context.scope.GenericScope >>> BeanFactory id=0711e437-6496-38f1-91a3-9cfdc69267b7
02-05 13:36:11.996 INFO  --- [main] [PostProcessorRegistrationDelegate$BeanPostProcessorChecker]:330 o.s.c.s.PostProcessorRegistrationDelegate$BeanPostProcessorChecker >>> Bean 'org.springframework.transaction.annotation.ProxyTransactionManagementConfiguration' of type [org.springframework.transaction.annotation.ProxyTransactionManagementConfiguration] is not eligible for getting processed by all BeanPostProcessors (for example: not eligible for auto-proxying)
02-05 13:36:12.513 INFO  --- [main] [TomcatWebServer]:92 o.s.boot.web.embedded.tomcat.TomcatWebServer >>> Tomcat initialized with port(s): 10000 (http)
02-05 13:36:12.525 INFO  --- [main] [DirectJDKLog]:173 org.apache.catalina.core.StandardService >>> Starting service [Tomcat]
02-05 13:36:12.525 INFO  --- [main] [DirectJDKLog]:173 org.apache.catalina.core.StandardEngine >>> Starting Servlet engine: [Apache Tomcat/9.0.29]
02-05 13:36:12.639 INFO  --- [main] [DirectJDKLog]:173 o.a.c.core.ContainerBase.[Tomcat].[localhost].[/] >>> Initializing Spring embedded WebApplicationContext
02-05 13:36:12.639 INFO  --- [main] [ServletWebServerApplicationContext]:284 org.springframework.web.context.ContextLoader >>> Root WebApplicationContext: initialization completed in 2843 ms
02-05 13:36:13.477 INFO  --- [main] [AccessCardPersistenceFilter]:97 c.g.security.filter.AccessCardPersistenceFilter >>> init accessCardPersistenceFilter
02-05 13:36:13.573 INFO  --- [main] [LogHelper]:31 org.hibernate.jpa.internal.util.LogHelper >>> HHH000204: Processing PersistenceUnitInfo [name: default]
02-05 13:36:13.649 INFO  --- [main] [Version]:46 org.hibernate.Version >>> HHH000412: Hibernate Core {5.4.9.Final}
02-05 13:36:13.801 INFO  --- [main] [JavaReflectionManager]:49 org.hibernate.annotations.common.Version >>> HCANN000001: Hibernate Commons Annotations {5.1.0.Final}
02-05 13:36:13.908 INFO  --- [main] [HikariDataSource]:110 com.zaxxer.hikari.HikariDataSource >>> HikariPool-1 - Starting...
02-05 13:36:14.067 INFO  --- [main] [HikariDataSource]:123 com.zaxxer.hikari.HikariDataSource >>> HikariPool-1 - Start completed.
02-05 13:36:14.082 INFO  --- [main] [Dialect]:172 org.hibernate.dialect.Dialect >>> HHH000400: Using dialect: org.hibernate.dialect.MySQL57Dialect
02-05 13:36:14.952 INFO  --- [main] [JtaPlatformInitiator]:52 o.h.e.t.jta.platform.internal.JtaPlatformInitiator >>> HHH000490: Using JtaPlatform implementation: [org.hibernate.engine.transaction.jta.platform.internal.NoJtaPlatform]
02-05 13:36:14.961 INFO  --- [main] [AbstractEntityManagerFactoryBean]:416 o.s.orm.jpa.LocalContainerEntityManagerFactoryBean >>> Initialized JPA EntityManagerFactory for persistence unit 'default'
02-05 13:36:15.728 INFO  --- [main] [SecurityAutoConfiguration]:47 c.g.security.config.SecurityAutoConfiguration >>> 启用私钥进行签名############
02-05 13:36:16.115 INFO  --- [main] [SecurityAutoConfiguration]:40 c.g.security.config.SecurityAutoConfiguration >>> 启用公钥解密############
02-05 13:36:16.118 INFO  --- [main] [Oauth2Controller]:47 c.g.cloud.auth.server.controller.Oauth2Controller >>> Oauth2Controller init:{authorization_code=com.gapache.cloud.auth.server.security.impl.AuthorizationCodeGenerateTokenLogic@1fec9d33, client_credentials=com.gapache.cloud.auth.server.security.impl.ClientCredentialsGenerateTokenLogic@372f7bc, password=com.gapache.cloud.auth.server.security.impl.PasswordBaseGenerateTokenLogic@8e8ceb3, refresh_token=com.gapache.cloud.auth.server.security.impl.RefreshTokenGenerateTokenLogic@2699b656}
02-05 13:36:16.384 INFO  --- [main] [DefaultSecurityFilterChain]:43 o.s.security.web.DefaultSecurityFilterChain >>> Creating filter chain: Ant [pattern='/images/**'], []
02-05 13:36:16.385 INFO  --- [main] [DefaultSecurityFilterChain]:43 o.s.security.web.DefaultSecurityFilterChain >>> Creating filter chain: Ant [pattern='/lib/**'], []
02-05 13:36:16.385 INFO  --- [main] [DefaultSecurityFilterChain]:43 o.s.security.web.DefaultSecurityFilterChain >>> Creating filter chain: Ant [pattern='/css/**'], []
02-05 13:36:16.385 INFO  --- [main] [DefaultSecurityFilterChain]:43 o.s.security.web.DefaultSecurityFilterChain >>> Creating filter chain: Ant [pattern='/fonts/**'], []
02-05 13:36:16.385 INFO  --- [main] [DefaultSecurityFilterChain]:43 o.s.security.web.DefaultSecurityFilterChain >>> Creating filter chain: Ant [pattern='/js/**'], []
02-05 13:36:16.385 INFO  --- [main] [DefaultSecurityFilterChain]:43 o.s.security.web.DefaultSecurityFilterChain >>> Creating filter chain: Ant [pattern='/eleTree.js'], []
02-05 13:36:16.386 INFO  --- [main] [DefaultSecurityFilterChain]:43 o.s.security.web.DefaultSecurityFilterChain >>> Creating filter chain: Ant [pattern='/favicon.ico'], []
02-05 13:36:16.386 INFO  --- [main] [DefaultSecurityFilterChain]:43 o.s.security.web.DefaultSecurityFilterChain >>> Creating filter chain: Ant [pattern='/excel/**'], []
02-05 13:36:16.386 INFO  --- [main] [DefaultSecurityFilterChain]:43 o.s.security.web.DefaultSecurityFilterChain >>> Creating filter chain: Ant [pattern='/layui_exts/**'], []
02-05 13:36:16.386 INFO  --- [main] [DefaultSecurityFilterChain]:43 o.s.security.web.DefaultSecurityFilterChain >>> Creating filter chain: Ant [pattern='/layui/**'], []
02-05 13:36:16.434 INFO  --- [main] [DefaultSecurityFilterChain]:43 o.s.security.web.DefaultSecurityFilterChain >>> Creating filter chain: any request, [org.springframework.security.web.context.request.async.WebAsyncManagerIntegrationFilter@2ae88712, org.springframework.security.web.context.SecurityContextPersistenceFilter@51e1e058, org.springframework.security.web.header.HeaderWriterFilter@f5f8de2, org.springframework.security.web.authentication.logout.LogoutFilter@5c78f456, org.springframework.security.web.authentication.UsernamePasswordAuthenticationFilter@64cdc310, org.springframework.security.web.savedrequest.RequestCacheAwareFilter@39c1e7b7, org.springframework.security.web.servletapi.SecurityContextHolderAwareRequestFilter@7fad28ac, org.springframework.security.web.authentication.AnonymousAuthenticationFilter@10508ba6, org.springframework.security.web.session.SessionManagementFilter@490fbeaa, org.springframework.security.web.access.ExceptionTranslationFilter@5f4f6f89, org.springframework.security.web.access.intercept.FilterSecurityInterceptor@6f69e2d8]
02-05 13:36:16.454 INFO  --- [main] [URLConfigurationSource]:126 com.netflix.config.sources.URLConfigurationSource >>> URLs to be used as dynamic configuration source: [file:/Users/husen/develop/codes/mine/big-plan/ac/auth-center-server/target/classes/config.properties]
02-05 13:36:16.461 INFO  --- [main] [URLConfigurationSource]:126 com.netflix.config.sources.URLConfigurationSource >>> URLs to be used as dynamic configuration source: [file:/Users/husen/develop/codes/mine/big-plan/ac/auth-center-server/target/classes/config.properties]
02-05 13:36:16.692 INFO  --- [main] [ExecutorConfigurationSupport]:171 o.s.scheduling.concurrent.ThreadPoolTaskExecutor >>> Initializing ExecutorService 'applicationTaskExecutor'
02-05 13:36:16.904 INFO  --- [main] [ExecutorConfigurationSupport]:171 o.s.scheduling.concurrent.ThreadPoolTaskScheduler >>> Initializing ExecutorService 'Nacso-Watch-Task-Scheduler'
02-05 13:36:17.156 INFO  --- [main] [Version]:41 org.redisson.Version >>> Redisson 3.13.4
02-05 13:36:17.463 INFO  --- [redisson-netty-4-13] [ConnectionPool$1]:167 o.r.connection.pool.MasterPubSubConnectionPool >>> 1 connections initialized for /127.0.0.1:6379
02-05 13:36:17.497 INFO  --- [redisson-netty-4-19] [ConnectionPool$1]:167 org.redisson.connection.pool.MasterConnectionPool >>> 24 connections initialized for /127.0.0.1:6379
02-05 13:36:17.576 INFO  --- [main] [RedissonAutoConfiguration]:48 com.gapache.redis.RedissonAutoConfiguration >>> init redissonClient and DistributedLock success
02-05 13:36:17.584 INFO  --- [main] [AuthResourceServerAutoConfiguration$LocalResourceReporterAutoConfiguration]:165 c.g.s.config.AuthResourceServerAutoConfiguration >>> enable register to self[Auth-Center-Server]
02-05 13:36:17.593 INFO  --- [main] [AuthResourceServerAutoConfiguration$RemotePublicKeyLoaderAutoConfiguration]:183 c.g.s.config.AuthResourceServerAutoConfiguration >>> cloudRestTemplate
02-05 13:36:17.615 INFO  --- [main] [AuthResourceServerAutoConfiguration]:61 c.g.s.config.AuthResourceServerAutoConfiguration >>> auto setting AuthResourceServer's config
02-05 13:36:18.046 INFO  --- [main] [EndpointLinksResolver]:58 o.s.b.actuate.endpoint.web.EndpointLinksResolver >>> Exposing 18 endpoint(s) beneath base path '/actuator'
02-05 13:36:18.182 INFO  --- [main] [AuthCenterServer]:98 com.gapache.cloud.auth.server.AuthCenterServer >>> 1.AuthCenter
02-05 13:36:18.663 INFO  --- [main] [AuthCenterServer]:72 com.gapache.cloud.auth.server.AuthCenterServer >>> husen.$2a$10$PrqxlflfFsblZC98tG5m4OoNrvfy9C/6fN5Th6bKUvdfN4Aqr21/2.我是超级管理员.https://wpimg.wallstcn.com/f778738c-e4f8-4870-b634-56703b4acafe.gif
02-05 13:36:18.769 INFO  --- [main] [TomcatWebServer]:204 o.s.boot.web.embedded.tomcat.TomcatWebServer >>> Tomcat started on port(s): 10000 (http) with context path ''
02-05 13:36:18.921 INFO  --- [main] [NacosServiceRegistry]:65 c.a.cloud.nacos.registry.NacosServiceRegistry >>> nacos registry, DEFAULT_GROUP auth-center-server 192.168.101.65:10000 register finished
02-05 13:36:18.928 INFO  --- [main] [StartupInfoLogger]:61 com.gapache.cloud.auth.server.AuthCenterServer >>> Started AuthCenterServer in 10.306 seconds (JVM running for 11.889)
02-05 13:36:18.933 INFO  --- [main] [AuthResourceServerAutoConfiguration]:66 c.g.s.config.AuthResourceServerAutoConfiguration >>> AuthResourceServerAutoConfiguration listening event:org.springframework.boot.context.event.ApplicationReadyEvent[source=org.springframework.boot.SpringApplication@4d50f682]
02-05 13:36:18.955 INFO  --- [main] [AuthResourceServerAutoConfiguration]:92 c.g.s.config.AuthResourceServerAutoConfiguration >>> find need auth component:client, clientController, com.gapache.cloud.auth.server.controller.ClientController@5810772a
02-05 13:36:18.959 INFO  --- [main] [AuthResourceServerAutoConfiguration]:92 c.g.s.config.AuthResourceServerAutoConfiguration >>> find need auth component:role, roleController, com.gapache.cloud.auth.server.controller.RoleController@6e6f5842
02-05 13:36:18.960 INFO  --- [main] [AuthResourceServerAutoConfiguration]:92 c.g.s.config.AuthResourceServerAutoConfiguration >>> find need auth component:user, userController, com.gapache.cloud.auth.server.controller.UserController@735167e1
02-05 13:36:18.961 INFO  --- [main] [AuthResourceServerAutoConfiguration]:125 c.g.s.config.AuthResourceServerAutoConfiguration >>> $$------AuthResource------AuthResourceDTO(id=null, scope=role:page, name=分页查询角色)
02-05 13:36:18.962 INFO  --- [main] [AuthResourceServerAutoConfiguration]:125 c.g.s.config.AuthResourceServerAutoConfiguration >>> $$------AuthResource------AuthResourceDTO(id=null, scope=role:update, name=更新角色)
02-05 13:36:18.962 INFO  --- [main] [AuthResourceServerAutoConfiguration]:125 c.g.s.config.AuthResourceServerAutoConfiguration >>> $$------AuthResource------AuthResourceDTO(id=null, scope=role:delete, name=删除角色)
02-05 13:36:18.962 INFO  --- [main] [AuthResourceServerAutoConfiguration]:125 c.g.s.config.AuthResourceServerAutoConfiguration >>> $$------AuthResource------AuthResourceDTO(id=null, scope=role:create, name=创建角色)
02-05 13:36:18.962 INFO  --- [main] [AuthResourceServerAutoConfiguration]:125 c.g.s.config.AuthResourceServerAutoConfiguration >>> $$------AuthResource------AuthResourceDTO(id=null, scope=client:findByClientId, name=根据clientId查询client)
02-05 13:36:18.962 INFO  --- [main] [AuthResourceServerAutoConfiguration]:125 c.g.s.config.AuthResourceServerAutoConfiguration >>> $$------AuthResource------AuthResourceDTO(id=null, scope=client:create, name=创建客户端)
02-05 13:36:18.963 INFO  --- [main] [AuthResourceServerAutoConfiguration]:125 c.g.s.config.AuthResourceServerAutoConfiguration >>> $$------AuthResource------AuthResourceDTO(id=null, scope=client:bindUser, name=绑定用户到客户端)
02-05 13:36:18.963 INFO  --- [main] [AuthResourceServerAutoConfiguration]:125 c.g.s.config.AuthResourceServerAutoConfiguration >>> $$------AuthResource------AuthResourceDTO(id=null, scope=user:setUserRole, name=设置用户角色)
02-05 13:36:18.963 INFO  --- [main] [AuthResourceServerAutoConfiguration]:125 c.g.s.config.AuthResourceServerAutoConfiguration >>> $$------AuthResource------AuthResourceDTO(id=null, scope=user:create, name=创建用户)
02-05 13:36:18.972 INFO  --- [main] [ResourceServiceImpl]:52 c.g.c.auth.server.service.impl.ResourceServiceImpl >>> receiveReportData:{"authResources":[{"name":"分页查询角色","scope":"role:page"},{"name":"更新角色","scope":"role:update"},{"name":"删除角色","scope":"role:delete"},{"name":"创建角色","scope":"role:create"},{"name":"根据clientId查询client","scope":"client:findByClientId"},{"name":"创建客户端","scope":"client:create"},{"name":"绑定用户到客户端","scope":"client:bindUser"},{"name":"设置用户角色","scope":"user:setUserRole"},{"name":"创建用户","scope":"user:create"}],"clientId":"husen19950528201314lq19980824","resourceServerName":"AuthCenter"}
02-05 13:36:19.020 INFO  --- [main] [ResourceServiceImpl]:110 c.g.c.auth.server.service.impl.ResourceServiceImpl >>> receiveReportData delete:[]
02-05 13:36:19.023 INFO  --- [main] [ResourceServiceImpl]:113 c.g.c.auth.server.service.impl.ResourceServiceImpl >>> receiveReportData update:[]
02-05 13:36:19.025 INFO  --- [main] [ResourceServiceImpl]:115 c.g.c.auth.server.service.impl.ResourceServiceImpl >>> receiveReportData add:[]
02-05 13:36:19.034 INFO  --- [main] [AuthResourceServerAutoConfiguration]:134 c.g.s.config.AuthResourceServerAutoConfiguration >>> reporting resource finish, result:true, cost time:0ms
02-05 13:36:19.467 INFO  --- [RMI TCP Connection(3)-127.0.0.1] [DirectJDKLog]:173 o.a.c.core.ContainerBase.[Tomcat].[localhost].[/] >>> Initializing Spring DispatcherServlet 'dispatcherServlet'
02-05 13:36:19.467 INFO  --- [RMI TCP Connection(3)-127.0.0.1] [FrameworkServlet]:525 org.springframework.web.servlet.DispatcherServlet >>> Initializing Servlet 'dispatcherServlet'
02-05 13:36:19.483 INFO  --- [RMI TCP Connection(3)-127.0.0.1] [FrameworkServlet]:547 org.springframework.web.servlet.DispatcherServlet >>> Completed initialization in 16 ms
02-05 13:36:19.660 INFO  --- [boundedElastic-1] [EpollProvider]:68 io.lettuce.core.EpollProvider >>> Starting without optional epoll library
02-05 13:36:19.663 INFO  --- [boundedElastic-1] [KqueueProvider]:70 io.lettuce.core.KqueueProvider >>> Starting without optional kqueue library
02-05 13:37:44.218 INFO  --- [http-nio-10000-exec-1] [ResourceServiceImpl]:52 c.g.c.auth.server.service.impl.ResourceServiceImpl >>> receiveReportData:{"authResources":[{"name":"分页查询基金净值","scope":"FundNetWorth:page"},{"name":"检查通行证","scope":"Test:checkAccessCard"},{"name":"上传交易数据","scope":"Transaction:upload"},{"name":"分页查询交易数据","scope":"Transaction:page"},{"name":"加载基金数据","scope":"Fund:loadData"},{"name":"基金加入持有","scope":"Fund:joinHold"},{"name":"基金查询持有","scope":"Fund:queryHold"},{"name":"加入自选","scope":"Fund:joinOptional"},{"name":"查询自选","scope":"Fund:queryOptional"},{"name":"添加基金","scope":"Fund:add"},{"name":"分页查询基金","scope":"Fund:page"}],"clientId":"money123456money","resourceServerName":"MoneyManagement"}
02-05 13:37:44.241 INFO  --- [http-nio-10000-exec-1] [ResourceServiceImpl]:110 c.g.c.auth.server.service.impl.ResourceServiceImpl >>> receiveReportData delete:[]
02-05 13:37:44.242 INFO  --- [http-nio-10000-exec-1] [ResourceServiceImpl]:113 c.g.c.auth.server.service.impl.ResourceServiceImpl >>> receiveReportData update:[]
02-05 13:37:44.242 INFO  --- [http-nio-10000-exec-1] [ResourceServiceImpl]:115 c.g.c.auth.server.service.impl.ResourceServiceImpl >>> receiveReportData add:[]
02-05 13:50:42.419 INFO  --- [http-nio-10000-exec-3] [ResourceServiceImpl]:52 c.g.c.auth.server.service.impl.ResourceServiceImpl >>> receiveReportData:{"authResources":[{"name":"分页查询基金净值","scope":"FundNetWorth:page"},{"name":"检查通行证","scope":"Test:checkAccessCard"},{"name":"分页查询交易数据","scope":"Transaction:page"},{"name":"上传交易数据","scope":"Transaction:upload"},{"name":"分页查询基金","scope":"Fund:page"},{"name":"加载基金数据","scope":"Fund:loadData"},{"name":"基金加入持有","scope":"Fund:joinHold"},{"name":"基金查询持有","scope":"Fund:queryHold"},{"name":"加入自选","scope":"Fund:joinOptional"},{"name":"查询自选","scope":"Fund:queryOptional"},{"name":"添加基金","scope":"Fund:add"}],"clientId":"money123456money","resourceServerName":"MoneyManagement"}
02-05 13:50:42.534 INFO  --- [http-nio-10000-exec-3] [ResourceServiceImpl]:110 c.g.c.auth.server.service.impl.ResourceServiceImpl >>> receiveReportData delete:[]
02-05 13:50:42.543 INFO  --- [http-nio-10000-exec-3] [ResourceServiceImpl]:113 c.g.c.auth.server.service.impl.ResourceServiceImpl >>> receiveReportData update:[]
02-05 13:50:42.549 INFO  --- [http-nio-10000-exec-3] [ResourceServiceImpl]:115 c.g.c.auth.server.service.impl.ResourceServiceImpl >>> receiveReportData add:[]
02-05 13:58:31.727 INFO  --- [http-nio-10000-exec-4] [ResourceServiceImpl]:52 c.g.c.auth.server.service.impl.ResourceServiceImpl >>> receiveReportData:{"authResources":[{"name":"分页查询基金净值","scope":"FundNetWorth:page"},{"name":"检查通行证","scope":"Test:checkAccessCard"},{"name":"上传交易数据","scope":"Transaction:upload"},{"name":"分页查询交易数据","scope":"Transaction:page"},{"name":"加入自选","scope":"Fund:joinOptional"},{"name":"查询自选","scope":"Fund:queryOptional"},{"name":"基金加入持有","scope":"Fund:joinHold"},{"name":"加载基金数据","scope":"Fund:loadData"},{"name":"基金查询持有","scope":"Fund:queryHold"},{"name":"分页查询基金","scope":"Fund:page"},{"name":"添加基金","scope":"Fund:add"}],"clientId":"money123456money","resourceServerName":"MoneyManagement"}
02-05 13:58:31.744 INFO  --- [http-nio-10000-exec-4] [ResourceServiceImpl]:110 c.g.c.auth.server.service.impl.ResourceServiceImpl >>> receiveReportData delete:[]
02-05 13:58:31.745 INFO  --- [http-nio-10000-exec-4] [ResourceServiceImpl]:113 c.g.c.auth.server.service.impl.ResourceServiceImpl >>> receiveReportData update:[]
02-05 13:58:31.745 INFO  --- [http-nio-10000-exec-4] [ResourceServiceImpl]:115 c.g.c.auth.server.service.impl.ResourceServiceImpl >>> receiveReportData add:[]
02-05 14:03:16.658 INFO  --- [http-nio-10000-exec-6] [ResourceServiceImpl]:52 c.g.c.auth.server.service.impl.ResourceServiceImpl >>> receiveReportData:{"authResources":[{"name":"分页查询基金净值","scope":"FundNetWorth:page"},{"name":"检查通行证","scope":"Test:checkAccessCard"},{"name":"分页查询交易数据","scope":"Transaction:page"},{"name":"上传交易数据","scope":"Transaction:upload"},{"name":"分页查询基金","scope":"Fund:page"},{"name":"添加基金","scope":"Fund:add"},{"name":"基金加入持有","scope":"Fund:joinHold"},{"name":"加载基金数据","scope":"Fund:loadData"},{"name":"基金查询持有","scope":"Fund:queryHold"},{"name":"加入自选","scope":"Fund:joinOptional"},{"name":"查询自选","scope":"Fund:queryOptional"}],"clientId":"money123456money","resourceServerName":"MoneyManagement"}
02-05 14:03:16.675 INFO  --- [http-nio-10000-exec-6] [ResourceServiceImpl]:110 c.g.c.auth.server.service.impl.ResourceServiceImpl >>> receiveReportData delete:[]
02-05 14:03:16.676 INFO  --- [http-nio-10000-exec-6] [ResourceServiceImpl]:113 c.g.c.auth.server.service.impl.ResourceServiceImpl >>> receiveReportData update:[]
02-05 14:03:16.676 INFO  --- [http-nio-10000-exec-6] [ResourceServiceImpl]:115 c.g.c.auth.server.service.impl.ResourceServiceImpl >>> receiveReportData add:[]
02-05 14:04:35.049 INFO  --- [http-nio-10000-exec-8] [ResourceServiceImpl]:52 c.g.c.auth.server.service.impl.ResourceServiceImpl >>> receiveReportData:{"authResources":[{"name":"分页查询基金净值","scope":"FundNetWorth:page"},{"name":"检查通行证","scope":"Test:checkAccessCard"},{"name":"分页查询交易数据","scope":"Transaction:page"},{"name":"上传交易数据","scope":"Transaction:upload"},{"name":"分页查询基金","scope":"Fund:page"},{"name":"添加基金","scope":"Fund:add"},{"name":"加载基金数据","scope":"Fund:loadData"},{"name":"基金加入持有","scope":"Fund:joinHold"},{"name":"基金查询持有","scope":"Fund:queryHold"},{"name":"加入自选","scope":"Fund:joinOptional"},{"name":"查询自选","scope":"Fund:queryOptional"}],"clientId":"money123456money","resourceServerName":"MoneyManagement"}
02-05 14:04:35.064 INFO  --- [http-nio-10000-exec-8] [ResourceServiceImpl]:110 c.g.c.auth.server.service.impl.ResourceServiceImpl >>> receiveReportData delete:[]
02-05 14:04:35.065 INFO  --- [http-nio-10000-exec-8] [ResourceServiceImpl]:113 c.g.c.auth.server.service.impl.ResourceServiceImpl >>> receiveReportData update:[]
02-05 14:04:35.066 INFO  --- [http-nio-10000-exec-8] [ResourceServiceImpl]:115 c.g.c.auth.server.service.impl.ResourceServiceImpl >>> receiveReportData add:[]
02-05 14:11:13.825 INFO  --- [http-nio-10000-exec-10] [ResourceServiceImpl]:52 c.g.c.auth.server.service.impl.ResourceServiceImpl >>> receiveReportData:{"authResources":[{"name":"分页查询基金净值","scope":"FundNetWorth:page"},{"name":"检查通行证","scope":"Test:checkAccessCard"},{"name":"上传交易数据","scope":"Transaction:upload"},{"name":"分页查询交易数据","scope":"Transaction:page"},{"name":"添加基金","scope":"Fund:add"},{"name":"加载基金数据","scope":"Fund:loadData"},{"name":"分页查询基金","scope":"Fund:page"},{"name":"基金加入持有","scope":"Fund:joinHold"},{"name":"基金查询持有","scope":"Fund:queryHold"},{"name":"加入自选","scope":"Fund:joinOptional"},{"name":"查询自选","scope":"Fund:queryOptional"}],"clientId":"money123456money","resourceServerName":"MoneyManagement"}
02-05 14:11:13.852 INFO  --- [http-nio-10000-exec-10] [ResourceServiceImpl]:110 c.g.c.auth.server.service.impl.ResourceServiceImpl >>> receiveReportData delete:[]
02-05 14:11:13.853 INFO  --- [http-nio-10000-exec-10] [ResourceServiceImpl]:113 c.g.c.auth.server.service.impl.ResourceServiceImpl >>> receiveReportData update:[]
02-05 14:11:13.854 INFO  --- [http-nio-10000-exec-10] [ResourceServiceImpl]:115 c.g.c.auth.server.service.impl.ResourceServiceImpl >>> receiveReportData add:[]
02-05 14:15:05.574 INFO  --- [http-nio-10000-exec-2] [ResourceServiceImpl]:52 c.g.c.auth.server.service.impl.ResourceServiceImpl >>> receiveReportData:{"authResources":[{"name":"分页查询基金净值","scope":"FundNetWorth:page"},{"name":"检查通行证","scope":"Test:checkAccessCard"},{"name":"分页查询交易数据","scope":"Transaction:page"},{"name":"上传交易数据","scope":"Transaction:upload"},{"name":"分页查询基金","scope":"Fund:page"},{"name":"加载基金数据","scope":"Fund:loadData"},{"name":"基金加入持有","scope":"Fund:joinHold"},{"name":"基金查询持有","scope":"Fund:queryHold"},{"name":"加入自选","scope":"Fund:joinOptional"},{"name":"查询自选","scope":"Fund:queryOptional"},{"name":"添加基金","scope":"Fund:add"}],"clientId":"money123456money","resourceServerName":"MoneyManagement"}
02-05 14:15:05.590 INFO  --- [http-nio-10000-exec-2] [ResourceServiceImpl]:110 c.g.c.auth.server.service.impl.ResourceServiceImpl >>> receiveReportData delete:[]
02-05 14:15:05.593 INFO  --- [http-nio-10000-exec-2] [ResourceServiceImpl]:113 c.g.c.auth.server.service.impl.ResourceServiceImpl >>> receiveReportData update:[]
02-05 14:15:05.594 INFO  --- [http-nio-10000-exec-2] [ResourceServiceImpl]:115 c.g.c.auth.server.service.impl.ResourceServiceImpl >>> receiveReportData add:[]
02-05 14:18:31.717 INFO  --- [SpringContextShutdownHook] [ExecutorConfigurationSupport]:208 o.s.scheduling.concurrent.ThreadPoolTaskScheduler >>> Shutting down ExecutorService 'Nacso-Watch-Task-Scheduler'
02-05 14:18:31.887 INFO  --- [SpringContextShutdownHook] [NacosServiceRegistry]:80 c.a.cloud.nacos.registry.NacosServiceRegistry >>> De-registering from Nacos Server now...
02-05 14:18:31.897 INFO  --- [SpringContextShutdownHook] [NacosServiceRegistry]:100 c.a.cloud.nacos.registry.NacosServiceRegistry >>> De-registration finished.
02-05 14:18:31.900 INFO  --- [SpringContextShutdownHook] [ExecutorConfigurationSupport]:208 o.s.scheduling.concurrent.ThreadPoolTaskExecutor >>> Shutting down ExecutorService 'applicationTaskExecutor'
02-05 14:18:31.916 INFO  --- [SpringContextShutdownHook] [AbstractEntityManagerFactoryBean]:598 o.s.orm.jpa.LocalContainerEntityManagerFactoryBean >>> Closing JPA EntityManagerFactory for persistence unit 'default'
02-05 14:18:32.050 INFO  --- [SpringContextShutdownHook] [HikariDataSource]:350 com.zaxxer.hikari.HikariDataSource >>> HikariPool-1 - Shutdown initiated...
02-05 14:18:32.059 INFO  --- [SpringContextShutdownHook] [HikariDataSource]:352 com.zaxxer.hikari.HikariDataSource >>> HikariPool-1 - Shutdown completed.
02-05 14:18:32.079 INFO  --- [SpringContextShutdownHook] [AccessCardPersistenceFilter]:102 c.g.security.filter.AccessCardPersistenceFilter >>> destroy accessCardPersistenceFilter
02-05 14:33:44.199 INFO  --- [main] [SpringApplication]:651 com.gapache.cloud.auth.server.AuthCenterServer >>> No active profile set, falling back to default profiles: default
02-05 14:33:45.424 WARN  --- [main] [EndpointId]:155 o.springframework.boot.actuate.endpoint.EndpointId >>> Endpoint ID 'nacos-discovery' contains invalid characters, please migrate to a valid format.
02-05 14:33:45.803 INFO  --- [main] [RepositoryConfigurationDelegate]:249 o.s.d.r.config.RepositoryConfigurationDelegate >>> Multiple Spring Data modules found, entering strict repository configuration mode!
02-05 14:33:45.803 INFO  --- [main] [RepositoryConfigurationDelegate]:127 o.s.d.r.config.RepositoryConfigurationDelegate >>> Bootstrapping Spring Data JPA repositories in DEFAULT mode.
02-05 14:33:45.972 INFO  --- [main] [RepositoryConfigurationDelegate]:187 o.s.d.r.config.RepositoryConfigurationDelegate >>> Finished Spring Data repository scanning in 158ms. Found 9 JPA repository interfaces.
02-05 14:33:45.994 INFO  --- [main] [RepositoryConfigurationDelegate]:249 o.s.d.r.config.RepositoryConfigurationDelegate >>> Multiple Spring Data modules found, entering strict repository configuration mode!
02-05 14:33:45.996 INFO  --- [main] [RepositoryConfigurationDelegate]:127 o.s.d.r.config.RepositoryConfigurationDelegate >>> Bootstrapping Spring Data Redis repositories in DEFAULT mode.
02-05 14:33:46.019 INFO  --- [main] [RepositoryConfigurationExtensionSupport]:348 o.s.d.r.c.RepositoryConfigurationExtensionSupport >>> Spring Data Redis - Could not safely identify store assignment for repository candidate interface com.gapache.cloud.auth.server.dao.repository.client.ClientRepository. If you want this repository to be a Redis repository, consider annotating your entities with one of these annotations: org.springframework.data.redis.core.RedisHash (preferred), or consider extending one of the following types with your repository: org.springframework.data.keyvalue.repository.KeyValueRepository.
02-05 14:33:46.020 INFO  --- [main] [RepositoryConfigurationExtensionSupport]:348 o.s.d.r.c.RepositoryConfigurationExtensionSupport >>> Spring Data Redis - Could not safely identify store assignment for repository candidate interface com.gapache.cloud.auth.server.dao.repository.resource.ResourceRepository. If you want this repository to be a Redis repository, consider annotating your entities with one of these annotations: org.springframework.data.redis.core.RedisHash (preferred), or consider extending one of the following types with your repository: org.springframework.data.keyvalue.repository.KeyValueRepository.
02-05 14:33:46.020 INFO  --- [main] [RepositoryConfigurationExtensionSupport]:348 o.s.d.r.c.RepositoryConfigurationExtensionSupport >>> Spring Data Redis - Could not safely identify store assignment for repository candidate interface com.gapache.cloud.auth.server.dao.repository.resource.ResourceServerRepository. If you want this repository to be a Redis repository, consider annotating your entities with one of these annotations: org.springframework.data.redis.core.RedisHash (preferred), or consider extending one of the following types with your repository: org.springframework.data.keyvalue.repository.KeyValueRepository.
02-05 14:33:46.021 INFO  --- [main] [RepositoryConfigurationExtensionSupport]:348 o.s.d.r.c.RepositoryConfigurationExtensionSupport >>> Spring Data Redis - Could not safely identify store assignment for repository candidate interface com.gapache.cloud.auth.server.dao.repository.user.PermissionRepository. If you want this repository to be a Redis repository, consider annotating your entities with one of these annotations: org.springframework.data.redis.core.RedisHash (preferred), or consider extending one of the following types with your repository: org.springframework.data.keyvalue.repository.KeyValueRepository.
02-05 14:33:46.022 INFO  --- [main] [RepositoryConfigurationExtensionSupport]:348 o.s.d.r.c.RepositoryConfigurationExtensionSupport >>> Spring Data Redis - Could not safely identify store assignment for repository candidate interface com.gapache.cloud.auth.server.dao.repository.user.RolePermissionRepository. If you want this repository to be a Redis repository, consider annotating your entities with one of these annotations: org.springframework.data.redis.core.RedisHash (preferred), or consider extending one of the following types with your repository: org.springframework.data.keyvalue.repository.KeyValueRepository.
02-05 14:33:46.023 INFO  --- [main] [RepositoryConfigurationExtensionSupport]:348 o.s.d.r.c.RepositoryConfigurationExtensionSupport >>> Spring Data Redis - Could not safely identify store assignment for repository candidate interface com.gapache.cloud.auth.server.dao.repository.user.RoleRepository. If you want this repository to be a Redis repository, consider annotating your entities with one of these annotations: org.springframework.data.redis.core.RedisHash (preferred), or consider extending one of the following types with your repository: org.springframework.data.keyvalue.repository.KeyValueRepository.
02-05 14:33:46.023 INFO  --- [main] [RepositoryConfigurationExtensionSupport]:348 o.s.d.r.c.RepositoryConfigurationExtensionSupport >>> Spring Data Redis - Could not safely identify store assignment for repository candidate interface com.gapache.cloud.auth.server.dao.repository.user.UserClientRelationRepository. If you want this repository to be a Redis repository, consider annotating your entities with one of these annotations: org.springframework.data.redis.core.RedisHash (preferred), or consider extending one of the following types with your repository: org.springframework.data.keyvalue.repository.KeyValueRepository.
02-05 14:33:46.025 INFO  --- [main] [RepositoryConfigurationExtensionSupport]:348 o.s.d.r.c.RepositoryConfigurationExtensionSupport >>> Spring Data Redis - Could not safely identify store assignment for repository candidate interface com.gapache.cloud.auth.server.dao.repository.user.UserRepository. If you want this repository to be a Redis repository, consider annotating your entities with one of these annotations: org.springframework.data.redis.core.RedisHash (preferred), or consider extending one of the following types with your repository: org.springframework.data.keyvalue.repository.KeyValueRepository.
02-05 14:33:46.025 INFO  --- [main] [RepositoryConfigurationExtensionSupport]:348 o.s.d.r.c.RepositoryConfigurationExtensionSupport >>> Spring Data Redis - Could not safely identify store assignment for repository candidate interface com.gapache.cloud.auth.server.dao.repository.user.UserRoleRepository. If you want this repository to be a Redis repository, consider annotating your entities with one of these annotations: org.springframework.data.redis.core.RedisHash (preferred), or consider extending one of the following types with your repository: org.springframework.data.keyvalue.repository.KeyValueRepository.
02-05 14:33:46.026 INFO  --- [main] [RepositoryConfigurationDelegate]:187 o.s.d.r.config.RepositoryConfigurationDelegate >>> Finished Spring Data repository scanning in 18ms. Found 0 Redis repository interfaces.
02-05 14:33:46.139 WARN  --- [main] [EndpointId]:155 o.springframework.boot.actuate.endpoint.EndpointId >>> Endpoint ID 'service-registry' contains invalid characters, please migrate to a valid format.
02-05 14:33:46.355 INFO  --- [main] [GenericScope]:295 o.springframework.cloud.context.scope.GenericScope >>> BeanFactory id=0711e437-6496-38f1-91a3-9cfdc69267b7
02-05 14:33:46.566 INFO  --- [main] [PostProcessorRegistrationDelegate$BeanPostProcessorChecker]:330 o.s.c.s.PostProcessorRegistrationDelegate$BeanPostProcessorChecker >>> Bean 'org.springframework.transaction.annotation.ProxyTransactionManagementConfiguration' of type [org.springframework.transaction.annotation.ProxyTransactionManagementConfiguration] is not eligible for getting processed by all BeanPostProcessors (for example: not eligible for auto-proxying)
02-05 14:33:47.173 INFO  --- [main] [TomcatWebServer]:92 o.s.boot.web.embedded.tomcat.TomcatWebServer >>> Tomcat initialized with port(s): 10000 (http)
02-05 14:33:47.186 INFO  --- [main] [DirectJDKLog]:173 org.apache.catalina.core.StandardService >>> Starting service [Tomcat]
02-05 14:33:47.186 INFO  --- [main] [DirectJDKLog]:173 org.apache.catalina.core.StandardEngine >>> Starting Servlet engine: [Apache Tomcat/9.0.29]
02-05 14:33:47.308 INFO  --- [main] [DirectJDKLog]:173 o.a.c.core.ContainerBase.[Tomcat].[localhost].[/] >>> Initializing Spring embedded WebApplicationContext
02-05 14:33:47.309 INFO  --- [main] [ServletWebServerApplicationContext]:284 org.springframework.web.context.ContextLoader >>> Root WebApplicationContext: initialization completed in 3087 ms
02-05 14:33:48.344 INFO  --- [main] [AccessCardPersistenceFilter]:97 c.g.security.filter.AccessCardPersistenceFilter >>> init accessCardPersistenceFilter
02-05 14:33:48.470 INFO  --- [main] [LogHelper]:31 org.hibernate.jpa.internal.util.LogHelper >>> HHH000204: Processing PersistenceUnitInfo [name: default]
02-05 14:33:48.577 INFO  --- [main] [Version]:46 org.hibernate.Version >>> HHH000412: Hibernate Core {5.4.9.Final}
02-05 14:33:48.757 INFO  --- [main] [JavaReflectionManager]:49 org.hibernate.annotations.common.Version >>> HCANN000001: Hibernate Commons Annotations {5.1.0.Final}
02-05 14:33:48.875 INFO  --- [main] [HikariDataSource]:110 com.zaxxer.hikari.HikariDataSource >>> HikariPool-1 - Starting...
02-05 14:33:49.029 INFO  --- [main] [HikariDataSource]:123 com.zaxxer.hikari.HikariDataSource >>> HikariPool-1 - Start completed.
02-05 14:33:49.044 INFO  --- [main] [Dialect]:172 org.hibernate.dialect.Dialect >>> HHH000400: Using dialect: org.hibernate.dialect.MySQL57Dialect
02-05 14:33:50.511 INFO  --- [main] [JtaPlatformInitiator]:52 o.h.e.t.jta.platform.internal.JtaPlatformInitiator >>> HHH000490: Using JtaPlatform implementation: [org.hibernate.engine.transaction.jta.platform.internal.NoJtaPlatform]
02-05 14:33:50.528 INFO  --- [main] [AbstractEntityManagerFactoryBean]:416 o.s.orm.jpa.LocalContainerEntityManagerFactoryBean >>> Initialized JPA EntityManagerFactory for persistence unit 'default'
02-05 14:33:51.468 INFO  --- [main] [SecurityAutoConfiguration]:47 c.g.security.config.SecurityAutoConfiguration >>> 启用私钥进行签名############
02-05 14:33:52.274 INFO  --- [main] [SecurityAutoConfiguration]:40 c.g.security.config.SecurityAutoConfiguration >>> 启用公钥解密############
02-05 14:33:52.280 INFO  --- [main] [Oauth2Controller]:47 c.g.cloud.auth.server.controller.Oauth2Controller >>> Oauth2Controller init:{authorization_code=com.gapache.cloud.auth.server.security.impl.AuthorizationCodeGenerateTokenLogic@31a4db4f, client_credentials=com.gapache.cloud.auth.server.security.impl.ClientCredentialsGenerateTokenLogic@2842ef02, password=com.gapache.cloud.auth.server.security.impl.PasswordBaseGenerateTokenLogic@7e63374b, refresh_token=com.gapache.cloud.auth.server.security.impl.RefreshTokenGenerateTokenLogic@aa794a3}
02-05 14:33:52.814 INFO  --- [main] [DefaultSecurityFilterChain]:43 o.s.security.web.DefaultSecurityFilterChain >>> Creating filter chain: Ant [pattern='/images/**'], []
02-05 14:33:52.814 INFO  --- [main] [DefaultSecurityFilterChain]:43 o.s.security.web.DefaultSecurityFilterChain >>> Creating filter chain: Ant [pattern='/lib/**'], []
02-05 14:33:52.815 INFO  --- [main] [DefaultSecurityFilterChain]:43 o.s.security.web.DefaultSecurityFilterChain >>> Creating filter chain: Ant [pattern='/css/**'], []
02-05 14:33:52.815 INFO  --- [main] [DefaultSecurityFilterChain]:43 o.s.security.web.DefaultSecurityFilterChain >>> Creating filter chain: Ant [pattern='/fonts/**'], []
02-05 14:33:52.815 INFO  --- [main] [DefaultSecurityFilterChain]:43 o.s.security.web.DefaultSecurityFilterChain >>> Creating filter chain: Ant [pattern='/js/**'], []
02-05 14:33:52.816 INFO  --- [main] [DefaultSecurityFilterChain]:43 o.s.security.web.DefaultSecurityFilterChain >>> Creating filter chain: Ant [pattern='/eleTree.js'], []
02-05 14:33:52.816 INFO  --- [main] [DefaultSecurityFilterChain]:43 o.s.security.web.DefaultSecurityFilterChain >>> Creating filter chain: Ant [pattern='/favicon.ico'], []
02-05 14:33:52.817 INFO  --- [main] [DefaultSecurityFilterChain]:43 o.s.security.web.DefaultSecurityFilterChain >>> Creating filter chain: Ant [pattern='/excel/**'], []
02-05 14:33:52.818 INFO  --- [main] [DefaultSecurityFilterChain]:43 o.s.security.web.DefaultSecurityFilterChain >>> Creating filter chain: Ant [pattern='/layui_exts/**'], []
02-05 14:33:52.818 INFO  --- [main] [DefaultSecurityFilterChain]:43 o.s.security.web.DefaultSecurityFilterChain >>> Creating filter chain: Ant [pattern='/layui/**'], []
02-05 14:33:52.958 INFO  --- [main] [DefaultSecurityFilterChain]:43 o.s.security.web.DefaultSecurityFilterChain >>> Creating filter chain: any request, [org.springframework.security.web.context.request.async.WebAsyncManagerIntegrationFilter@744db9fb, org.springframework.security.web.context.SecurityContextPersistenceFilter@77988c45, org.springframework.security.web.header.HeaderWriterFilter@738ed8f5, org.springframework.security.web.authentication.logout.LogoutFilter@49f41c2e, org.springframework.security.web.authentication.UsernamePasswordAuthenticationFilter@7535307c, org.springframework.security.web.savedrequest.RequestCacheAwareFilter@234bfc8c, org.springframework.security.web.servletapi.SecurityContextHolderAwareRequestFilter@677c2820, org.springframework.security.web.authentication.AnonymousAuthenticationFilter@59043741, org.springframework.security.web.session.SessionManagementFilter@7c45191e, org.springframework.security.web.access.ExceptionTranslationFilter@38874eb5, org.springframework.security.web.access.intercept.FilterSecurityInterceptor@45017263]
02-05 14:33:52.992 INFO  --- [main] [URLConfigurationSource]:126 com.netflix.config.sources.URLConfigurationSource >>> URLs to be used as dynamic configuration source: [file:/Users/husen/develop/codes/mine/big-plan/ac/auth-center-server/target/classes/config.properties]
02-05 14:33:53.005 INFO  --- [main] [URLConfigurationSource]:126 com.netflix.config.sources.URLConfigurationSource >>> URLs to be used as dynamic configuration source: [file:/Users/husen/develop/codes/mine/big-plan/ac/auth-center-server/target/classes/config.properties]
02-05 14:33:53.412 INFO  --- [main] [ExecutorConfigurationSupport]:171 o.s.scheduling.concurrent.ThreadPoolTaskExecutor >>> Initializing ExecutorService 'applicationTaskExecutor'
02-05 14:33:53.737 INFO  --- [main] [ExecutorConfigurationSupport]:171 o.s.scheduling.concurrent.ThreadPoolTaskScheduler >>> Initializing ExecutorService 'Nacso-Watch-Task-Scheduler'
02-05 14:33:54.072 INFO  --- [main] [Version]:41 org.redisson.Version >>> Redisson 3.13.4
02-05 14:33:54.498 INFO  --- [redisson-netty-4-16] [ConnectionPool$1]:167 o.r.connection.pool.MasterPubSubConnectionPool >>> 1 connections initialized for /127.0.0.1:6379
02-05 14:33:54.530 INFO  --- [redisson-netty-4-18] [ConnectionPool$1]:167 org.redisson.connection.pool.MasterConnectionPool >>> 24 connections initialized for /127.0.0.1:6379
02-05 14:33:54.637 INFO  --- [main] [RedissonAutoConfiguration]:48 com.gapache.redis.RedissonAutoConfiguration >>> init redissonClient and DistributedLock success
02-05 14:33:54.650 INFO  --- [main] [AuthResourceServerAutoConfiguration$LocalResourceReporterAutoConfiguration]:165 c.g.s.config.AuthResourceServerAutoConfiguration >>> enable register to self[Auth-Center-Server]
02-05 14:33:54.663 INFO  --- [main] [AuthResourceServerAutoConfiguration$RemotePublicKeyLoaderAutoConfiguration]:183 c.g.s.config.AuthResourceServerAutoConfiguration >>> cloudRestTemplate
02-05 14:33:54.696 INFO  --- [main] [AuthResourceServerAutoConfiguration]:61 c.g.s.config.AuthResourceServerAutoConfiguration >>> auto setting AuthResourceServer's config
02-05 14:33:55.199 INFO  --- [main] [EndpointLinksResolver]:58 o.s.b.actuate.endpoint.web.EndpointLinksResolver >>> Exposing 18 endpoint(s) beneath base path '/actuator'
02-05 14:33:55.437 INFO  --- [main] [AuthCenterServer]:98 com.gapache.cloud.auth.server.AuthCenterServer >>> 1.AuthCenter
02-05 14:33:55.904 INFO  --- [main] [AuthCenterServer]:72 com.gapache.cloud.auth.server.AuthCenterServer >>> husen.$2a$10$8jTdTEM3yyU1i5CF1eMXJO5ONn4n3n.NOPI/bqapu6062eF4fMUla.我是超级管理员.https://wpimg.wallstcn.com/f778738c-e4f8-4870-b634-56703b4acafe.gif
02-05 14:33:56.009 INFO  --- [main] [TomcatWebServer]:204 o.s.boot.web.embedded.tomcat.TomcatWebServer >>> Tomcat started on port(s): 10000 (http) with context path ''
02-05 14:33:56.154 INFO  --- [main] [NacosServiceRegistry]:65 c.a.cloud.nacos.registry.NacosServiceRegistry >>> nacos registry, DEFAULT_GROUP auth-center-server 192.168.101.65:10000 register finished
02-05 14:33:56.160 INFO  --- [main] [StartupInfoLogger]:61 com.gapache.cloud.auth.server.AuthCenterServer >>> Started AuthCenterServer in 13.466 seconds (JVM running for 14.867)
02-05 14:33:56.165 INFO  --- [main] [AuthResourceServerAutoConfiguration]:66 c.g.s.config.AuthResourceServerAutoConfiguration >>> AuthResourceServerAutoConfiguration listening event:org.springframework.boot.context.event.ApplicationReadyEvent[source=org.springframework.boot.SpringApplication@69860811]
02-05 14:33:56.195 INFO  --- [main] [AuthResourceServerAutoConfiguration]:92 c.g.s.config.AuthResourceServerAutoConfiguration >>> find need auth component:client, clientController, com.gapache.cloud.auth.server.controller.ClientController@5feff876
02-05 14:33:56.198 INFO  --- [main] [AuthResourceServerAutoConfiguration]:92 c.g.s.config.AuthResourceServerAutoConfiguration >>> find need auth component:role, roleController, com.gapache.cloud.auth.server.controller.RoleController@5dfec221
02-05 14:33:56.199 INFO  --- [main] [AuthResourceServerAutoConfiguration]:92 c.g.s.config.AuthResourceServerAutoConfiguration >>> find need auth component:user, userController, com.gapache.cloud.auth.server.controller.UserController@7978550b
02-05 14:33:56.201 INFO  --- [main] [AuthResourceServerAutoConfiguration]:125 c.g.s.config.AuthResourceServerAutoConfiguration >>> $$------AuthResource------AuthResourceDTO(id=null, scope=role:page, name=分页查询角色)
02-05 14:33:56.201 INFO  --- [main] [AuthResourceServerAutoConfiguration]:125 c.g.s.config.AuthResourceServerAutoConfiguration >>> $$------AuthResource------AuthResourceDTO(id=null, scope=role:update, name=更新角色)
02-05 14:33:56.201 INFO  --- [main] [AuthResourceServerAutoConfiguration]:125 c.g.s.config.AuthResourceServerAutoConfiguration >>> $$------AuthResource------AuthResourceDTO(id=null, scope=role:delete, name=删除角色)
02-05 14:33:56.201 INFO  --- [main] [AuthResourceServerAutoConfiguration]:125 c.g.s.config.AuthResourceServerAutoConfiguration >>> $$------AuthResource------AuthResourceDTO(id=null, scope=role:create, name=创建角色)
02-05 14:33:56.202 INFO  --- [main] [AuthResourceServerAutoConfiguration]:125 c.g.s.config.AuthResourceServerAutoConfiguration >>> $$------AuthResource------AuthResourceDTO(id=null, scope=client:findByClientId, name=根据clientId查询client)
02-05 14:33:56.202 INFO  --- [main] [AuthResourceServerAutoConfiguration]:125 c.g.s.config.AuthResourceServerAutoConfiguration >>> $$------AuthResource------AuthResourceDTO(id=null, scope=client:bindUser, name=绑定用户到客户端)
02-05 14:33:56.202 INFO  --- [main] [AuthResourceServerAutoConfiguration]:125 c.g.s.config.AuthResourceServerAutoConfiguration >>> $$------AuthResource------AuthResourceDTO(id=null, scope=client:create, name=创建客户端)
02-05 14:33:56.202 INFO  --- [main] [AuthResourceServerAutoConfiguration]:125 c.g.s.config.AuthResourceServerAutoConfiguration >>> $$------AuthResource------AuthResourceDTO(id=null, scope=user:setUserRole, name=设置用户角色)
02-05 14:33:56.203 INFO  --- [main] [AuthResourceServerAutoConfiguration]:125 c.g.s.config.AuthResourceServerAutoConfiguration >>> $$------AuthResource------AuthResourceDTO(id=null, scope=user:create, name=创建用户)
02-05 14:33:56.212 INFO  --- [main] [ResourceServiceImpl]:52 c.g.c.auth.server.service.impl.ResourceServiceImpl >>> receiveReportData:{"authResources":[{"name":"分页查询角色","scope":"role:page"},{"name":"更新角色","scope":"role:update"},{"name":"删除角色","scope":"role:delete"},{"name":"创建角色","scope":"role:create"},{"name":"根据clientId查询client","scope":"client:findByClientId"},{"name":"绑定用户到客户端","scope":"client:bindUser"},{"name":"创建客户端","scope":"client:create"},{"name":"设置用户角色","scope":"user:setUserRole"},{"name":"创建用户","scope":"user:create"}],"clientId":"husen19950528201314lq19980824","resourceServerName":"AuthCenter"}
02-05 14:33:56.245 INFO  --- [main] [ResourceServiceImpl]:110 c.g.c.auth.server.service.impl.ResourceServiceImpl >>> receiveReportData delete:[]
02-05 14:33:56.246 INFO  --- [main] [ResourceServiceImpl]:113 c.g.c.auth.server.service.impl.ResourceServiceImpl >>> receiveReportData update:[]
02-05 14:33:56.247 INFO  --- [main] [ResourceServiceImpl]:115 c.g.c.auth.server.service.impl.ResourceServiceImpl >>> receiveReportData add:[]
02-05 14:33:56.257 INFO  --- [main] [AuthResourceServerAutoConfiguration]:134 c.g.s.config.AuthResourceServerAutoConfiguration >>> reporting resource finish, result:true, cost time:0ms
02-05 14:33:56.637 INFO  --- [RMI TCP Connection(3)-127.0.0.1] [DirectJDKLog]:173 o.a.c.core.ContainerBase.[Tomcat].[localhost].[/] >>> Initializing Spring DispatcherServlet 'dispatcherServlet'
02-05 14:33:56.637 INFO  --- [RMI TCP Connection(3)-127.0.0.1] [FrameworkServlet]:525 org.springframework.web.servlet.DispatcherServlet >>> Initializing Servlet 'dispatcherServlet'
02-05 14:33:56.654 INFO  --- [RMI TCP Connection(3)-127.0.0.1] [FrameworkServlet]:547 org.springframework.web.servlet.DispatcherServlet >>> Completed initialization in 17 ms
02-05 14:33:56.815 INFO  --- [boundedElastic-1] [EpollProvider]:68 io.lettuce.core.EpollProvider >>> Starting without optional epoll library
02-05 14:33:56.818 INFO  --- [boundedElastic-1] [KqueueProvider]:70 io.lettuce.core.KqueueProvider >>> Starting without optional kqueue library
02-05 14:34:01.437 INFO  --- [http-nio-10000-exec-1] [ResourceServiceImpl]:52 c.g.c.auth.server.service.impl.ResourceServiceImpl >>> receiveReportData:{"authResources":[{"name":"分页查询基金净值","scope":"FundNetWorth:page"},{"name":"检查通行证","scope":"Test:checkAccessCard"},{"name":"上传交易数据","scope":"Transaction:upload"},{"name":"分页查询交易数据","scope":"Transaction:page"},{"name":"基金加入持有","scope":"Fund:joinHold"},{"name":"加载基金数据","scope":"Fund:loadData"},{"name":"基金查询持有","scope":"Fund:queryHold"},{"name":"加入自选","scope":"Fund:joinOptional"},{"name":"查询自选","scope":"Fund:queryOptional"},{"name":"添加基金","scope":"Fund:add"},{"name":"分页查询基金","scope":"Fund:page"}],"clientId":"money123456money","resourceServerName":"MoneyManagement"}
02-05 14:34:01.485 INFO  --- [http-nio-10000-exec-1] [ResourceServiceImpl]:110 c.g.c.auth.server.service.impl.ResourceServiceImpl >>> receiveReportData delete:[]
02-05 14:34:01.486 INFO  --- [http-nio-10000-exec-1] [ResourceServiceImpl]:113 c.g.c.auth.server.service.impl.ResourceServiceImpl >>> receiveReportData update:[]
02-05 14:34:01.486 INFO  --- [http-nio-10000-exec-1] [ResourceServiceImpl]:115 c.g.c.auth.server.service.impl.ResourceServiceImpl >>> receiveReportData add:[]
02-05 14:46:36.877 INFO  --- [http-nio-10000-exec-3] [ResourceServiceImpl]:52 c.g.c.auth.server.service.impl.ResourceServiceImpl >>> receiveReportData:{"authResources":[{"name":"分页查询基金净值","scope":"FundNetWorth:page"},{"name":"检查通行证","scope":"Test:checkAccessCard"},{"name":"上传交易数据","scope":"Transaction:upload"},{"name":"分页查询交易数据","scope":"Transaction:page"},{"name":"基金加入持有","scope":"Fund:joinHold"},{"name":"基金查询持有","scope":"Fund:queryHold"},{"name":"加入自选","scope":"Fund:joinOptional"},{"name":"查询自选","scope":"Fund:queryOptional"},{"name":"分页查询基金","scope":"Fund:page"},{"name":"添加基金","scope":"Fund:add"},{"name":"加载基金数据","scope":"Fund:loadData"}],"clientId":"money123456money","resourceServerName":"MoneyManagement"}
02-05 14:46:36.902 INFO  --- [http-nio-10000-exec-3] [ResourceServiceImpl]:110 c.g.c.auth.server.service.impl.ResourceServiceImpl >>> receiveReportData delete:[]
02-05 14:46:36.903 INFO  --- [http-nio-10000-exec-3] [ResourceServiceImpl]:113 c.g.c.auth.server.service.impl.ResourceServiceImpl >>> receiveReportData update:[]
02-05 14:46:36.904 INFO  --- [http-nio-10000-exec-3] [ResourceServiceImpl]:115 c.g.c.auth.server.service.impl.ResourceServiceImpl >>> receiveReportData add:[]
02-05 14:52:33.999 INFO  --- [http-nio-10000-exec-5] [ResourceServiceImpl]:52 c.g.c.auth.server.service.impl.ResourceServiceImpl >>> receiveReportData:{"authResources":[{"name":"分页查询基金净值","scope":"FundNetWorth:page"},{"name":"检查通行证","scope":"Test:checkAccessCard"},{"name":"上传交易数据","scope":"Transaction:upload"},{"name":"分页查询交易数据","scope":"Transaction:page"},{"name":"基金加入持有","scope":"Fund:joinHold"},{"name":"加载基金数据","scope":"Fund:loadData"},{"name":"基金查询持有","scope":"Fund:queryHold"},{"name":"加入自选","scope":"Fund:joinOptional"},{"name":"查询自选","scope":"Fund:queryOptional"},{"name":"分页查询基金","scope":"Fund:page"},{"name":"添加基金","scope":"Fund:add"}],"clientId":"money123456money","resourceServerName":"MoneyManagement"}
02-05 14:52:34.086 INFO  --- [http-nio-10000-exec-5] [ResourceServiceImpl]:110 c.g.c.auth.server.service.impl.ResourceServiceImpl >>> receiveReportData delete:[]
02-05 14:52:34.088 INFO  --- [http-nio-10000-exec-5] [ResourceServiceImpl]:113 c.g.c.auth.server.service.impl.ResourceServiceImpl >>> receiveReportData update:[]
02-05 14:52:34.089 INFO  --- [http-nio-10000-exec-5] [ResourceServiceImpl]:115 c.g.c.auth.server.service.impl.ResourceServiceImpl >>> receiveReportData add:[]
02-05 14:55:24.613 INFO  --- [http-nio-10000-exec-7] [ResourceServiceImpl]:52 c.g.c.auth.server.service.impl.ResourceServiceImpl >>> receiveReportData:{"authResources":[{"name":"分页查询基金净值","scope":"FundNetWorth:page"},{"name":"检查通行证","scope":"Test:checkAccessCard"},{"name":"分页查询交易数据","scope":"Transaction:page"},{"name":"上传交易数据","scope":"Transaction:upload"},{"name":"加载基金数据","scope":"Fund:loadData"},{"name":"分页查询基金","scope":"Fund:page"},{"name":"基金加入持有","scope":"Fund:joinHold"},{"name":"基金查询持有","scope":"Fund:queryHold"},{"name":"加入自选","scope":"Fund:joinOptional"},{"name":"查询自选","scope":"Fund:queryOptional"},{"name":"添加基金","scope":"Fund:add"}],"clientId":"money123456money","resourceServerName":"MoneyManagement"}
02-05 14:55:24.639 INFO  --- [http-nio-10000-exec-7] [ResourceServiceImpl]:110 c.g.c.auth.server.service.impl.ResourceServiceImpl >>> receiveReportData delete:[]
02-05 14:55:24.640 INFO  --- [http-nio-10000-exec-7] [ResourceServiceImpl]:113 c.g.c.auth.server.service.impl.ResourceServiceImpl >>> receiveReportData update:[]
02-05 14:55:24.641 INFO  --- [http-nio-10000-exec-7] [ResourceServiceImpl]:115 c.g.c.auth.server.service.impl.ResourceServiceImpl >>> receiveReportData add:[]
02-05 14:56:09.955 INFO  --- [http-nio-10000-exec-9] [ResourceServiceImpl]:52 c.g.c.auth.server.service.impl.ResourceServiceImpl >>> receiveReportData:{"authResources":[{"name":"分页查询基金净值","scope":"FundNetWorth:page"},{"name":"检查通行证","scope":"Test:checkAccessCard"},{"name":"分页查询交易数据","scope":"Transaction:page"},{"name":"上传交易数据","scope":"Transaction:upload"},{"name":"分页查询基金","scope":"Fund:page"},{"name":"加载基金数据","scope":"Fund:loadData"},{"name":"基金加入持有","scope":"Fund:joinHold"},{"name":"基金查询持有","scope":"Fund:queryHold"},{"name":"加入自选","scope":"Fund:joinOptional"},{"name":"查询自选","scope":"Fund:queryOptional"},{"name":"添加基金","scope":"Fund:add"}],"clientId":"money123456money","resourceServerName":"MoneyManagement"}
02-05 14:56:09.970 INFO  --- [http-nio-10000-exec-9] [ResourceServiceImpl]:110 c.g.c.auth.server.service.impl.ResourceServiceImpl >>> receiveReportData delete:[]
02-05 14:56:09.971 INFO  --- [http-nio-10000-exec-9] [ResourceServiceImpl]:113 c.g.c.auth.server.service.impl.ResourceServiceImpl >>> receiveReportData update:[]
02-05 14:56:09.972 INFO  --- [http-nio-10000-exec-9] [ResourceServiceImpl]:115 c.g.c.auth.server.service.impl.ResourceServiceImpl >>> receiveReportData add:[]
02-05 14:58:13.925 INFO  --- [http-nio-10000-exec-1] [ResourceServiceImpl]:52 c.g.c.auth.server.service.impl.ResourceServiceImpl >>> receiveReportData:{"authResources":[{"name":"分页查询基金净值","scope":"FundNetWorth:page"},{"name":"检查通行证","scope":"Test:checkAccessCard"},{"name":"分页查询交易数据","scope":"Transaction:page"},{"name":"上传交易数据","scope":"Transaction:upload"},{"name":"添加基金","scope":"Fund:add"},{"name":"分页查询基金","scope":"Fund:page"},{"name":"加载基金数据","scope":"Fund:loadData"},{"name":"基金加入持有","scope":"Fund:joinHold"},{"name":"基金查询持有","scope":"Fund:queryHold"},{"name":"加入自选","scope":"Fund:joinOptional"},{"name":"查询自选","scope":"Fund:queryOptional"}],"clientId":"money123456money","resourceServerName":"MoneyManagement"}
02-05 14:58:13.941 INFO  --- [http-nio-10000-exec-1] [ResourceServiceImpl]:110 c.g.c.auth.server.service.impl.ResourceServiceImpl >>> receiveReportData delete:[]
02-05 14:58:13.942 INFO  --- [http-nio-10000-exec-1] [ResourceServiceImpl]:113 c.g.c.auth.server.service.impl.ResourceServiceImpl >>> receiveReportData update:[]
02-05 14:58:13.942 INFO  --- [http-nio-10000-exec-1] [ResourceServiceImpl]:115 c.g.c.auth.server.service.impl.ResourceServiceImpl >>> receiveReportData add:[]
02-05 15:11:20.854 INFO  --- [http-nio-10000-exec-3] [ResourceServiceImpl]:52 c.g.c.auth.server.service.impl.ResourceServiceImpl >>> receiveReportData:{"authResources":[{"name":"分页查询基金净值","scope":"FundNetWorth:page"},{"name":"检查通行证","scope":"Test:checkAccessCard"},{"name":"分页查询交易数据","scope":"Transaction:page"},{"name":"上传交易数据","scope":"Transaction:upload"},{"name":"加载基金数据","scope":"Fund:loadData"},{"name":"基金加入持有","scope":"Fund:joinHold"},{"name":"基金查询持有","scope":"Fund:queryHold"},{"name":"加入自选","scope":"Fund:joinOptional"},{"name":"查询自选","scope":"Fund:queryOptional"},{"name":"添加基金","scope":"Fund:add"},{"name":"分页查询基金","scope":"Fund:page"}],"clientId":"money123456money","resourceServerName":"MoneyManagement"}
02-05 15:11:20.901 INFO  --- [http-nio-10000-exec-3] [ResourceServiceImpl]:110 c.g.c.auth.server.service.impl.ResourceServiceImpl >>> receiveReportData delete:[]
02-05 15:11:20.907 INFO  --- [http-nio-10000-exec-3] [ResourceServiceImpl]:113 c.g.c.auth.server.service.impl.ResourceServiceImpl >>> receiveReportData update:[]
02-05 15:11:20.908 INFO  --- [http-nio-10000-exec-3] [ResourceServiceImpl]:115 c.g.c.auth.server.service.impl.ResourceServiceImpl >>> receiveReportData add:[]
02-05 15:13:09.411 INFO  --- [SpringContextShutdownHook] [ExecutorConfigurationSupport]:208 o.s.scheduling.concurrent.ThreadPoolTaskScheduler >>> Shutting down ExecutorService 'Nacso-Watch-Task-Scheduler'
02-05 15:13:09.533 INFO  --- [SpringContextShutdownHook] [NacosServiceRegistry]:80 c.a.cloud.nacos.registry.NacosServiceRegistry >>> De-registering from Nacos Server now...
02-05 15:13:09.538 INFO  --- [SpringContextShutdownHook] [NacosServiceRegistry]:100 c.a.cloud.nacos.registry.NacosServiceRegistry >>> De-registration finished.
02-05 15:13:09.540 INFO  --- [SpringContextShutdownHook] [ExecutorConfigurationSupport]:208 o.s.scheduling.concurrent.ThreadPoolTaskExecutor >>> Shutting down ExecutorService 'applicationTaskExecutor'
02-05 15:13:09.554 INFO  --- [SpringContextShutdownHook] [AbstractEntityManagerFactoryBean]:598 o.s.orm.jpa.LocalContainerEntityManagerFactoryBean >>> Closing JPA EntityManagerFactory for persistence unit 'default'
02-05 15:13:09.685 INFO  --- [SpringContextShutdownHook] [HikariDataSource]:350 com.zaxxer.hikari.HikariDataSource >>> HikariPool-1 - Shutdown initiated...
02-05 15:13:09.692 INFO  --- [SpringContextShutdownHook] [HikariDataSource]:352 com.zaxxer.hikari.HikariDataSource >>> HikariPool-1 - Shutdown completed.
02-05 15:13:09.713 INFO  --- [SpringContextShutdownHook] [AccessCardPersistenceFilter]:102 c.g.security.filter.AccessCardPersistenceFilter >>> destroy accessCardPersistenceFilter
