02-03 00:00:05.242 WARN  --- [HikariPool-1 housekeeper] [HikariPool$HouseKeeper]:787 com.zaxxer.hikari.pool.HikariPool >>> HikariPool-1 - Thread starvation or clock leap detected (housekeeper delta=3m27s637ms).
02-03 01:05:17.851 WARN  --- [HikariPool-1 housekeeper] [HikariPool$HouseKeeper]:787 com.zaxxer.hikari.pool.HikariPool >>> HikariPool-1 - Thread starvation or clock leap detected (housekeeper delta=5m12s21ms).
02-03 01:10:34.832 WARN  --- [HikariPool-1 housekeeper] [HikariPool$HouseKeeper]:787 com.zaxxer.hikari.pool.HikariPool >>> HikariPool-1 - Thread starvation or clock leap detected (housekeeper delta=5m16s982ms).
02-03 01:16:21.758 WARN  --- [HikariPool-1 housekeeper] [HikariPool$HouseKeeper]:787 com.zaxxer.hikari.pool.HikariPool >>> HikariPool-1 - Thread starvation or clock leap detected (housekeeper delta=5m16s918ms).
02-03 01:22:03.694 WARN  --- [HikariPool-1 housekeeper] [HikariPool$HouseKeeper]:787 com.zaxxer.hikari.pool.HikariPool >>> HikariPool-1 - Thread starvation or clock leap detected (housekeeper delta=5m11s924ms).
02-03 01:27:16.262 WARN  --- [HikariPool-1 housekeeper] [HikariPool$HouseKeeper]:787 com.zaxxer.hikari.pool.HikariPool >>> HikariPool-1 - Thread starvation or clock leap detected (housekeeper delta=5m12s568ms).
02-03 01:32:59.095 WARN  --- [HikariPool-1 housekeeper] [HikariPool$HouseKeeper]:787 com.zaxxer.hikari.pool.HikariPool >>> HikariPool-1 - Thread starvation or clock leap detected (housekeeper delta=5m11s966ms).
02-03 01:38:41.031 WARN  --- [HikariPool-1 housekeeper] [HikariPool$HouseKeeper]:787 com.zaxxer.hikari.pool.HikariPool >>> HikariPool-1 - Thread starvation or clock leap detected (housekeeper delta=5m11s925ms).
02-03 01:44:22.944 WARN  --- [HikariPool-1 housekeeper] [HikariPool$HouseKeeper]:787 com.zaxxer.hikari.pool.HikariPool >>> HikariPool-1 - Thread starvation or clock leap detected (housekeeper delta=5m11s895ms).
02-03 01:49:34.865 WARN  --- [HikariPool-1 housekeeper] [HikariPool$HouseKeeper]:787 com.zaxxer.hikari.pool.HikariPool >>> HikariPool-1 - Thread starvation or clock leap detected (housekeeper delta=5m11s921ms).
02-03 01:55:36.921 WARN  --- [HikariPool-1 housekeeper] [HikariPool$HouseKeeper]:787 com.zaxxer.hikari.pool.HikariPool >>> HikariPool-1 - Thread starvation or clock leap detected (housekeeper delta=5m32s51ms).
02-03 02:01:18.940 WARN  --- [HikariPool-1 housekeeper] [HikariPool$HouseKeeper]:787 com.zaxxer.hikari.pool.HikariPool >>> HikariPool-1 - Thread starvation or clock leap detected (housekeeper delta=5m12s9ms).
02-03 02:07:15.962 WARN  --- [HikariPool-1 housekeeper] [HikariPool$HouseKeeper]:787 com.zaxxer.hikari.pool.HikariPool >>> HikariPool-1 - Thread starvation or clock leap detected (housekeeper delta=5m27s14ms).
02-03 02:12:57.866 WARN  --- [HikariPool-1 housekeeper] [HikariPool$HouseKeeper]:787 com.zaxxer.hikari.pool.HikariPool >>> HikariPool-1 - Thread starvation or clock leap detected (housekeeper delta=5m11s888ms).
02-03 02:18:09.764 WARN  --- [HikariPool-1 housekeeper] [HikariPool$HouseKeeper]:787 com.zaxxer.hikari.pool.HikariPool >>> HikariPool-1 - Thread starvation or clock leap detected (housekeeper delta=5m11s898ms).
02-03 02:23:51.681 WARN  --- [HikariPool-1 housekeeper] [HikariPool$HouseKeeper]:787 com.zaxxer.hikari.pool.HikariPool >>> HikariPool-1 - Thread starvation or clock leap detected (housekeeper delta=5m11s904ms).
02-03 02:29:33.548 WARN  --- [HikariPool-1 housekeeper] [HikariPool$HouseKeeper]:787 com.zaxxer.hikari.pool.HikariPool >>> HikariPool-1 - Thread starvation or clock leap detected (housekeeper delta=5m11s853ms).
02-03 02:34:45.405 WARN  --- [HikariPool-1 housekeeper] [HikariPool$HouseKeeper]:787 com.zaxxer.hikari.pool.HikariPool >>> HikariPool-1 - Thread starvation or clock leap detected (housekeeper delta=5m11s857ms).
02-03 02:40:27.286 WARN  --- [HikariPool-1 housekeeper] [HikariPool$HouseKeeper]:787 com.zaxxer.hikari.pool.HikariPool >>> HikariPool-1 - Thread starvation or clock leap detected (housekeeper delta=5m11s877ms).
02-03 02:46:09.210 WARN  --- [HikariPool-1 housekeeper] [HikariPool$HouseKeeper]:787 com.zaxxer.hikari.pool.HikariPool >>> HikariPool-1 - Thread starvation or clock leap detected (housekeeper delta=5m11s905ms).
02-03 02:51:21.107 WARN  --- [HikariPool-1 housekeeper] [HikariPool$HouseKeeper]:787 com.zaxxer.hikari.pool.HikariPool >>> HikariPool-1 - Thread starvation or clock leap detected (housekeeper delta=5m11s897ms).
02-03 02:57:03.053 WARN  --- [HikariPool-1 housekeeper] [HikariPool$HouseKeeper]:787 com.zaxxer.hikari.pool.HikariPool >>> HikariPool-1 - Thread starvation or clock leap detected (housekeeper delta=5m11s942ms).
02-03 03:02:44.939 WARN  --- [HikariPool-1 housekeeper] [HikariPool$HouseKeeper]:787 com.zaxxer.hikari.pool.HikariPool >>> HikariPool-1 - Thread starvation or clock leap detected (housekeeper delta=5m11s884ms).
02-03 03:07:57.080 WARN  --- [HikariPool-1 housekeeper] [HikariPool$HouseKeeper]:787 com.zaxxer.hikari.pool.HikariPool >>> HikariPool-1 - Thread starvation or clock leap detected (housekeeper delta=5m12s141ms).
02-03 03:13:39.863 WARN  --- [HikariPool-1 housekeeper] [HikariPool$HouseKeeper]:787 com.zaxxer.hikari.pool.HikariPool >>> HikariPool-1 - Thread starvation or clock leap detected (housekeeper delta=5m11s897ms).
02-03 03:19:21.729 WARN  --- [HikariPool-1 housekeeper] [HikariPool$HouseKeeper]:787 com.zaxxer.hikari.pool.HikariPool >>> HikariPool-1 - Thread starvation or clock leap detected (housekeeper delta=5m11s866ms).
02-03 03:25:03.626 WARN  --- [HikariPool-1 housekeeper] [HikariPool$HouseKeeper]:787 com.zaxxer.hikari.pool.HikariPool >>> HikariPool-1 - Thread starvation or clock leap detected (housekeeper delta=5m11s886ms).
02-03 03:30:15.526 WARN  --- [HikariPool-1 housekeeper] [HikariPool$HouseKeeper]:787 com.zaxxer.hikari.pool.HikariPool >>> HikariPool-1 - Thread starvation or clock leap detected (housekeeper delta=5m11s901ms).
02-03 03:35:57.416 WARN  --- [HikariPool-1 housekeeper] [HikariPool$HouseKeeper]:787 com.zaxxer.hikari.pool.HikariPool >>> HikariPool-1 - Thread starvation or clock leap detected (housekeeper delta=5m11s886ms).
02-03 03:41:39.381 WARN  --- [HikariPool-1 housekeeper] [HikariPool$HouseKeeper]:787 com.zaxxer.hikari.pool.HikariPool >>> HikariPool-1 - Thread starvation or clock leap detected (housekeeper delta=5m11s952ms).
02-03 03:46:51.273 WARN  --- [HikariPool-1 housekeeper] [HikariPool$HouseKeeper]:787 com.zaxxer.hikari.pool.HikariPool >>> HikariPool-1 - Thread starvation or clock leap detected (housekeeper delta=5m11s892ms).
02-03 03:52:33.242 WARN  --- [HikariPool-1 housekeeper] [HikariPool$HouseKeeper]:787 com.zaxxer.hikari.pool.HikariPool >>> HikariPool-1 - Thread starvation or clock leap detected (housekeeper delta=5m11s951ms).
02-03 03:58:15.164 WARN  --- [HikariPool-1 housekeeper] [HikariPool$HouseKeeper]:787 com.zaxxer.hikari.pool.HikariPool >>> HikariPool-1 - Thread starvation or clock leap detected (housekeeper delta=5m11s906ms).
02-03 04:03:27.065 WARN  --- [HikariPool-1 housekeeper] [HikariPool$HouseKeeper]:787 com.zaxxer.hikari.pool.HikariPool >>> HikariPool-1 - Thread starvation or clock leap detected (housekeeper delta=5m11s901ms).
02-03 04:09:09.169 WARN  --- [HikariPool-1 housekeeper] [HikariPool$HouseKeeper]:787 com.zaxxer.hikari.pool.HikariPool >>> HikariPool-1 - Thread starvation or clock leap detected (housekeeper delta=5m11s911ms).
02-03 04:14:51.188 WARN  --- [HikariPool-1 housekeeper] [HikariPool$HouseKeeper]:787 com.zaxxer.hikari.pool.HikariPool >>> HikariPool-1 - Thread starvation or clock leap detected (housekeeper delta=5m12s1ms).
02-03 04:20:33.089 WARN  --- [HikariPool-1 housekeeper] [HikariPool$HouseKeeper]:787 com.zaxxer.hikari.pool.HikariPool >>> HikariPool-1 - Thread starvation or clock leap detected (housekeeper delta=5m11s900ms).
02-03 04:26:14.976 WARN  --- [HikariPool-1 housekeeper] [HikariPool$HouseKeeper]:787 com.zaxxer.hikari.pool.HikariPool >>> HikariPool-1 - Thread starvation or clock leap detected (housekeeper delta=5m11s872ms).
02-03 04:31:26.847 WARN  --- [HikariPool-1 housekeeper] [HikariPool$HouseKeeper]:787 com.zaxxer.hikari.pool.HikariPool >>> HikariPool-1 - Thread starvation or clock leap detected (housekeeper delta=5m11s871ms).
02-03 04:37:08.746 WARN  --- [HikariPool-1 housekeeper] [HikariPool$HouseKeeper]:787 com.zaxxer.hikari.pool.HikariPool >>> HikariPool-1 - Thread starvation or clock leap detected (housekeeper delta=5m11s888ms).
02-03 04:42:50.641 WARN  --- [HikariPool-1 housekeeper] [HikariPool$HouseKeeper]:787 com.zaxxer.hikari.pool.HikariPool >>> HikariPool-1 - Thread starvation or clock leap detected (housekeeper delta=5m11s896ms).
02-03 04:48:32.510 WARN  --- [HikariPool-1 housekeeper] [HikariPool$HouseKeeper]:787 com.zaxxer.hikari.pool.HikariPool >>> HikariPool-1 - Thread starvation or clock leap detected (housekeeper delta=5m11s861ms).
02-03 04:53:44.345 WARN  --- [HikariPool-1 housekeeper] [HikariPool$HouseKeeper]:787 com.zaxxer.hikari.pool.HikariPool >>> HikariPool-1 - Thread starvation or clock leap detected (housekeeper delta=5m11s835ms).
02-03 04:59:26.185 WARN  --- [HikariPool-1 housekeeper] [HikariPool$HouseKeeper]:787 com.zaxxer.hikari.pool.HikariPool >>> HikariPool-1 - Thread starvation or clock leap detected (housekeeper delta=5m11s831ms).
02-03 05:05:08.078 WARN  --- [HikariPool-1 housekeeper] [HikariPool$HouseKeeper]:787 com.zaxxer.hikari.pool.HikariPool >>> HikariPool-1 - Thread starvation or clock leap detected (housekeeper delta=5m11s880ms).
02-03 05:10:19.971 WARN  --- [HikariPool-1 housekeeper] [HikariPool$HouseKeeper]:787 com.zaxxer.hikari.pool.HikariPool >>> HikariPool-1 - Thread starvation or clock leap detected (housekeeper delta=5m11s894ms).
02-03 05:16:01.860 WARN  --- [HikariPool-1 housekeeper] [HikariPool$HouseKeeper]:787 com.zaxxer.hikari.pool.HikariPool >>> HikariPool-1 - Thread starvation or clock leap detected (housekeeper delta=5m11s881ms).
02-03 05:21:43.793 WARN  --- [HikariPool-1 housekeeper] [HikariPool$HouseKeeper]:787 com.zaxxer.hikari.pool.HikariPool >>> HikariPool-1 - Thread starvation or clock leap detected (housekeeper delta=5m11s922ms).
02-03 05:26:55.672 WARN  --- [HikariPool-1 housekeeper] [HikariPool$HouseKeeper]:787 com.zaxxer.hikari.pool.HikariPool >>> HikariPool-1 - Thread starvation or clock leap detected (housekeeper delta=5m11s879ms).
02-03 05:32:37.558 WARN  --- [HikariPool-1 housekeeper] [HikariPool$HouseKeeper]:787 com.zaxxer.hikari.pool.HikariPool >>> HikariPool-1 - Thread starvation or clock leap detected (housekeeper delta=5m11s869ms).
02-03 05:38:19.446 WARN  --- [HikariPool-1 housekeeper] [HikariPool$HouseKeeper]:787 com.zaxxer.hikari.pool.HikariPool >>> HikariPool-1 - Thread starvation or clock leap detected (housekeeper delta=5m11s883ms).
02-03 05:43:31.368 WARN  --- [HikariPool-1 housekeeper] [HikariPool$HouseKeeper]:787 com.zaxxer.hikari.pool.HikariPool >>> HikariPool-1 - Thread starvation or clock leap detected (housekeeper delta=5m11s923ms).
02-03 05:49:13.272 WARN  --- [HikariPool-1 housekeeper] [HikariPool$HouseKeeper]:787 com.zaxxer.hikari.pool.HikariPool >>> HikariPool-1 - Thread starvation or clock leap detected (housekeeper delta=5m11s891ms).
02-03 05:54:55.175 WARN  --- [HikariPool-1 housekeeper] [HikariPool$HouseKeeper]:787 com.zaxxer.hikari.pool.HikariPool >>> HikariPool-1 - Thread starvation or clock leap detected (housekeeper delta=5m11s883ms).
02-03 06:00:07.491 WARN  --- [HikariPool-1 housekeeper] [HikariPool$HouseKeeper]:787 com.zaxxer.hikari.pool.HikariPool >>> HikariPool-1 - Thread starvation or clock leap detected (housekeeper delta=5m12s317ms).
02-03 06:05:49.296 WARN  --- [HikariPool-1 housekeeper] [HikariPool$HouseKeeper]:787 com.zaxxer.hikari.pool.HikariPool >>> HikariPool-1 - Thread starvation or clock leap detected (housekeeper delta=5m11s793ms).
02-03 06:11:31.196 WARN  --- [HikariPool-1 housekeeper] [HikariPool$HouseKeeper]:787 com.zaxxer.hikari.pool.HikariPool >>> HikariPool-1 - Thread starvation or clock leap detected (housekeeper delta=5m11s883ms).
02-03 06:17:13.102 WARN  --- [HikariPool-1 housekeeper] [HikariPool$HouseKeeper]:787 com.zaxxer.hikari.pool.HikariPool >>> HikariPool-1 - Thread starvation or clock leap detected (housekeeper delta=5m11s889ms).
02-03 06:22:24.968 WARN  --- [HikariPool-1 housekeeper] [HikariPool$HouseKeeper]:787 com.zaxxer.hikari.pool.HikariPool >>> HikariPool-1 - Thread starvation or clock leap detected (housekeeper delta=5m11s867ms).
02-03 06:28:06.921 WARN  --- [HikariPool-1 housekeeper] [HikariPool$HouseKeeper]:787 com.zaxxer.hikari.pool.HikariPool >>> HikariPool-1 - Thread starvation or clock leap detected (housekeeper delta=5m11s941ms).
02-03 06:33:48.869 WARN  --- [HikariPool-1 housekeeper] [HikariPool$HouseKeeper]:787 com.zaxxer.hikari.pool.HikariPool >>> HikariPool-1 - Thread starvation or clock leap detected (housekeeper delta=5m11s931ms).
02-03 06:39:00.738 WARN  --- [HikariPool-1 housekeeper] [HikariPool$HouseKeeper]:787 com.zaxxer.hikari.pool.HikariPool >>> HikariPool-1 - Thread starvation or clock leap detected (housekeeper delta=5m11s869ms).
02-03 06:44:42.698 WARN  --- [HikariPool-1 housekeeper] [HikariPool$HouseKeeper]:787 com.zaxxer.hikari.pool.HikariPool >>> HikariPool-1 - Thread starvation or clock leap detected (housekeeper delta=5m11s953ms).
02-03 06:50:24.656 WARN  --- [HikariPool-1 housekeeper] [HikariPool$HouseKeeper]:787 com.zaxxer.hikari.pool.HikariPool >>> HikariPool-1 - Thread starvation or clock leap detected (housekeeper delta=5m11s943ms).
02-03 06:55:36.564 WARN  --- [HikariPool-1 housekeeper] [HikariPool$HouseKeeper]:787 com.zaxxer.hikari.pool.HikariPool >>> HikariPool-1 - Thread starvation or clock leap detected (housekeeper delta=5m11s907ms).
02-03 07:01:18.437 WARN  --- [HikariPool-1 housekeeper] [HikariPool$HouseKeeper]:787 com.zaxxer.hikari.pool.HikariPool >>> HikariPool-1 - Thread starvation or clock leap detected (housekeeper delta=5m11s859ms).
02-03 07:07:00.342 WARN  --- [HikariPool-1 housekeeper] [HikariPool$HouseKeeper]:787 com.zaxxer.hikari.pool.HikariPool >>> HikariPool-1 - Thread starvation or clock leap detected (housekeeper delta=5m11s889ms).
02-03 07:12:12.230 WARN  --- [HikariPool-1 housekeeper] [HikariPool$HouseKeeper]:787 com.zaxxer.hikari.pool.HikariPool >>> HikariPool-1 - Thread starvation or clock leap detected (housekeeper delta=5m11s888ms).
02-03 07:17:54.169 WARN  --- [HikariPool-1 housekeeper] [HikariPool$HouseKeeper]:787 com.zaxxer.hikari.pool.HikariPool >>> HikariPool-1 - Thread starvation or clock leap detected (housekeeper delta=5m11s931ms).
02-03 07:23:36.064 WARN  --- [HikariPool-1 housekeeper] [HikariPool$HouseKeeper]:787 com.zaxxer.hikari.pool.HikariPool >>> HikariPool-1 - Thread starvation or clock leap detected (housekeeper delta=5m11s880ms).
02-03 07:28:49.032 WARN  --- [HikariPool-1 housekeeper] [HikariPool$HouseKeeper]:787 com.zaxxer.hikari.pool.HikariPool >>> HikariPool-1 - Thread starvation or clock leap detected (housekeeper delta=5m12s968ms).
02-03 07:34:30.863 WARN  --- [HikariPool-1 housekeeper] [HikariPool$HouseKeeper]:787 com.zaxxer.hikari.pool.HikariPool >>> HikariPool-1 - Thread starvation or clock leap detected (housekeeper delta=5m11s825ms).
02-03 07:40:12.776 WARN  --- [HikariPool-1 housekeeper] [HikariPool$HouseKeeper]:787 com.zaxxer.hikari.pool.HikariPool >>> HikariPool-1 - Thread starvation or clock leap detected (housekeeper delta=5m11s902ms).
02-03 07:45:54.683 WARN  --- [HikariPool-1 housekeeper] [HikariPool$HouseKeeper]:787 com.zaxxer.hikari.pool.HikariPool >>> HikariPool-1 - Thread starvation or clock leap detected (housekeeper delta=5m11s902ms).
02-03 07:51:06.588 WARN  --- [HikariPool-1 housekeeper] [HikariPool$HouseKeeper]:787 com.zaxxer.hikari.pool.HikariPool >>> HikariPool-1 - Thread starvation or clock leap detected (housekeeper delta=5m11s905ms).
02-03 07:56:48.475 WARN  --- [HikariPool-1 housekeeper] [HikariPool$HouseKeeper]:787 com.zaxxer.hikari.pool.HikariPool >>> HikariPool-1 - Thread starvation or clock leap detected (housekeeper delta=5m11s884ms).
02-03 08:02:30.372 WARN  --- [HikariPool-1 housekeeper] [HikariPool$HouseKeeper]:787 com.zaxxer.hikari.pool.HikariPool >>> HikariPool-1 - Thread starvation or clock leap detected (housekeeper delta=5m11s884ms).
02-03 08:07:42.281 WARN  --- [HikariPool-1 housekeeper] [HikariPool$HouseKeeper]:787 com.zaxxer.hikari.pool.HikariPool >>> HikariPool-1 - Thread starvation or clock leap detected (housekeeper delta=5m11s909ms).
02-03 08:13:24.807 WARN  --- [HikariPool-1 housekeeper] [HikariPool$HouseKeeper]:787 com.zaxxer.hikari.pool.HikariPool >>> HikariPool-1 - Thread starvation or clock leap detected (housekeeper delta=5m11s887ms).
02-03 08:19:06.703 WARN  --- [HikariPool-1 housekeeper] [HikariPool$HouseKeeper]:787 com.zaxxer.hikari.pool.HikariPool >>> HikariPool-1 - Thread starvation or clock leap detected (housekeeper delta=5m11s888ms).
02-03 08:24:19.777 WARN  --- [HikariPool-1 housekeeper] [HikariPool$HouseKeeper]:787 com.zaxxer.hikari.pool.HikariPool >>> HikariPool-1 - Thread starvation or clock leap detected (housekeeper delta=5m13s74ms).
02-03 08:30:02.543 WARN  --- [HikariPool-1 housekeeper] [HikariPool$HouseKeeper]:787 com.zaxxer.hikari.pool.HikariPool >>> HikariPool-1 - Thread starvation or clock leap detected (housekeeper delta=5m11s887ms).
02-03 08:35:44.434 WARN  --- [HikariPool-1 housekeeper] [HikariPool$HouseKeeper]:787 com.zaxxer.hikari.pool.HikariPool >>> HikariPool-1 - Thread starvation or clock leap detected (housekeeper delta=5m11s881ms).
02-03 08:40:56.993 WARN  --- [HikariPool-1 housekeeper] [HikariPool$HouseKeeper]:787 com.zaxxer.hikari.pool.HikariPool >>> HikariPool-1 - Thread starvation or clock leap detected (housekeeper delta=5m12s559ms).
02-03 08:46:38.915 WARN  --- [HikariPool-1 housekeeper] [HikariPool$HouseKeeper]:787 com.zaxxer.hikari.pool.HikariPool >>> HikariPool-1 - Thread starvation or clock leap detected (housekeeper delta=5m11s914ms).
02-03 08:52:20.808 WARN  --- [HikariPool-1 housekeeper] [HikariPool$HouseKeeper]:787 com.zaxxer.hikari.pool.HikariPool >>> HikariPool-1 - Thread starvation or clock leap detected (housekeeper delta=5m11s885ms).
02-03 08:58:02.752 WARN  --- [HikariPool-1 housekeeper] [HikariPool$HouseKeeper]:787 com.zaxxer.hikari.pool.HikariPool >>> HikariPool-1 - Thread starvation or clock leap detected (housekeeper delta=5m11s931ms).
02-03 09:03:14.630 WARN  --- [HikariPool-1 housekeeper] [HikariPool$HouseKeeper]:787 com.zaxxer.hikari.pool.HikariPool >>> HikariPool-1 - Thread starvation or clock leap detected (housekeeper delta=5m11s878ms).
02-03 09:05:37.804 WARN  --- [HikariPool-1 housekeeper] [HikariPool$HouseKeeper]:787 com.zaxxer.hikari.pool.HikariPool >>> HikariPool-1 - Thread starvation or clock leap detected (housekeeper delta=1m53s167ms).
02-03 09:19:07.842 INFO  --- [SpringContextShutdownHook] [ExecutorConfigurationSupport]:208 o.s.scheduling.concurrent.ThreadPoolTaskScheduler >>> Shutting down ExecutorService 'Nacso-Watch-Task-Scheduler'
02-03 09:19:07.930 INFO  --- [SpringContextShutdownHook] [NacosServiceRegistry]:80 c.a.cloud.nacos.registry.NacosServiceRegistry >>> De-registering from Nacos Server now...
02-03 09:19:07.936 INFO  --- [SpringContextShutdownHook] [NacosServiceRegistry]:100 c.a.cloud.nacos.registry.NacosServiceRegistry >>> De-registration finished.
02-03 09:19:07.937 INFO  --- [SpringContextShutdownHook] [ExecutorConfigurationSupport]:208 o.s.scheduling.concurrent.ThreadPoolTaskExecutor >>> Shutting down ExecutorService 'applicationTaskExecutor'
02-03 09:19:07.948 INFO  --- [SpringContextShutdownHook] [AbstractEntityManagerFactoryBean]:598 o.s.orm.jpa.LocalContainerEntityManagerFactoryBean >>> Closing JPA EntityManagerFactory for persistence unit 'default'
02-03 09:19:08.072 INFO  --- [SpringContextShutdownHook] [HikariDataSource]:350 com.zaxxer.hikari.HikariDataSource >>> HikariPool-1 - Shutdown initiated...
02-03 09:19:08.080 INFO  --- [SpringContextShutdownHook] [HikariDataSource]:352 com.zaxxer.hikari.HikariDataSource >>> HikariPool-1 - Shutdown completed.
02-03 09:19:08.101 INFO  --- [SpringContextShutdownHook] [AccessCardPersistenceFilter]:102 c.g.security.filter.AccessCardPersistenceFilter >>> destroy accessCardPersistenceFilter
02-03 09:19:45.043 INFO  --- [main] [SpringApplication]:651 com.gapache.cloud.auth.server.AuthCenterServer >>> No active profile set, falling back to default profiles: default
02-03 09:19:45.717 WARN  --- [main] [EndpointId]:155 o.springframework.boot.actuate.endpoint.EndpointId >>> Endpoint ID 'nacos-discovery' contains invalid characters, please migrate to a valid format.
02-03 09:19:45.990 INFO  --- [main] [RepositoryConfigurationDelegate]:249 o.s.d.r.config.RepositoryConfigurationDelegate >>> Multiple Spring Data modules found, entering strict repository configuration mode!
02-03 09:19:45.991 INFO  --- [main] [RepositoryConfigurationDelegate]:127 o.s.d.r.config.RepositoryConfigurationDelegate >>> Bootstrapping Spring Data JPA repositories in DEFAULT mode.
02-03 09:19:46.109 INFO  --- [main] [RepositoryConfigurationDelegate]:187 o.s.d.r.config.RepositoryConfigurationDelegate >>> Finished Spring Data repository scanning in 111ms. Found 9 JPA repository interfaces.
02-03 09:19:46.124 INFO  --- [main] [RepositoryConfigurationDelegate]:249 o.s.d.r.config.RepositoryConfigurationDelegate >>> Multiple Spring Data modules found, entering strict repository configuration mode!
02-03 09:19:46.125 INFO  --- [main] [RepositoryConfigurationDelegate]:127 o.s.d.r.config.RepositoryConfigurationDelegate >>> Bootstrapping Spring Data Redis repositories in DEFAULT mode.
02-03 09:19:46.141 INFO  --- [main] [RepositoryConfigurationExtensionSupport]:348 o.s.d.r.c.RepositoryConfigurationExtensionSupport >>> Spring Data Redis - Could not safely identify store assignment for repository candidate interface com.gapache.cloud.auth.server.dao.repository.client.ClientRepository. If you want this repository to be a Redis repository, consider annotating your entities with one of these annotations: org.springframework.data.redis.core.RedisHash (preferred), or consider extending one of the following types with your repository: org.springframework.data.keyvalue.repository.KeyValueRepository.
02-03 09:19:46.142 INFO  --- [main] [RepositoryConfigurationExtensionSupport]:348 o.s.d.r.c.RepositoryConfigurationExtensionSupport >>> Spring Data Redis - Could not safely identify store assignment for repository candidate interface com.gapache.cloud.auth.server.dao.repository.resource.ResourceRepository. If you want this repository to be a Redis repository, consider annotating your entities with one of these annotations: org.springframework.data.redis.core.RedisHash (preferred), or consider extending one of the following types with your repository: org.springframework.data.keyvalue.repository.KeyValueRepository.
02-03 09:19:46.143 INFO  --- [main] [RepositoryConfigurationExtensionSupport]:348 o.s.d.r.c.RepositoryConfigurationExtensionSupport >>> Spring Data Redis - Could not safely identify store assignment for repository candidate interface com.gapache.cloud.auth.server.dao.repository.resource.ResourceServerRepository. If you want this repository to be a Redis repository, consider annotating your entities with one of these annotations: org.springframework.data.redis.core.RedisHash (preferred), or consider extending one of the following types with your repository: org.springframework.data.keyvalue.repository.KeyValueRepository.
02-03 09:19:46.143 INFO  --- [main] [RepositoryConfigurationExtensionSupport]:348 o.s.d.r.c.RepositoryConfigurationExtensionSupport >>> Spring Data Redis - Could not safely identify store assignment for repository candidate interface com.gapache.cloud.auth.server.dao.repository.user.PermissionRepository. If you want this repository to be a Redis repository, consider annotating your entities with one of these annotations: org.springframework.data.redis.core.RedisHash (preferred), or consider extending one of the following types with your repository: org.springframework.data.keyvalue.repository.KeyValueRepository.
02-03 09:19:46.144 INFO  --- [main] [RepositoryConfigurationExtensionSupport]:348 o.s.d.r.c.RepositoryConfigurationExtensionSupport >>> Spring Data Redis - Could not safely identify store assignment for repository candidate interface com.gapache.cloud.auth.server.dao.repository.user.RolePermissionRepository. If you want this repository to be a Redis repository, consider annotating your entities with one of these annotations: org.springframework.data.redis.core.RedisHash (preferred), or consider extending one of the following types with your repository: org.springframework.data.keyvalue.repository.KeyValueRepository.
02-03 09:19:46.144 INFO  --- [main] [RepositoryConfigurationExtensionSupport]:348 o.s.d.r.c.RepositoryConfigurationExtensionSupport >>> Spring Data Redis - Could not safely identify store assignment for repository candidate interface com.gapache.cloud.auth.server.dao.repository.user.RoleRepository. If you want this repository to be a Redis repository, consider annotating your entities with one of these annotations: org.springframework.data.redis.core.RedisHash (preferred), or consider extending one of the following types with your repository: org.springframework.data.keyvalue.repository.KeyValueRepository.
02-03 09:19:46.145 INFO  --- [main] [RepositoryConfigurationExtensionSupport]:348 o.s.d.r.c.RepositoryConfigurationExtensionSupport >>> Spring Data Redis - Could not safely identify store assignment for repository candidate interface com.gapache.cloud.auth.server.dao.repository.user.UserClientRelationRepository. If you want this repository to be a Redis repository, consider annotating your entities with one of these annotations: org.springframework.data.redis.core.RedisHash (preferred), or consider extending one of the following types with your repository: org.springframework.data.keyvalue.repository.KeyValueRepository.
02-03 09:19:46.145 INFO  --- [main] [RepositoryConfigurationExtensionSupport]:348 o.s.d.r.c.RepositoryConfigurationExtensionSupport >>> Spring Data Redis - Could not safely identify store assignment for repository candidate interface com.gapache.cloud.auth.server.dao.repository.user.UserRepository. If you want this repository to be a Redis repository, consider annotating your entities with one of these annotations: org.springframework.data.redis.core.RedisHash (preferred), or consider extending one of the following types with your repository: org.springframework.data.keyvalue.repository.KeyValueRepository.
02-03 09:19:46.145 INFO  --- [main] [RepositoryConfigurationExtensionSupport]:348 o.s.d.r.c.RepositoryConfigurationExtensionSupport >>> Spring Data Redis - Could not safely identify store assignment for repository candidate interface com.gapache.cloud.auth.server.dao.repository.user.UserRoleRepository. If you want this repository to be a Redis repository, consider annotating your entities with one of these annotations: org.springframework.data.redis.core.RedisHash (preferred), or consider extending one of the following types with your repository: org.springframework.data.keyvalue.repository.KeyValueRepository.
02-03 09:19:46.146 INFO  --- [main] [RepositoryConfigurationDelegate]:187 o.s.d.r.config.RepositoryConfigurationDelegate >>> Finished Spring Data repository scanning in 13ms. Found 0 Redis repository interfaces.
02-03 09:19:46.242 WARN  --- [main] [EndpointId]:155 o.springframework.boot.actuate.endpoint.EndpointId >>> Endpoint ID 'service-registry' contains invalid characters, please migrate to a valid format.
02-03 09:19:46.406 INFO  --- [main] [GenericScope]:295 o.springframework.cloud.context.scope.GenericScope >>> BeanFactory id=0711e437-6496-38f1-91a3-9cfdc69267b7
02-03 09:19:46.548 INFO  --- [main] [PostProcessorRegistrationDelegate$BeanPostProcessorChecker]:330 o.s.c.s.PostProcessorRegistrationDelegate$BeanPostProcessorChecker >>> Bean 'org.springframework.transaction.annotation.ProxyTransactionManagementConfiguration' of type [org.springframework.transaction.annotation.ProxyTransactionManagementConfiguration] is not eligible for getting processed by all BeanPostProcessors (for example: not eligible for auto-proxying)
02-03 09:19:46.995 INFO  --- [main] [TomcatWebServer]:92 o.s.boot.web.embedded.tomcat.TomcatWebServer >>> Tomcat initialized with port(s): 10000 (http)
02-03 09:19:47.005 INFO  --- [main] [DirectJDKLog]:173 org.apache.catalina.core.StandardService >>> Starting service [Tomcat]
02-03 09:19:47.005 INFO  --- [main] [DirectJDKLog]:173 org.apache.catalina.core.StandardEngine >>> Starting Servlet engine: [Apache Tomcat/9.0.29]
02-03 09:19:47.113 INFO  --- [main] [DirectJDKLog]:173 o.a.c.core.ContainerBase.[Tomcat].[localhost].[/] >>> Initializing Spring embedded WebApplicationContext
02-03 09:19:47.113 INFO  --- [main] [ServletWebServerApplicationContext]:284 org.springframework.web.context.ContextLoader >>> Root WebApplicationContext: initialization completed in 2051 ms
02-03 09:19:47.807 INFO  --- [main] [AccessCardPersistenceFilter]:97 c.g.security.filter.AccessCardPersistenceFilter >>> init accessCardPersistenceFilter
02-03 09:19:47.902 INFO  --- [main] [LogHelper]:31 org.hibernate.jpa.internal.util.LogHelper >>> HHH000204: Processing PersistenceUnitInfo [name: default]
02-03 09:19:47.964 INFO  --- [main] [Version]:46 org.hibernate.Version >>> HHH000412: Hibernate Core {5.4.9.Final}
02-03 09:19:48.109 INFO  --- [main] [JavaReflectionManager]:49 org.hibernate.annotations.common.Version >>> HCANN000001: Hibernate Commons Annotations {5.1.0.Final}
02-03 09:19:48.200 INFO  --- [main] [HikariDataSource]:110 com.zaxxer.hikari.HikariDataSource >>> HikariPool-1 - Starting...
02-03 09:19:48.334 INFO  --- [main] [HikariDataSource]:123 com.zaxxer.hikari.HikariDataSource >>> HikariPool-1 - Start completed.
02-03 09:19:48.345 INFO  --- [main] [Dialect]:172 org.hibernate.dialect.Dialect >>> HHH000400: Using dialect: org.hibernate.dialect.MySQL57Dialect
02-03 09:19:49.073 INFO  --- [main] [JtaPlatformInitiator]:52 o.h.e.t.jta.platform.internal.JtaPlatformInitiator >>> HHH000490: Using JtaPlatform implementation: [org.hibernate.engine.transaction.jta.platform.internal.NoJtaPlatform]
02-03 09:19:49.079 INFO  --- [main] [AbstractEntityManagerFactoryBean]:416 o.s.orm.jpa.LocalContainerEntityManagerFactoryBean >>> Initialized JPA EntityManagerFactory for persistence unit 'default'
02-03 09:19:49.772 INFO  --- [main] [SecurityAutoConfiguration]:47 c.g.security.config.SecurityAutoConfiguration >>> 启用私钥进行签名############
02-03 09:19:50.116 INFO  --- [main] [SecurityAutoConfiguration]:40 c.g.security.config.SecurityAutoConfiguration >>> 启用公钥解密############
02-03 09:19:50.119 INFO  --- [main] [Oauth2Controller]:47 c.g.cloud.auth.server.controller.Oauth2Controller >>> Oauth2Controller init:{authorization_code=com.gapache.cloud.auth.server.security.impl.AuthorizationCodeGenerateTokenLogic@6c2f8ecb, client_credentials=com.gapache.cloud.auth.server.security.impl.ClientCredentialsGenerateTokenLogic@c3d4bd7, password=com.gapache.cloud.auth.server.security.impl.PasswordBaseGenerateTokenLogic@2626aa35, refresh_token=com.gapache.cloud.auth.server.security.impl.RefreshTokenGenerateTokenLogic@5ca8c904}
02-03 09:19:50.345 INFO  --- [main] [DefaultSecurityFilterChain]:43 o.s.security.web.DefaultSecurityFilterChain >>> Creating filter chain: Ant [pattern='/images/**'], []
02-03 09:19:50.345 INFO  --- [main] [DefaultSecurityFilterChain]:43 o.s.security.web.DefaultSecurityFilterChain >>> Creating filter chain: Ant [pattern='/lib/**'], []
02-03 09:19:50.345 INFO  --- [main] [DefaultSecurityFilterChain]:43 o.s.security.web.DefaultSecurityFilterChain >>> Creating filter chain: Ant [pattern='/css/**'], []
02-03 09:19:50.346 INFO  --- [main] [DefaultSecurityFilterChain]:43 o.s.security.web.DefaultSecurityFilterChain >>> Creating filter chain: Ant [pattern='/fonts/**'], []
02-03 09:19:50.346 INFO  --- [main] [DefaultSecurityFilterChain]:43 o.s.security.web.DefaultSecurityFilterChain >>> Creating filter chain: Ant [pattern='/js/**'], []
02-03 09:19:50.346 INFO  --- [main] [DefaultSecurityFilterChain]:43 o.s.security.web.DefaultSecurityFilterChain >>> Creating filter chain: Ant [pattern='/eleTree.js'], []
02-03 09:19:50.346 INFO  --- [main] [DefaultSecurityFilterChain]:43 o.s.security.web.DefaultSecurityFilterChain >>> Creating filter chain: Ant [pattern='/favicon.ico'], []
02-03 09:19:50.346 INFO  --- [main] [DefaultSecurityFilterChain]:43 o.s.security.web.DefaultSecurityFilterChain >>> Creating filter chain: Ant [pattern='/excel/**'], []
02-03 09:19:50.346 INFO  --- [main] [DefaultSecurityFilterChain]:43 o.s.security.web.DefaultSecurityFilterChain >>> Creating filter chain: Ant [pattern='/layui_exts/**'], []
02-03 09:19:50.346 INFO  --- [main] [DefaultSecurityFilterChain]:43 o.s.security.web.DefaultSecurityFilterChain >>> Creating filter chain: Ant [pattern='/layui/**'], []
02-03 09:19:50.387 INFO  --- [main] [DefaultSecurityFilterChain]:43 o.s.security.web.DefaultSecurityFilterChain >>> Creating filter chain: any request, [org.springframework.security.web.context.request.async.WebAsyncManagerIntegrationFilter@230d013b, org.springframework.security.web.context.SecurityContextPersistenceFilter@7fdff56b, org.springframework.security.web.header.HeaderWriterFilter@61b76a7d, org.springframework.security.web.authentication.logout.LogoutFilter@28b68067, org.springframework.security.web.authentication.UsernamePasswordAuthenticationFilter@1958524b, org.springframework.security.web.savedrequest.RequestCacheAwareFilter@22b10124, org.springframework.security.web.servletapi.SecurityContextHolderAwareRequestFilter@642614b7, org.springframework.security.web.authentication.AnonymousAuthenticationFilter@6e225c34, org.springframework.security.web.session.SessionManagementFilter@6aa792, org.springframework.security.web.access.ExceptionTranslationFilter@4b5f022f, org.springframework.security.web.access.intercept.FilterSecurityInterceptor@495f7ca4]
02-03 09:19:50.404 INFO  --- [main] [URLConfigurationSource]:126 com.netflix.config.sources.URLConfigurationSource >>> URLs to be used as dynamic configuration source: [file:/Users/husen/develop/codes/mine/big-plan/ac/auth-center-server/target/classes/config.properties]
02-03 09:19:50.411 INFO  --- [main] [URLConfigurationSource]:126 com.netflix.config.sources.URLConfigurationSource >>> URLs to be used as dynamic configuration source: [file:/Users/husen/develop/codes/mine/big-plan/ac/auth-center-server/target/classes/config.properties]
02-03 09:19:50.617 INFO  --- [main] [ExecutorConfigurationSupport]:171 o.s.scheduling.concurrent.ThreadPoolTaskExecutor >>> Initializing ExecutorService 'applicationTaskExecutor'
02-03 09:19:50.809 INFO  --- [main] [ExecutorConfigurationSupport]:171 o.s.scheduling.concurrent.ThreadPoolTaskScheduler >>> Initializing ExecutorService 'Nacso-Watch-Task-Scheduler'
02-03 09:19:51.041 INFO  --- [main] [Version]:41 org.redisson.Version >>> Redisson 3.13.4
02-03 09:19:51.319 INFO  --- [redisson-netty-4-13] [ConnectionPool$1]:167 o.r.connection.pool.MasterPubSubConnectionPool >>> 1 connections initialized for /127.0.0.1:6379
02-03 09:19:51.348 INFO  --- [redisson-netty-4-14] [ConnectionPool$1]:167 org.redisson.connection.pool.MasterConnectionPool >>> 24 connections initialized for /127.0.0.1:6379
02-03 09:19:51.422 INFO  --- [main] [RedissonAutoConfiguration]:48 com.gapache.redis.RedissonAutoConfiguration >>> init redissonClient and DistributedLock success
02-03 09:19:51.430 INFO  --- [main] [AuthResourceServerAutoConfiguration$LocalResourceReporterAutoConfiguration]:165 c.g.s.config.AuthResourceServerAutoConfiguration >>> enable register to self[Auth-Center-Server]
02-03 09:19:51.439 INFO  --- [main] [AuthResourceServerAutoConfiguration$RemotePublicKeyLoaderAutoConfiguration]:183 c.g.s.config.AuthResourceServerAutoConfiguration >>> cloudRestTemplate
02-03 09:19:51.458 INFO  --- [main] [AuthResourceServerAutoConfiguration]:61 c.g.s.config.AuthResourceServerAutoConfiguration >>> auto setting AuthResourceServer's config
02-03 09:19:51.831 INFO  --- [main] [EndpointLinksResolver]:58 o.s.b.actuate.endpoint.web.EndpointLinksResolver >>> Exposing 18 endpoint(s) beneath base path '/actuator'
02-03 09:19:51.952 INFO  --- [main] [AuthCenterServer]:98 com.gapache.cloud.auth.server.AuthCenterServer >>> 1.AuthCenter
02-03 09:19:52.382 INFO  --- [main] [AuthCenterServer]:72 com.gapache.cloud.auth.server.AuthCenterServer >>> husen.$2a$10$XOqM1xFXMJf964Abo53tUOUNRtfsv6FwQpb757tPur68JzT11o7za.我是超级管理员.https://wpimg.wallstcn.com/f778738c-e4f8-4870-b634-56703b4acafe.gif
02-03 09:19:52.456 INFO  --- [main] [TomcatWebServer]:204 o.s.boot.web.embedded.tomcat.TomcatWebServer >>> Tomcat started on port(s): 10000 (http) with context path ''
02-03 09:19:52.599 INFO  --- [main] [NacosServiceRegistry]:65 c.a.cloud.nacos.registry.NacosServiceRegistry >>> nacos registry, DEFAULT_GROUP auth-center-server 192.168.101.65:10000 register finished
02-03 09:19:52.608 INFO  --- [main] [StartupInfoLogger]:61 com.gapache.cloud.auth.server.AuthCenterServer >>> Started AuthCenterServer in 8.523 seconds (JVM running for 9.556)
02-03 09:19:52.614 INFO  --- [main] [AuthResourceServerAutoConfiguration]:66 c.g.s.config.AuthResourceServerAutoConfiguration >>> AuthResourceServerAutoConfiguration listening event:org.springframework.boot.context.event.ApplicationReadyEvent[source=org.springframework.boot.SpringApplication@6700374f]
02-03 09:19:52.644 INFO  --- [main] [AuthResourceServerAutoConfiguration]:92 c.g.s.config.AuthResourceServerAutoConfiguration >>> find need auth component:client, clientController, com.gapache.cloud.auth.server.controller.ClientController@3ccefe1b
02-03 09:19:52.649 INFO  --- [main] [AuthResourceServerAutoConfiguration]:92 c.g.s.config.AuthResourceServerAutoConfiguration >>> find need auth component:role, roleController, com.gapache.cloud.auth.server.controller.RoleController@3d667b59
02-03 09:19:52.651 INFO  --- [main] [AuthResourceServerAutoConfiguration]:92 c.g.s.config.AuthResourceServerAutoConfiguration >>> find need auth component:user, userController, com.gapache.cloud.auth.server.controller.UserController@2568611c
02-03 09:19:52.652 INFO  --- [main] [AuthResourceServerAutoConfiguration]:125 c.g.s.config.AuthResourceServerAutoConfiguration >>> $$------AuthResource------AuthResourceDTO(id=null, scope=role:update, name=更新角色)
02-03 09:19:52.652 INFO  --- [main] [AuthResourceServerAutoConfiguration]:125 c.g.s.config.AuthResourceServerAutoConfiguration >>> $$------AuthResource------AuthResourceDTO(id=null, scope=role:delete, name=删除角色)
02-03 09:19:52.653 INFO  --- [main] [AuthResourceServerAutoConfiguration]:125 c.g.s.config.AuthResourceServerAutoConfiguration >>> $$------AuthResource------AuthResourceDTO(id=null, scope=role:create, name=创建角色)
02-03 09:19:52.653 INFO  --- [main] [AuthResourceServerAutoConfiguration]:125 c.g.s.config.AuthResourceServerAutoConfiguration >>> $$------AuthResource------AuthResourceDTO(id=null, scope=role:page, name=分页查询角色)
02-03 09:19:52.653 INFO  --- [main] [AuthResourceServerAutoConfiguration]:125 c.g.s.config.AuthResourceServerAutoConfiguration >>> $$------AuthResource------AuthResourceDTO(id=null, scope=client:findByClientId, name=根据clientId查询client)
02-03 09:19:52.653 INFO  --- [main] [AuthResourceServerAutoConfiguration]:125 c.g.s.config.AuthResourceServerAutoConfiguration >>> $$------AuthResource------AuthResourceDTO(id=null, scope=client:bindUser, name=绑定用户到客户端)
02-03 09:19:52.654 INFO  --- [main] [AuthResourceServerAutoConfiguration]:125 c.g.s.config.AuthResourceServerAutoConfiguration >>> $$------AuthResource------AuthResourceDTO(id=null, scope=client:create, name=创建客户端)
02-03 09:19:52.654 INFO  --- [main] [AuthResourceServerAutoConfiguration]:125 c.g.s.config.AuthResourceServerAutoConfiguration >>> $$------AuthResource------AuthResourceDTO(id=null, scope=user:setUserRole, name=设置用户角色)
02-03 09:19:52.654 INFO  --- [main] [AuthResourceServerAutoConfiguration]:125 c.g.s.config.AuthResourceServerAutoConfiguration >>> $$------AuthResource------AuthResourceDTO(id=null, scope=user:create, name=创建用户)
02-03 09:19:52.665 INFO  --- [main] [ResourceServiceImpl]:52 c.g.c.auth.server.service.impl.ResourceServiceImpl >>> receiveReportData:{"authResources":[{"name":"更新角色","scope":"role:update"},{"name":"删除角色","scope":"role:delete"},{"name":"创建角色","scope":"role:create"},{"name":"分页查询角色","scope":"role:page"},{"name":"根据clientId查询client","scope":"client:findByClientId"},{"name":"绑定用户到客户端","scope":"client:bindUser"},{"name":"创建客户端","scope":"client:create"},{"name":"设置用户角色","scope":"user:setUserRole"},{"name":"创建用户","scope":"user:create"}],"clientId":"husen19950528201314lq19980824","resourceServerName":"AuthCenter"}
02-03 09:19:52.698 INFO  --- [main] [ResourceServiceImpl]:110 c.g.c.auth.server.service.impl.ResourceServiceImpl >>> receiveReportData delete:[]
02-03 09:19:52.699 INFO  --- [main] [ResourceServiceImpl]:113 c.g.c.auth.server.service.impl.ResourceServiceImpl >>> receiveReportData update:[]
02-03 09:19:52.700 INFO  --- [main] [ResourceServiceImpl]:115 c.g.c.auth.server.service.impl.ResourceServiceImpl >>> receiveReportData add:[]
02-03 09:19:52.708 INFO  --- [main] [AuthResourceServerAutoConfiguration]:134 c.g.s.config.AuthResourceServerAutoConfiguration >>> reporting resource finish, result:true, cost time:0ms
02-03 09:19:52.988 INFO  --- [RMI TCP Connection(3)-127.0.0.1] [DirectJDKLog]:173 o.a.c.core.ContainerBase.[Tomcat].[localhost].[/] >>> Initializing Spring DispatcherServlet 'dispatcherServlet'
02-03 09:19:52.989 INFO  --- [RMI TCP Connection(3)-127.0.0.1] [FrameworkServlet]:525 org.springframework.web.servlet.DispatcherServlet >>> Initializing Servlet 'dispatcherServlet'
02-03 09:19:52.999 INFO  --- [RMI TCP Connection(3)-127.0.0.1] [FrameworkServlet]:547 org.springframework.web.servlet.DispatcherServlet >>> Completed initialization in 10 ms
02-03 09:19:53.131 INFO  --- [boundedElastic-1] [EpollProvider]:68 io.lettuce.core.EpollProvider >>> Starting without optional epoll library
02-03 09:19:53.134 INFO  --- [boundedElastic-1] [KqueueProvider]:70 io.lettuce.core.KqueueProvider >>> Starting without optional kqueue library
02-03 09:23:44.823 INFO  --- [http-nio-10000-exec-1] [ResourceServiceImpl]:52 c.g.c.auth.server.service.impl.ResourceServiceImpl >>> receiveReportData:{"authResources":[{"name":"根据用户名查询用户","scope":"User:findByUsername"},{"name":"判断用户是否存在","scope":"User:userIsExisted"},{"name":"根据ID查询用户","scope":"User:get"},{"name":"更新用户","scope":"User:update"},{"name":"删除用户","scope":"User:delete"},{"name":"创建用户","scope":"User:create"},{"name":"根据ID查询用户自定义信息","scope":"UserCustomizeInfo:get"},{"name":"更新用户自定义信息","scope":"UserCustomizeInfo:update"},{"name":"删除用户自定义信息","scope":"UserCustomizeInfo:delete"},{"name":"创建用户自定义信息","scope":"UserCustomizeInfo:create"}],"clientId":"user123456user","resourceServerName":"UserServer"}
02-03 09:23:44.846 INFO  --- [http-nio-10000-exec-1] [ResourceServiceImpl]:110 c.g.c.auth.server.service.impl.ResourceServiceImpl >>> receiveReportData delete:[]
02-03 09:23:44.847 INFO  --- [http-nio-10000-exec-1] [ResourceServiceImpl]:113 c.g.c.auth.server.service.impl.ResourceServiceImpl >>> receiveReportData update:[]
02-03 09:23:44.849 INFO  --- [http-nio-10000-exec-1] [ResourceServiceImpl]:115 c.g.c.auth.server.service.impl.ResourceServiceImpl >>> receiveReportData add:[]
02-03 09:24:05.765 INFO  --- [http-nio-10000-exec-2] [ResourceServiceImpl]:52 c.g.c.auth.server.service.impl.ResourceServiceImpl >>> receiveReportData:{"authResources":[{"name":"分页查询基金净值","scope":"FundNetWorth:page"},{"name":"检查通行证","scope":"Test:checkAccessCard"},{"name":"上传交易数据","scope":"Transaction:upload"},{"name":"分页查询交易数据","scope":"Transaction:page"},{"name":"加载基金数据","scope":"Fund:loadData"},{"name":"基金加入持有","scope":"Fund:joinHold"},{"name":"基金查询持有","scope":"Fund:queryHold"},{"name":"加入自选","scope":"Fund:joinOptional"},{"name":"查询自选","scope":"Fund:queryOptional"},{"name":"分页查询基金","scope":"Fund:page"},{"name":"添加基金","scope":"Fund:add"}],"clientId":"money123456money","resourceServerName":"MoneyManagement"}
02-03 09:24:05.781 INFO  --- [http-nio-10000-exec-2] [ResourceServiceImpl]:110 c.g.c.auth.server.service.impl.ResourceServiceImpl >>> receiveReportData delete:[]
02-03 09:24:05.782 INFO  --- [http-nio-10000-exec-2] [ResourceServiceImpl]:113 c.g.c.auth.server.service.impl.ResourceServiceImpl >>> receiveReportData update:[]
02-03 09:24:05.782 INFO  --- [http-nio-10000-exec-2] [ResourceServiceImpl]:115 c.g.c.auth.server.service.impl.ResourceServiceImpl >>> receiveReportData add:[]
02-03 09:36:39.941 INFO  --- [SpringContextShutdownHook] [ExecutorConfigurationSupport]:208 o.s.scheduling.concurrent.ThreadPoolTaskScheduler >>> Shutting down ExecutorService 'Nacso-Watch-Task-Scheduler'
02-03 09:36:40.009 INFO  --- [SpringContextShutdownHook] [NacosServiceRegistry]:80 c.a.cloud.nacos.registry.NacosServiceRegistry >>> De-registering from Nacos Server now...
02-03 09:36:40.012 INFO  --- [SpringContextShutdownHook] [NacosServiceRegistry]:100 c.a.cloud.nacos.registry.NacosServiceRegistry >>> De-registration finished.
02-03 09:36:40.014 INFO  --- [SpringContextShutdownHook] [ExecutorConfigurationSupport]:208 o.s.scheduling.concurrent.ThreadPoolTaskExecutor >>> Shutting down ExecutorService 'applicationTaskExecutor'
02-03 09:36:40.022 INFO  --- [SpringContextShutdownHook] [AbstractEntityManagerFactoryBean]:598 o.s.orm.jpa.LocalContainerEntityManagerFactoryBean >>> Closing JPA EntityManagerFactory for persistence unit 'default'
02-03 09:36:40.143 INFO  --- [SpringContextShutdownHook] [HikariDataSource]:350 com.zaxxer.hikari.HikariDataSource >>> HikariPool-1 - Shutdown initiated...
02-03 09:36:40.165 INFO  --- [SpringContextShutdownHook] [HikariDataSource]:352 com.zaxxer.hikari.HikariDataSource >>> HikariPool-1 - Shutdown completed.
02-03 09:36:40.178 INFO  --- [SpringContextShutdownHook] [AccessCardPersistenceFilter]:102 c.g.security.filter.AccessCardPersistenceFilter >>> destroy accessCardPersistenceFilter
02-03 09:36:46.879 INFO  --- [main] [SpringApplication]:651 com.gapache.cloud.auth.server.AuthCenterServer >>> No active profile set, falling back to default profiles: default
02-03 09:36:47.619 WARN  --- [main] [EndpointId]:155 o.springframework.boot.actuate.endpoint.EndpointId >>> Endpoint ID 'nacos-discovery' contains invalid characters, please migrate to a valid format.
02-03 09:36:47.892 INFO  --- [main] [RepositoryConfigurationDelegate]:249 o.s.d.r.config.RepositoryConfigurationDelegate >>> Multiple Spring Data modules found, entering strict repository configuration mode!
02-03 09:36:47.892 INFO  --- [main] [RepositoryConfigurationDelegate]:127 o.s.d.r.config.RepositoryConfigurationDelegate >>> Bootstrapping Spring Data JPA repositories in DEFAULT mode.
02-03 09:36:48.005 INFO  --- [main] [RepositoryConfigurationDelegate]:187 o.s.d.r.config.RepositoryConfigurationDelegate >>> Finished Spring Data repository scanning in 106ms. Found 9 JPA repository interfaces.
02-03 09:36:48.022 INFO  --- [main] [RepositoryConfigurationDelegate]:249 o.s.d.r.config.RepositoryConfigurationDelegate >>> Multiple Spring Data modules found, entering strict repository configuration mode!
02-03 09:36:48.024 INFO  --- [main] [RepositoryConfigurationDelegate]:127 o.s.d.r.config.RepositoryConfigurationDelegate >>> Bootstrapping Spring Data Redis repositories in DEFAULT mode.
02-03 09:36:48.041 INFO  --- [main] [RepositoryConfigurationExtensionSupport]:348 o.s.d.r.c.RepositoryConfigurationExtensionSupport >>> Spring Data Redis - Could not safely identify store assignment for repository candidate interface com.gapache.cloud.auth.server.dao.repository.client.ClientRepository. If you want this repository to be a Redis repository, consider annotating your entities with one of these annotations: org.springframework.data.redis.core.RedisHash (preferred), or consider extending one of the following types with your repository: org.springframework.data.keyvalue.repository.KeyValueRepository.
02-03 09:36:48.042 INFO  --- [main] [RepositoryConfigurationExtensionSupport]:348 o.s.d.r.c.RepositoryConfigurationExtensionSupport >>> Spring Data Redis - Could not safely identify store assignment for repository candidate interface com.gapache.cloud.auth.server.dao.repository.resource.ResourceRepository. If you want this repository to be a Redis repository, consider annotating your entities with one of these annotations: org.springframework.data.redis.core.RedisHash (preferred), or consider extending one of the following types with your repository: org.springframework.data.keyvalue.repository.KeyValueRepository.
02-03 09:36:48.043 INFO  --- [main] [RepositoryConfigurationExtensionSupport]:348 o.s.d.r.c.RepositoryConfigurationExtensionSupport >>> Spring Data Redis - Could not safely identify store assignment for repository candidate interface com.gapache.cloud.auth.server.dao.repository.resource.ResourceServerRepository. If you want this repository to be a Redis repository, consider annotating your entities with one of these annotations: org.springframework.data.redis.core.RedisHash (preferred), or consider extending one of the following types with your repository: org.springframework.data.keyvalue.repository.KeyValueRepository.
02-03 09:36:48.043 INFO  --- [main] [RepositoryConfigurationExtensionSupport]:348 o.s.d.r.c.RepositoryConfigurationExtensionSupport >>> Spring Data Redis - Could not safely identify store assignment for repository candidate interface com.gapache.cloud.auth.server.dao.repository.user.PermissionRepository. If you want this repository to be a Redis repository, consider annotating your entities with one of these annotations: org.springframework.data.redis.core.RedisHash (preferred), or consider extending one of the following types with your repository: org.springframework.data.keyvalue.repository.KeyValueRepository.
02-03 09:36:48.044 INFO  --- [main] [RepositoryConfigurationExtensionSupport]:348 o.s.d.r.c.RepositoryConfigurationExtensionSupport >>> Spring Data Redis - Could not safely identify store assignment for repository candidate interface com.gapache.cloud.auth.server.dao.repository.user.RolePermissionRepository. If you want this repository to be a Redis repository, consider annotating your entities with one of these annotations: org.springframework.data.redis.core.RedisHash (preferred), or consider extending one of the following types with your repository: org.springframework.data.keyvalue.repository.KeyValueRepository.
02-03 09:36:48.044 INFO  --- [main] [RepositoryConfigurationExtensionSupport]:348 o.s.d.r.c.RepositoryConfigurationExtensionSupport >>> Spring Data Redis - Could not safely identify store assignment for repository candidate interface com.gapache.cloud.auth.server.dao.repository.user.RoleRepository. If you want this repository to be a Redis repository, consider annotating your entities with one of these annotations: org.springframework.data.redis.core.RedisHash (preferred), or consider extending one of the following types with your repository: org.springframework.data.keyvalue.repository.KeyValueRepository.
02-03 09:36:48.045 INFO  --- [main] [RepositoryConfigurationExtensionSupport]:348 o.s.d.r.c.RepositoryConfigurationExtensionSupport >>> Spring Data Redis - Could not safely identify store assignment for repository candidate interface com.gapache.cloud.auth.server.dao.repository.user.UserClientRelationRepository. If you want this repository to be a Redis repository, consider annotating your entities with one of these annotations: org.springframework.data.redis.core.RedisHash (preferred), or consider extending one of the following types with your repository: org.springframework.data.keyvalue.repository.KeyValueRepository.
02-03 09:36:48.045 INFO  --- [main] [RepositoryConfigurationExtensionSupport]:348 o.s.d.r.c.RepositoryConfigurationExtensionSupport >>> Spring Data Redis - Could not safely identify store assignment for repository candidate interface com.gapache.cloud.auth.server.dao.repository.user.UserRepository. If you want this repository to be a Redis repository, consider annotating your entities with one of these annotations: org.springframework.data.redis.core.RedisHash (preferred), or consider extending one of the following types with your repository: org.springframework.data.keyvalue.repository.KeyValueRepository.
02-03 09:36:48.046 INFO  --- [main] [RepositoryConfigurationExtensionSupport]:348 o.s.d.r.c.RepositoryConfigurationExtensionSupport >>> Spring Data Redis - Could not safely identify store assignment for repository candidate interface com.gapache.cloud.auth.server.dao.repository.user.UserRoleRepository. If you want this repository to be a Redis repository, consider annotating your entities with one of these annotations: org.springframework.data.redis.core.RedisHash (preferred), or consider extending one of the following types with your repository: org.springframework.data.keyvalue.repository.KeyValueRepository.
02-03 09:36:48.046 INFO  --- [main] [RepositoryConfigurationDelegate]:187 o.s.d.r.config.RepositoryConfigurationDelegate >>> Finished Spring Data repository scanning in 13ms. Found 0 Redis repository interfaces.
02-03 09:36:48.144 WARN  --- [main] [EndpointId]:155 o.springframework.boot.actuate.endpoint.EndpointId >>> Endpoint ID 'service-registry' contains invalid characters, please migrate to a valid format.
02-03 09:36:48.317 INFO  --- [main] [GenericScope]:295 o.springframework.cloud.context.scope.GenericScope >>> BeanFactory id=0711e437-6496-38f1-91a3-9cfdc69267b7
02-03 09:36:48.452 INFO  --- [main] [PostProcessorRegistrationDelegate$BeanPostProcessorChecker]:330 o.s.c.s.PostProcessorRegistrationDelegate$BeanPostProcessorChecker >>> Bean 'org.springframework.transaction.annotation.ProxyTransactionManagementConfiguration' of type [org.springframework.transaction.annotation.ProxyTransactionManagementConfiguration] is not eligible for getting processed by all BeanPostProcessors (for example: not eligible for auto-proxying)
02-03 09:36:48.912 INFO  --- [main] [TomcatWebServer]:92 o.s.boot.web.embedded.tomcat.TomcatWebServer >>> Tomcat initialized with port(s): 10000 (http)
02-03 09:36:48.921 INFO  --- [main] [DirectJDKLog]:173 org.apache.catalina.core.StandardService >>> Starting service [Tomcat]
02-03 09:36:48.921 INFO  --- [main] [DirectJDKLog]:173 org.apache.catalina.core.StandardEngine >>> Starting Servlet engine: [Apache Tomcat/9.0.29]
02-03 09:36:49.026 INFO  --- [main] [DirectJDKLog]:173 o.a.c.core.ContainerBase.[Tomcat].[localhost].[/] >>> Initializing Spring embedded WebApplicationContext
02-03 09:36:49.026 INFO  --- [main] [ServletWebServerApplicationContext]:284 org.springframework.web.context.ContextLoader >>> Root WebApplicationContext: initialization completed in 2121 ms
02-03 09:36:49.819 INFO  --- [main] [AccessCardPersistenceFilter]:97 c.g.security.filter.AccessCardPersistenceFilter >>> init accessCardPersistenceFilter
02-03 09:36:49.912 INFO  --- [main] [LogHelper]:31 org.hibernate.jpa.internal.util.LogHelper >>> HHH000204: Processing PersistenceUnitInfo [name: default]
02-03 09:36:49.973 INFO  --- [main] [Version]:46 org.hibernate.Version >>> HHH000412: Hibernate Core {5.4.9.Final}
02-03 09:36:50.118 INFO  --- [main] [JavaReflectionManager]:49 org.hibernate.annotations.common.Version >>> HCANN000001: Hibernate Commons Annotations {5.1.0.Final}
02-03 09:36:50.222 INFO  --- [main] [HikariDataSource]:110 com.zaxxer.hikari.HikariDataSource >>> HikariPool-1 - Starting...
02-03 09:36:50.355 INFO  --- [main] [HikariDataSource]:123 com.zaxxer.hikari.HikariDataSource >>> HikariPool-1 - Start completed.
02-03 09:36:50.365 INFO  --- [main] [Dialect]:172 org.hibernate.dialect.Dialect >>> HHH000400: Using dialect: org.hibernate.dialect.MySQL57Dialect
02-03 09:36:51.108 INFO  --- [main] [JtaPlatformInitiator]:52 o.h.e.t.jta.platform.internal.JtaPlatformInitiator >>> HHH000490: Using JtaPlatform implementation: [org.hibernate.engine.transaction.jta.platform.internal.NoJtaPlatform]
02-03 09:36:51.115 INFO  --- [main] [AbstractEntityManagerFactoryBean]:416 o.s.orm.jpa.LocalContainerEntityManagerFactoryBean >>> Initialized JPA EntityManagerFactory for persistence unit 'default'
02-03 09:36:51.826 INFO  --- [main] [SecurityAutoConfiguration]:47 c.g.security.config.SecurityAutoConfiguration >>> 启用私钥进行签名############
02-03 09:36:52.165 INFO  --- [main] [SecurityAutoConfiguration]:40 c.g.security.config.SecurityAutoConfiguration >>> 启用公钥解密############
02-03 09:36:52.168 INFO  --- [main] [Oauth2Controller]:47 c.g.cloud.auth.server.controller.Oauth2Controller >>> Oauth2Controller init:{authorization_code=com.gapache.cloud.auth.server.security.impl.AuthorizationCodeGenerateTokenLogic@3987a1e8, client_credentials=com.gapache.cloud.auth.server.security.impl.ClientCredentialsGenerateTokenLogic@20d65767, password=com.gapache.cloud.auth.server.security.impl.PasswordBaseGenerateTokenLogic@250e8712, refresh_token=com.gapache.cloud.auth.server.security.impl.RefreshTokenGenerateTokenLogic@becb93a}
02-03 09:36:52.396 INFO  --- [main] [DefaultSecurityFilterChain]:43 o.s.security.web.DefaultSecurityFilterChain >>> Creating filter chain: Ant [pattern='/images/**'], []
02-03 09:36:52.397 INFO  --- [main] [DefaultSecurityFilterChain]:43 o.s.security.web.DefaultSecurityFilterChain >>> Creating filter chain: Ant [pattern='/lib/**'], []
02-03 09:36:52.397 INFO  --- [main] [DefaultSecurityFilterChain]:43 o.s.security.web.DefaultSecurityFilterChain >>> Creating filter chain: Ant [pattern='/css/**'], []
02-03 09:36:52.397 INFO  --- [main] [DefaultSecurityFilterChain]:43 o.s.security.web.DefaultSecurityFilterChain >>> Creating filter chain: Ant [pattern='/fonts/**'], []
02-03 09:36:52.397 INFO  --- [main] [DefaultSecurityFilterChain]:43 o.s.security.web.DefaultSecurityFilterChain >>> Creating filter chain: Ant [pattern='/js/**'], []
02-03 09:36:52.397 INFO  --- [main] [DefaultSecurityFilterChain]:43 o.s.security.web.DefaultSecurityFilterChain >>> Creating filter chain: Ant [pattern='/eleTree.js'], []
02-03 09:36:52.397 INFO  --- [main] [DefaultSecurityFilterChain]:43 o.s.security.web.DefaultSecurityFilterChain >>> Creating filter chain: Ant [pattern='/favicon.ico'], []
02-03 09:36:52.398 INFO  --- [main] [DefaultSecurityFilterChain]:43 o.s.security.web.DefaultSecurityFilterChain >>> Creating filter chain: Ant [pattern='/excel/**'], []
02-03 09:36:52.398 INFO  --- [main] [DefaultSecurityFilterChain]:43 o.s.security.web.DefaultSecurityFilterChain >>> Creating filter chain: Ant [pattern='/layui_exts/**'], []
02-03 09:36:52.398 INFO  --- [main] [DefaultSecurityFilterChain]:43 o.s.security.web.DefaultSecurityFilterChain >>> Creating filter chain: Ant [pattern='/layui/**'], []
02-03 09:36:52.437 INFO  --- [main] [DefaultSecurityFilterChain]:43 o.s.security.web.DefaultSecurityFilterChain >>> Creating filter chain: any request, [org.springframework.security.web.context.request.async.WebAsyncManagerIntegrationFilter@5513a46b, org.springframework.security.web.context.SecurityContextPersistenceFilter@345540f9, org.springframework.security.web.header.HeaderWriterFilter@6f36e806, org.springframework.security.web.authentication.logout.LogoutFilter@1fe7fa16, org.springframework.security.web.authentication.UsernamePasswordAuthenticationFilter@4a3333be, org.springframework.security.web.savedrequest.RequestCacheAwareFilter@e3275d3, org.springframework.security.web.servletapi.SecurityContextHolderAwareRequestFilter@f0381f0, org.springframework.security.web.authentication.AnonymousAuthenticationFilter@5759edff, org.springframework.security.web.session.SessionManagementFilter@57fc6759, org.springframework.security.web.access.ExceptionTranslationFilter@319d106c, org.springframework.security.web.access.intercept.FilterSecurityInterceptor@129aaac1]
02-03 09:36:52.454 INFO  --- [main] [URLConfigurationSource]:126 com.netflix.config.sources.URLConfigurationSource >>> URLs to be used as dynamic configuration source: [file:/Users/husen/develop/codes/mine/big-plan/ac/auth-center-server/target/classes/config.properties]
02-03 09:36:52.460 INFO  --- [main] [URLConfigurationSource]:126 com.netflix.config.sources.URLConfigurationSource >>> URLs to be used as dynamic configuration source: [file:/Users/husen/develop/codes/mine/big-plan/ac/auth-center-server/target/classes/config.properties]
02-03 09:36:52.669 INFO  --- [main] [ExecutorConfigurationSupport]:171 o.s.scheduling.concurrent.ThreadPoolTaskExecutor >>> Initializing ExecutorService 'applicationTaskExecutor'
02-03 09:36:52.880 INFO  --- [main] [ExecutorConfigurationSupport]:171 o.s.scheduling.concurrent.ThreadPoolTaskScheduler >>> Initializing ExecutorService 'Nacso-Watch-Task-Scheduler'
02-03 09:36:53.110 INFO  --- [main] [Version]:41 org.redisson.Version >>> Redisson 3.13.4
02-03 09:36:53.391 INFO  --- [redisson-netty-4-19] [ConnectionPool$1]:167 o.r.connection.pool.MasterPubSubConnectionPool >>> 1 connections initialized for /127.0.0.1:6379
02-03 09:36:53.414 INFO  --- [redisson-netty-4-19] [ConnectionPool$1]:167 org.redisson.connection.pool.MasterConnectionPool >>> 24 connections initialized for /127.0.0.1:6379
02-03 09:36:53.510 INFO  --- [main] [RedissonAutoConfiguration]:48 com.gapache.redis.RedissonAutoConfiguration >>> init redissonClient and DistributedLock success
02-03 09:36:53.518 INFO  --- [main] [AuthResourceServerAutoConfiguration$LocalResourceReporterAutoConfiguration]:165 c.g.s.config.AuthResourceServerAutoConfiguration >>> enable register to self[Auth-Center-Server]
02-03 09:36:53.527 INFO  --- [main] [AuthResourceServerAutoConfiguration$RemotePublicKeyLoaderAutoConfiguration]:183 c.g.s.config.AuthResourceServerAutoConfiguration >>> cloudRestTemplate
02-03 09:36:53.547 INFO  --- [main] [AuthResourceServerAutoConfiguration]:61 c.g.s.config.AuthResourceServerAutoConfiguration >>> auto setting AuthResourceServer's config
02-03 09:36:53.936 INFO  --- [main] [EndpointLinksResolver]:58 o.s.b.actuate.endpoint.web.EndpointLinksResolver >>> Exposing 18 endpoint(s) beneath base path '/actuator'
02-03 09:36:54.061 INFO  --- [main] [AuthCenterServer]:98 com.gapache.cloud.auth.server.AuthCenterServer >>> 1.AuthCenter
02-03 09:36:54.478 INFO  --- [main] [AuthCenterServer]:72 com.gapache.cloud.auth.server.AuthCenterServer >>> husen.$2a$10$UoqW4Q76MohnyY6LGy9/8epOGv7YvdS6dezTS1WLpJfHKuhd1ZrX2.我是超级管理员.https://wpimg.wallstcn.com/f778738c-e4f8-4870-b634-56703b4acafe.gif
02-03 09:36:54.570 INFO  --- [main] [TomcatWebServer]:204 o.s.boot.web.embedded.tomcat.TomcatWebServer >>> Tomcat started on port(s): 10000 (http) with context path ''
02-03 09:36:54.683 INFO  --- [main] [NacosServiceRegistry]:65 c.a.cloud.nacos.registry.NacosServiceRegistry >>> nacos registry, DEFAULT_GROUP auth-center-server 192.168.101.65:10000 register finished
02-03 09:36:54.690 INFO  --- [main] [StartupInfoLogger]:61 com.gapache.cloud.auth.server.AuthCenterServer >>> Started AuthCenterServer in 8.995 seconds (JVM running for 10.271)
02-03 09:36:54.696 INFO  --- [main] [AuthResourceServerAutoConfiguration]:66 c.g.s.config.AuthResourceServerAutoConfiguration >>> AuthResourceServerAutoConfiguration listening event:org.springframework.boot.context.event.ApplicationReadyEvent[source=org.springframework.boot.SpringApplication@137db13f]
02-03 09:36:54.713 INFO  --- [main] [AuthResourceServerAutoConfiguration]:92 c.g.s.config.AuthResourceServerAutoConfiguration >>> find need auth component:client, clientController, com.gapache.cloud.auth.server.controller.ClientController@49bc71b4
02-03 09:36:54.717 INFO  --- [main] [AuthResourceServerAutoConfiguration]:92 c.g.s.config.AuthResourceServerAutoConfiguration >>> find need auth component:role, roleController, com.gapache.cloud.auth.server.controller.RoleController@62581ef6
02-03 09:36:54.717 INFO  --- [main] [AuthResourceServerAutoConfiguration]:92 c.g.s.config.AuthResourceServerAutoConfiguration >>> find need auth component:user, userController, com.gapache.cloud.auth.server.controller.UserController@60484429
02-03 09:36:54.718 INFO  --- [main] [AuthResourceServerAutoConfiguration]:125 c.g.s.config.AuthResourceServerAutoConfiguration >>> $$------AuthResource------AuthResourceDTO(id=null, scope=role:page, name=分页查询角色)
02-03 09:36:54.719 INFO  --- [main] [AuthResourceServerAutoConfiguration]:125 c.g.s.config.AuthResourceServerAutoConfiguration >>> $$------AuthResource------AuthResourceDTO(id=null, scope=role:update, name=更新角色)
02-03 09:36:54.719 INFO  --- [main] [AuthResourceServerAutoConfiguration]:125 c.g.s.config.AuthResourceServerAutoConfiguration >>> $$------AuthResource------AuthResourceDTO(id=null, scope=role:delete, name=删除角色)
02-03 09:36:54.719 INFO  --- [main] [AuthResourceServerAutoConfiguration]:125 c.g.s.config.AuthResourceServerAutoConfiguration >>> $$------AuthResource------AuthResourceDTO(id=null, scope=role:create, name=创建角色)
02-03 09:36:54.719 INFO  --- [main] [AuthResourceServerAutoConfiguration]:125 c.g.s.config.AuthResourceServerAutoConfiguration >>> $$------AuthResource------AuthResourceDTO(id=null, scope=client:findByClientId, name=根据clientId查询client)
02-03 09:36:54.719 INFO  --- [main] [AuthResourceServerAutoConfiguration]:125 c.g.s.config.AuthResourceServerAutoConfiguration >>> $$------AuthResource------AuthResourceDTO(id=null, scope=client:bindUser, name=绑定用户到客户端)
02-03 09:36:54.719 INFO  --- [main] [AuthResourceServerAutoConfiguration]:125 c.g.s.config.AuthResourceServerAutoConfiguration >>> $$------AuthResource------AuthResourceDTO(id=null, scope=client:create, name=创建客户端)
02-03 09:36:54.720 INFO  --- [main] [AuthResourceServerAutoConfiguration]:125 c.g.s.config.AuthResourceServerAutoConfiguration >>> $$------AuthResource------AuthResourceDTO(id=null, scope=user:setUserRole, name=设置用户角色)
02-03 09:36:54.720 INFO  --- [main] [AuthResourceServerAutoConfiguration]:125 c.g.s.config.AuthResourceServerAutoConfiguration >>> $$------AuthResource------AuthResourceDTO(id=null, scope=user:create, name=创建用户)
02-03 09:36:54.728 INFO  --- [main] [ResourceServiceImpl]:52 c.g.c.auth.server.service.impl.ResourceServiceImpl >>> receiveReportData:{"authResources":[{"name":"分页查询角色","scope":"role:page"},{"name":"更新角色","scope":"role:update"},{"name":"删除角色","scope":"role:delete"},{"name":"创建角色","scope":"role:create"},{"name":"根据clientId查询client","scope":"client:findByClientId"},{"name":"绑定用户到客户端","scope":"client:bindUser"},{"name":"创建客户端","scope":"client:create"},{"name":"设置用户角色","scope":"user:setUserRole"},{"name":"创建用户","scope":"user:create"}],"clientId":"husen19950528201314lq19980824","resourceServerName":"AuthCenter"}
02-03 09:36:54.754 INFO  --- [main] [ResourceServiceImpl]:110 c.g.c.auth.server.service.impl.ResourceServiceImpl >>> receiveReportData delete:[]
02-03 09:36:54.755 INFO  --- [main] [ResourceServiceImpl]:113 c.g.c.auth.server.service.impl.ResourceServiceImpl >>> receiveReportData update:[]
02-03 09:36:54.755 INFO  --- [main] [ResourceServiceImpl]:115 c.g.c.auth.server.service.impl.ResourceServiceImpl >>> receiveReportData add:[]
02-03 09:36:54.762 INFO  --- [main] [AuthResourceServerAutoConfiguration]:134 c.g.s.config.AuthResourceServerAutoConfiguration >>> reporting resource finish, result:true, cost time:0ms
02-03 09:36:55.059 INFO  --- [RMI TCP Connection(3)-127.0.0.1] [DirectJDKLog]:173 o.a.c.core.ContainerBase.[Tomcat].[localhost].[/] >>> Initializing Spring DispatcherServlet 'dispatcherServlet'
02-03 09:36:55.060 INFO  --- [RMI TCP Connection(3)-127.0.0.1] [FrameworkServlet]:525 org.springframework.web.servlet.DispatcherServlet >>> Initializing Servlet 'dispatcherServlet'
02-03 09:36:55.071 INFO  --- [RMI TCP Connection(3)-127.0.0.1] [FrameworkServlet]:547 org.springframework.web.servlet.DispatcherServlet >>> Completed initialization in 11 ms
02-03 09:36:55.199 INFO  --- [boundedElastic-1] [EpollProvider]:68 io.lettuce.core.EpollProvider >>> Starting without optional epoll library
02-03 09:36:55.200 INFO  --- [boundedElastic-1] [KqueueProvider]:70 io.lettuce.core.KqueueProvider >>> Starting without optional kqueue library
02-03 13:10:59.044 INFO  --- [SpringContextShutdownHook] [ExecutorConfigurationSupport]:208 o.s.scheduling.concurrent.ThreadPoolTaskScheduler >>> Shutting down ExecutorService 'Nacso-Watch-Task-Scheduler'
02-03 13:10:59.127 INFO  --- [SpringContextShutdownHook] [NacosServiceRegistry]:80 c.a.cloud.nacos.registry.NacosServiceRegistry >>> De-registering from Nacos Server now...
02-03 13:10:59.140 INFO  --- [SpringContextShutdownHook] [NacosServiceRegistry]:100 c.a.cloud.nacos.registry.NacosServiceRegistry >>> De-registration finished.
02-03 13:10:59.142 INFO  --- [SpringContextShutdownHook] [ExecutorConfigurationSupport]:208 o.s.scheduling.concurrent.ThreadPoolTaskExecutor >>> Shutting down ExecutorService 'applicationTaskExecutor'
02-03 13:10:59.158 INFO  --- [SpringContextShutdownHook] [AbstractEntityManagerFactoryBean]:598 o.s.orm.jpa.LocalContainerEntityManagerFactoryBean >>> Closing JPA EntityManagerFactory for persistence unit 'default'
02-03 13:10:59.290 INFO  --- [SpringContextShutdownHook] [HikariDataSource]:350 com.zaxxer.hikari.HikariDataSource >>> HikariPool-1 - Shutdown initiated...
02-03 13:10:59.301 INFO  --- [SpringContextShutdownHook] [HikariDataSource]:352 com.zaxxer.hikari.HikariDataSource >>> HikariPool-1 - Shutdown completed.
02-03 13:10:59.316 INFO  --- [SpringContextShutdownHook] [AccessCardPersistenceFilter]:102 c.g.security.filter.AccessCardPersistenceFilter >>> destroy accessCardPersistenceFilter
