02-01 10:04:44.168 INFO  --- [main] [AbstractTestContextBootstrapper]:308 o.s.b.t.context.SpringBootTestContextBootstrapper >>> Neither @ContextConfiguration nor @ContextHierarchy found for test class [ResourceDaoImplTest], using SpringBootContextLoader
02-01 10:04:44.188 INFO  --- [main] [AbstractContextLoader]:264 o.s.test.context.support.AbstractContextLoader >>> Could not detect default resource locations for test class [ResourceDaoImplTest]: no resource found for suffixes {-context.xml, Context.groovy}.
02-01 10:04:44.573 INFO  --- [main] [AbstractTestContextBootstrapper]:248 o.s.b.t.context.SpringBootTestContextBootstrapper >>> Loaded default TestExecutionListener class names from location [META-INF/spring.factories]: [org.springframework.boot.test.mock.mockito.MockitoTestExecutionListener, org.springframework.boot.test.mock.mockito.ResetMocksTestExecutionListener, org.springframework.boot.test.autoconfigure.restdocs.RestDocsTestExecutionListener, org.springframework.boot.test.autoconfigure.web.client.MockRestServiceServerResetTestExecutionListener, org.springframework.boot.test.autoconfigure.web.servlet.MockMvcPrintOnlyOnFailureTestExecutionListener, org.springframework.boot.test.autoconfigure.web.servlet.WebDriverTestExecutionListener, org.springframework.test.context.web.ServletTestExecutionListener, org.springframework.test.context.support.DirtiesContextBeforeModesTestExecutionListener, org.springframework.test.context.support.DependencyInjectionTestExecutionListener, org.springframework.test.context.support.DirtiesContextTestExecutionListener, org.springframework.test.context.transaction.TransactionalTestExecutionListener, org.springframework.test.context.jdbc.SqlScriptsTestExecutionListener, org.springframework.test.context.event.EventPublishingTestExecutionListener]
02-01 10:04:44.612 INFO  --- [main] [AbstractTestContextBootstrapper]:177 o.s.b.t.context.SpringBootTestContextBootstrapper >>> Using TestExecutionListeners: [org.springframework.test.context.web.ServletTestExecutionListener@6fd83fc1, org.springframework.test.context.support.DirtiesContextBeforeModesTestExecutionListener@4f2b503c, org.springframework.boot.test.mock.mockito.MockitoTestExecutionListener@bae7dc0, org.springframework.boot.test.autoconfigure.SpringBootDependencyInjectionTestExecutionListener@209da20d, org.springframework.test.context.support.DirtiesContextTestExecutionListener@e15b7e8, org.springframework.test.context.transaction.TransactionalTestExecutionListener@1b2abca6, org.springframework.test.context.jdbc.SqlScriptsTestExecutionListener@6392827e, org.springframework.test.context.event.EventPublishingTestExecutionListener@2ed2d9cb, org.springframework.boot.test.mock.mockito.ResetMocksTestExecutionListener@d5b810e, org.springframework.boot.test.autoconfigure.restdocs.RestDocsTestExecutionListener@43dac38f, org.springframework.boot.test.autoconfigure.web.client.MockRestServiceServerResetTestExecutionListener@342c38f8, org.springframework.boot.test.autoconfigure.web.servlet.MockMvcPrintOnlyOnFailureTestExecutionListener@c88a337, org.springframework.boot.test.autoconfigure.web.servlet.WebDriverTestExecutionListener@5d0a1059]
02-01 10:04:45.888 INFO  --- [main] [SpringApplication]:651 ResourceDaoImplTest >>> No active profile set, falling back to default profiles: default
02-01 10:04:47.032 WARN  --- [main] [EndpointId]:155 o.springframework.boot.actuate.endpoint.EndpointId >>> Endpoint ID 'nacos-discovery' contains invalid characters, please migrate to a valid format.
02-01 10:04:47.496 INFO  --- [main] [RepositoryConfigurationDelegate]:249 o.s.d.r.config.RepositoryConfigurationDelegate >>> Multiple Spring Data modules found, entering strict repository configuration mode!
02-01 10:04:47.500 INFO  --- [main] [RepositoryConfigurationDelegate]:127 o.s.d.r.config.RepositoryConfigurationDelegate >>> Bootstrapping Spring Data JPA repositories in DEFAULT mode.
02-01 10:04:48.086 INFO  --- [main] [RepositoryConfigurationDelegate]:187 o.s.d.r.config.RepositoryConfigurationDelegate >>> Finished Spring Data repository scanning in 569ms. Found 9 JPA repository interfaces.
02-01 10:04:48.117 INFO  --- [main] [RepositoryConfigurationDelegate]:249 o.s.d.r.config.RepositoryConfigurationDelegate >>> Multiple Spring Data modules found, entering strict repository configuration mode!
02-01 10:04:48.119 INFO  --- [main] [RepositoryConfigurationDelegate]:127 o.s.d.r.config.RepositoryConfigurationDelegate >>> Bootstrapping Spring Data Redis repositories in DEFAULT mode.
02-01 10:04:48.154 INFO  --- [main] [RepositoryConfigurationExtensionSupport]:348 o.s.d.r.c.RepositoryConfigurationExtensionSupport >>> Spring Data Redis - Could not safely identify store assignment for repository candidate interface com.gapache.cloud.auth.server.dao.repository.client.ClientRepository. If you want this repository to be a Redis repository, consider annotating your entities with one of these annotations: org.springframework.data.redis.core.RedisHash (preferred), or consider extending one of the following types with your repository: org.springframework.data.keyvalue.repository.KeyValueRepository.
02-01 10:04:48.156 INFO  --- [main] [RepositoryConfigurationExtensionSupport]:348 o.s.d.r.c.RepositoryConfigurationExtensionSupport >>> Spring Data Redis - Could not safely identify store assignment for repository candidate interface com.gapache.cloud.auth.server.dao.repository.resource.ResourceRepository. If you want this repository to be a Redis repository, consider annotating your entities with one of these annotations: org.springframework.data.redis.core.RedisHash (preferred), or consider extending one of the following types with your repository: org.springframework.data.keyvalue.repository.KeyValueRepository.
02-01 10:04:48.157 INFO  --- [main] [RepositoryConfigurationExtensionSupport]:348 o.s.d.r.c.RepositoryConfigurationExtensionSupport >>> Spring Data Redis - Could not safely identify store assignment for repository candidate interface com.gapache.cloud.auth.server.dao.repository.resource.ResourceServerRepository. If you want this repository to be a Redis repository, consider annotating your entities with one of these annotations: org.springframework.data.redis.core.RedisHash (preferred), or consider extending one of the following types with your repository: org.springframework.data.keyvalue.repository.KeyValueRepository.
02-01 10:04:48.158 INFO  --- [main] [RepositoryConfigurationExtensionSupport]:348 o.s.d.r.c.RepositoryConfigurationExtensionSupport >>> Spring Data Redis - Could not safely identify store assignment for repository candidate interface com.gapache.cloud.auth.server.dao.repository.user.PermissionRepository. If you want this repository to be a Redis repository, consider annotating your entities with one of these annotations: org.springframework.data.redis.core.RedisHash (preferred), or consider extending one of the following types with your repository: org.springframework.data.keyvalue.repository.KeyValueRepository.
02-01 10:04:48.159 INFO  --- [main] [RepositoryConfigurationExtensionSupport]:348 o.s.d.r.c.RepositoryConfigurationExtensionSupport >>> Spring Data Redis - Could not safely identify store assignment for repository candidate interface com.gapache.cloud.auth.server.dao.repository.user.RolePermissionRepository. If you want this repository to be a Redis repository, consider annotating your entities with one of these annotations: org.springframework.data.redis.core.RedisHash (preferred), or consider extending one of the following types with your repository: org.springframework.data.keyvalue.repository.KeyValueRepository.
02-01 10:04:48.160 INFO  --- [main] [RepositoryConfigurationExtensionSupport]:348 o.s.d.r.c.RepositoryConfigurationExtensionSupport >>> Spring Data Redis - Could not safely identify store assignment for repository candidate interface com.gapache.cloud.auth.server.dao.repository.user.RoleRepository. If you want this repository to be a Redis repository, consider annotating your entities with one of these annotations: org.springframework.data.redis.core.RedisHash (preferred), or consider extending one of the following types with your repository: org.springframework.data.keyvalue.repository.KeyValueRepository.
02-01 10:04:48.161 INFO  --- [main] [RepositoryConfigurationExtensionSupport]:348 o.s.d.r.c.RepositoryConfigurationExtensionSupport >>> Spring Data Redis - Could not safely identify store assignment for repository candidate interface com.gapache.cloud.auth.server.dao.repository.user.UserClientRelationRepository. If you want this repository to be a Redis repository, consider annotating your entities with one of these annotations: org.springframework.data.redis.core.RedisHash (preferred), or consider extending one of the following types with your repository: org.springframework.data.keyvalue.repository.KeyValueRepository.
02-01 10:04:48.162 INFO  --- [main] [RepositoryConfigurationExtensionSupport]:348 o.s.d.r.c.RepositoryConfigurationExtensionSupport >>> Spring Data Redis - Could not safely identify store assignment for repository candidate interface com.gapache.cloud.auth.server.dao.repository.user.UserRepository. If you want this repository to be a Redis repository, consider annotating your entities with one of these annotations: org.springframework.data.redis.core.RedisHash (preferred), or consider extending one of the following types with your repository: org.springframework.data.keyvalue.repository.KeyValueRepository.
02-01 10:04:48.163 INFO  --- [main] [RepositoryConfigurationExtensionSupport]:348 o.s.d.r.c.RepositoryConfigurationExtensionSupport >>> Spring Data Redis - Could not safely identify store assignment for repository candidate interface com.gapache.cloud.auth.server.dao.repository.user.UserRoleRepository. If you want this repository to be a Redis repository, consider annotating your entities with one of these annotations: org.springframework.data.redis.core.RedisHash (preferred), or consider extending one of the following types with your repository: org.springframework.data.keyvalue.repository.KeyValueRepository.
02-01 10:04:48.163 INFO  --- [main] [RepositoryConfigurationDelegate]:187 o.s.d.r.config.RepositoryConfigurationDelegate >>> Finished Spring Data repository scanning in 23ms. Found 0 Redis repository interfaces.
02-01 10:04:48.284 WARN  --- [main] [EndpointId]:155 o.springframework.boot.actuate.endpoint.EndpointId >>> Endpoint ID 'service-registry' contains invalid characters, please migrate to a valid format.
02-01 10:04:48.615 INFO  --- [main] [GenericScope]:295 o.springframework.cloud.context.scope.GenericScope >>> BeanFactory id=f2aff96d-5158-3ceb-a24d-30df3c6dce6d
02-01 10:04:49.098 INFO  --- [main] [PostProcessorRegistrationDelegate$BeanPostProcessorChecker]:330 o.s.c.s.PostProcessorRegistrationDelegate$BeanPostProcessorChecker >>> Bean 'org.springframework.transaction.annotation.ProxyTransactionManagementConfiguration' of type [org.springframework.transaction.annotation.ProxyTransactionManagementConfiguration] is not eligible for getting processed by all BeanPostProcessors (for example: not eligible for auto-proxying)
02-01 10:04:49.703 INFO  --- [main] [LogHelper]:31 org.hibernate.jpa.internal.util.LogHelper >>> HHH000204: Processing PersistenceUnitInfo [name: default]
02-01 10:04:49.871 INFO  --- [main] [Version]:46 org.hibernate.Version >>> HHH000412: Hibernate Core {5.4.9.Final}
02-01 10:04:50.176 INFO  --- [main] [JavaReflectionManager]:49 org.hibernate.annotations.common.Version >>> HCANN000001: Hibernate Commons Annotations {5.1.0.Final}
02-01 10:04:50.385 INFO  --- [main] [HikariDataSource]:110 com.zaxxer.hikari.HikariDataSource >>> HikariPool-1 - Starting...
02-01 10:04:50.670 INFO  --- [main] [HikariDataSource]:123 com.zaxxer.hikari.HikariDataSource >>> HikariPool-1 - Start completed.
02-01 10:04:50.694 INFO  --- [main] [Dialect]:172 org.hibernate.dialect.Dialect >>> HHH000400: Using dialect: org.hibernate.dialect.MySQL57Dialect
02-01 10:04:52.043 INFO  --- [main] [JtaPlatformInitiator]:52 o.h.e.t.jta.platform.internal.JtaPlatformInitiator >>> HHH000490: Using JtaPlatform implementation: [org.hibernate.engine.transaction.jta.platform.internal.NoJtaPlatform]
02-01 10:04:52.056 INFO  --- [main] [AbstractEntityManagerFactoryBean]:416 o.s.orm.jpa.LocalContainerEntityManagerFactoryBean >>> Initialized JPA EntityManagerFactory for persistence unit 'default'
02-01 10:04:52.961 INFO  --- [main] [SecurityAutoConfiguration]:46 c.g.security.config.SecurityAutoConfiguration >>> 启用私钥进行签名############
02-01 10:04:54.415 INFO  --- [main] [SecurityAutoConfiguration]:39 c.g.security.config.SecurityAutoConfiguration >>> 启用公钥解密############
02-01 10:04:54.424 INFO  --- [main] [Oauth2Controller]:47 c.g.cloud.auth.server.controller.Oauth2Controller >>> Oauth2Controller init:{authorization_code=com.gapache.cloud.auth.server.security.impl.AuthorizationCodeGenerateTokenLogic@23cfdfa2, client_credentials=com.gapache.cloud.auth.server.security.impl.ClientCredentialsGenerateTokenLogic@1e09c0b, password=com.gapache.cloud.auth.server.security.impl.PasswordBaseGenerateTokenLogic@4880a9d, refresh_token=com.gapache.cloud.auth.server.security.impl.RefreshTokenGenerateTokenLogic@48f2d51d}
02-01 10:04:54.995 INFO  --- [main] [DefaultSecurityFilterChain]:43 o.s.security.web.DefaultSecurityFilterChain >>> Creating filter chain: Ant [pattern='/images/**'], []
02-01 10:04:54.996 INFO  --- [main] [DefaultSecurityFilterChain]:43 o.s.security.web.DefaultSecurityFilterChain >>> Creating filter chain: Ant [pattern='/lib/**'], []
02-01 10:04:54.996 INFO  --- [main] [DefaultSecurityFilterChain]:43 o.s.security.web.DefaultSecurityFilterChain >>> Creating filter chain: Ant [pattern='/css/**'], []
02-01 10:04:54.996 INFO  --- [main] [DefaultSecurityFilterChain]:43 o.s.security.web.DefaultSecurityFilterChain >>> Creating filter chain: Ant [pattern='/fonts/**'], []
02-01 10:04:54.997 INFO  --- [main] [DefaultSecurityFilterChain]:43 o.s.security.web.DefaultSecurityFilterChain >>> Creating filter chain: Ant [pattern='/js/**'], []
02-01 10:04:54.997 INFO  --- [main] [DefaultSecurityFilterChain]:43 o.s.security.web.DefaultSecurityFilterChain >>> Creating filter chain: Ant [pattern='/eleTree.js'], []
02-01 10:04:54.997 INFO  --- [main] [DefaultSecurityFilterChain]:43 o.s.security.web.DefaultSecurityFilterChain >>> Creating filter chain: Ant [pattern='/favicon.ico'], []
02-01 10:04:54.998 INFO  --- [main] [DefaultSecurityFilterChain]:43 o.s.security.web.DefaultSecurityFilterChain >>> Creating filter chain: Ant [pattern='/excel/**'], []
02-01 10:04:54.998 INFO  --- [main] [DefaultSecurityFilterChain]:43 o.s.security.web.DefaultSecurityFilterChain >>> Creating filter chain: Ant [pattern='/layui_exts/**'], []
02-01 10:04:54.998 INFO  --- [main] [DefaultSecurityFilterChain]:43 o.s.security.web.DefaultSecurityFilterChain >>> Creating filter chain: Ant [pattern='/layui/**'], []
02-01 10:04:55.183 INFO  --- [main] [DefaultSecurityFilterChain]:43 o.s.security.web.DefaultSecurityFilterChain >>> Creating filter chain: any request, [org.springframework.security.web.context.request.async.WebAsyncManagerIntegrationFilter@49c6ee4a, org.springframework.security.web.context.SecurityContextPersistenceFilter@b272860, org.springframework.security.web.header.HeaderWriterFilter@47c422d3, org.springframework.security.web.authentication.logout.LogoutFilter@f391e52, org.springframework.security.web.authentication.UsernamePasswordAuthenticationFilter@16f15a4, org.springframework.security.web.savedrequest.RequestCacheAwareFilter@6e7cb01a, org.springframework.security.web.servletapi.SecurityContextHolderAwareRequestFilter@4004bfba, org.springframework.security.web.authentication.AnonymousAuthenticationFilter@4dd425dc, org.springframework.security.web.session.SessionManagementFilter@1e489957, org.springframework.security.web.access.ExceptionTranslationFilter@24d73c51, org.springframework.security.web.access.intercept.FilterSecurityInterceptor@7891742e]
02-01 10:04:55.517 INFO  --- [main] [URLConfigurationSource]:126 com.netflix.config.sources.URLConfigurationSource >>> URLs to be used as dynamic configuration source: [file:/Users/husen/develop/codes/mine/big-plan/ac/auth-center-server/target/classes/config.properties]
02-01 10:04:55.536 INFO  --- [main] [URLConfigurationSource]:126 com.netflix.config.sources.URLConfigurationSource >>> URLs to be used as dynamic configuration source: [file:/Users/husen/develop/codes/mine/big-plan/ac/auth-center-server/target/classes/config.properties]
02-01 10:04:55.979 INFO  --- [main] [ExecutorConfigurationSupport]:171 o.s.scheduling.concurrent.ThreadPoolTaskExecutor >>> Initializing ExecutorService 'applicationTaskExecutor'
02-01 10:04:56.510 INFO  --- [main] [ExecutorConfigurationSupport]:171 o.s.scheduling.concurrent.ThreadPoolTaskScheduler >>> Initializing ExecutorService 'Nacso-Watch-Task-Scheduler'
02-01 10:04:57.124 INFO  --- [main] [Version]:41 org.redisson.Version >>> Redisson 3.13.4
02-01 10:04:57.569 INFO  --- [redisson-netty-4-14] [ConnectionPool$1]:167 o.r.connection.pool.MasterPubSubConnectionPool >>> 1 connections initialized for /127.0.0.1:6379
02-01 10:04:57.598 INFO  --- [redisson-netty-4-19] [ConnectionPool$1]:167 org.redisson.connection.pool.MasterConnectionPool >>> 24 connections initialized for /127.0.0.1:6379
02-01 10:04:57.643 INFO  --- [main] [RedissonAutoConfiguration]:48 com.gapache.redis.RedissonAutoConfiguration >>> init redissonClient and DistributedLock success
02-01 10:04:57.661 INFO  --- [main] [AuthResourceServerAutoConfiguration$LocalResourceReporterAutoConfiguration]:165 c.g.s.config.AuthResourceServerAutoConfiguration >>> enable register to self[Auth-Center-Server]
02-01 10:04:57.684 INFO  --- [main] [AuthResourceServerAutoConfiguration$RemotePublicKeyLoaderAutoConfiguration]:183 c.g.s.config.AuthResourceServerAutoConfiguration >>> cloudRestTemplate
02-01 10:04:57.735 INFO  --- [main] [AuthResourceServerAutoConfiguration]:61 c.g.s.config.AuthResourceServerAutoConfiguration >>> auto setting AuthResourceServer's config
02-01 10:04:58.918 INFO  --- [main] [EndpointLinksResolver]:58 o.s.b.actuate.endpoint.web.EndpointLinksResolver >>> Exposing 18 endpoint(s) beneath base path '/actuator'
02-01 10:04:59.077 INFO  --- [main] [AuthCenterServer]:96 com.gapache.cloud.auth.server.AuthCenterServer >>> 1.AuthCenter
02-01 10:04:59.536 INFO  --- [main] [AuthCenterServer]:79 com.gapache.cloud.auth.server.AuthCenterServer >>> husen.$2a$10$4cwSeKKkgkO0IjB5W.xwNe5CHoISZKVzwVpYULTQmz2LIQopWAXge.我是超级管理员.https://wpimg.wallstcn.com/f778738c-e4f8-4870-b634-56703b4acafe.gif
02-01 10:04:59.567 INFO  --- [main] [StartupInfoLogger]:61 ResourceDaoImplTest >>> Started ResourceDaoImplTest in 14.828 seconds (JVM running for 16.995)
02-01 10:04:59.623 INFO  --- [main] [AuthResourceServerAutoConfiguration]:66 c.g.s.config.AuthResourceServerAutoConfiguration >>> AuthResourceServerAutoConfiguration listening event:org.springframework.boot.context.event.ApplicationReadyEvent[source=org.springframework.boot.SpringApplication@7b06dce0]
02-01 10:04:59.659 INFO  --- [main] [AuthResourceServerAutoConfiguration]:92 c.g.s.config.AuthResourceServerAutoConfiguration >>> find need auth component:client, clientController, com.gapache.cloud.auth.server.controller.ClientController@74919649
02-01 10:04:59.664 INFO  --- [main] [AuthResourceServerAutoConfiguration]:92 c.g.s.config.AuthResourceServerAutoConfiguration >>> find need auth component:role, roleController, com.gapache.cloud.auth.server.controller.RoleController@75df4b1d
02-01 10:04:59.666 INFO  --- [main] [AuthResourceServerAutoConfiguration]:92 c.g.s.config.AuthResourceServerAutoConfiguration >>> find need auth component:user, userController, com.gapache.cloud.auth.server.controller.UserController@15aaf7b1
02-01 10:04:59.668 INFO  --- [main] [AuthResourceServerAutoConfiguration]:125 c.g.s.config.AuthResourceServerAutoConfiguration >>> $$------AuthResource------AuthResourceDTO(id=null, scope=role:update, name=更新角色)
02-01 10:04:59.669 INFO  --- [main] [AuthResourceServerAutoConfiguration]:125 c.g.s.config.AuthResourceServerAutoConfiguration >>> $$------AuthResource------AuthResourceDTO(id=null, scope=role:delete, name=删除角色)
02-01 10:04:59.670 INFO  --- [main] [AuthResourceServerAutoConfiguration]:125 c.g.s.config.AuthResourceServerAutoConfiguration >>> $$------AuthResource------AuthResourceDTO(id=null, scope=role:create, name=创建角色)
02-01 10:04:59.671 INFO  --- [main] [AuthResourceServerAutoConfiguration]:125 c.g.s.config.AuthResourceServerAutoConfiguration >>> $$------AuthResource------AuthResourceDTO(id=null, scope=role:page, name=分页查询角色)
02-01 10:04:59.671 INFO  --- [main] [AuthResourceServerAutoConfiguration]:125 c.g.s.config.AuthResourceServerAutoConfiguration >>> $$------AuthResource------AuthResourceDTO(id=null, scope=client:findByClientId, name=根据clientId查询client)
02-01 10:04:59.672 INFO  --- [main] [AuthResourceServerAutoConfiguration]:125 c.g.s.config.AuthResourceServerAutoConfiguration >>> $$------AuthResource------AuthResourceDTO(id=null, scope=client:create, name=创建客户端)
02-01 10:04:59.673 INFO  --- [main] [AuthResourceServerAutoConfiguration]:125 c.g.s.config.AuthResourceServerAutoConfiguration >>> $$------AuthResource------AuthResourceDTO(id=null, scope=client:bindUser, name=绑定用户到客户端)
02-01 10:04:59.673 INFO  --- [main] [AuthResourceServerAutoConfiguration]:125 c.g.s.config.AuthResourceServerAutoConfiguration >>> $$------AuthResource------AuthResourceDTO(id=null, scope=user:create, name=创建用户)
02-01 10:04:59.674 INFO  --- [main] [AuthResourceServerAutoConfiguration]:125 c.g.s.config.AuthResourceServerAutoConfiguration >>> $$------AuthResource------AuthResourceDTO(id=null, scope=user:setUserRole, name=设置用户角色)
02-01 10:04:59.918 INFO  --- [main] [ResourceServiceImpl]:52 c.g.c.auth.server.service.impl.ResourceServiceImpl >>> receiveReportData:{"authResources":[{"name":"更新角色","scope":"role:update"},{"name":"删除角色","scope":"role:delete"},{"name":"创建角色","scope":"role:create"},{"name":"分页查询角色","scope":"role:page"},{"name":"根据clientId查询client","scope":"client:findByClientId"},{"name":"创建客户端","scope":"client:create"},{"name":"绑定用户到客户端","scope":"client:bindUser"},{"name":"创建用户","scope":"user:create"},{"name":"设置用户角色","scope":"user:setUserRole"}],"clientId":"husen19950528201314lq19980824","resourceServerName":"AuthCenter"}
02-01 10:05:00.040 INFO  --- [main] [ResourceServiceImpl]:109 c.g.c.auth.server.service.impl.ResourceServiceImpl >>> receiveReportData delete:[]
02-01 10:05:00.047 INFO  --- [main] [ResourceServiceImpl]:112 c.g.c.auth.server.service.impl.ResourceServiceImpl >>> receiveReportData update:[]
02-01 10:05:00.048 INFO  --- [main] [ResourceServiceImpl]:114 c.g.c.auth.server.service.impl.ResourceServiceImpl >>> receiveReportData add:[]
02-01 10:05:00.074 INFO  --- [main] [AuthResourceServerAutoConfiguration]:134 c.g.s.config.AuthResourceServerAutoConfiguration >>> reporting resource finish, result:true, cost time:0ms
02-01 10:05:00.351 INFO  --- [SpringContextShutdownHook] [ExecutorConfigurationSupport]:208 o.s.scheduling.concurrent.ThreadPoolTaskScheduler >>> Shutting down ExecutorService 'Nacso-Watch-Task-Scheduler'
02-01 10:05:00.415 INFO  --- [SpringContextShutdownHook] [ExecutorConfigurationSupport]:208 o.s.scheduling.concurrent.ThreadPoolTaskExecutor >>> Shutting down ExecutorService 'applicationTaskExecutor'
02-01 10:05:00.430 INFO  --- [SpringContextShutdownHook] [AbstractEntityManagerFactoryBean]:598 o.s.orm.jpa.LocalContainerEntityManagerFactoryBean >>> Closing JPA EntityManagerFactory for persistence unit 'default'
02-01 10:05:00.432 INFO  --- [SpringContextShutdownHook] [HikariDataSource]:350 com.zaxxer.hikari.HikariDataSource >>> HikariPool-1 - Shutdown initiated...
02-01 10:05:00.445 INFO  --- [SpringContextShutdownHook] [HikariDataSource]:352 com.zaxxer.hikari.HikariDataSource >>> HikariPool-1 - Shutdown completed.
