02-05 13:35:22.008 ERROR --- [main] [SpringApplication]:826 org.springframework.boot.SpringApplication >>> Application run failed
java.lang.IllegalStateException: No instances available for auth-center-server
	at org.springframework.cloud.netflix.ribbon.RibbonLoadBalancerClient.execute(RibbonLoadBalancerClient.java:119)
	at org.springframework.cloud.netflix.ribbon.RibbonLoadBalancerClient.execute(RibbonLoadBalancerClient.java:99)
	at org.springframework.cloud.client.loadbalancer.LoadBalancerInterceptor.intercept(LoadBalancerInterceptor.java:58)
	at org.springframework.http.client.InterceptingClientHttpRequest$InterceptingRequestExecution.execute(InterceptingClientHttpRequest.java:93)
	at org.springframework.http.client.InterceptingClientHttpRequest.executeInternal(InterceptingClientHttpRequest.java:77)
	at org.springframework.http.client.AbstractBufferingClientHttpRequest.executeInternal(AbstractBufferingClientHttpRequest.java:48)
	at org.springframework.http.client.AbstractClientHttpRequest.execute(AbstractClientHttpRequest.java:53)
	at org.springframework.web.client.RestTemplate.doExecute(RestTemplate.java:742)
	at org.springframework.web.client.RestTemplate.execute(RestTemplate.java:677)
	at org.springframework.web.client.RestTemplate.postForObject(RestTemplate.java:421)
	at com.gapache.security.reporter.RemoteResourceReporter.getResult(RemoteResourceReporter.java:52)
	at com.gapache.security.reporter.RemoteResourceReporter.reporting(RemoteResourceReporter.java:41)
	at com.gapache.security.config.AuthResourceServerAutoConfiguration.listening(AuthResourceServerAutoConfiguration.java:133)
	at sun.reflect.NativeMethodAccessorImpl.invoke0(Native Method)
	at sun.reflect.NativeMethodAccessorImpl.invoke(NativeMethodAccessorImpl.java:62)
	at sun.reflect.DelegatingMethodAccessorImpl.invoke(DelegatingMethodAccessorImpl.java:43)
	at java.lang.reflect.Method.invoke(Method.java:498)
	at org.springframework.context.event.ApplicationListenerMethodAdapter.doInvoke(ApplicationListenerMethodAdapter.java:305)
	at org.springframework.context.event.ApplicationListenerMethodAdapter.processEvent(ApplicationListenerMethodAdapter.java:190)
	at org.springframework.context.event.ApplicationListenerMethodAdapter.onApplicationEvent(ApplicationListenerMethodAdapter.java:153)
	at org.springframework.context.event.SimpleApplicationEventMulticaster.doInvokeListener(SimpleApplicationEventMulticaster.java:172)
	at org.springframework.context.event.SimpleApplicationEventMulticaster.invokeListener(SimpleApplicationEventMulticaster.java:165)
	at org.springframework.context.event.SimpleApplicationEventMulticaster.multicastEvent(SimpleApplicationEventMulticaster.java:139)
	at org.springframework.context.support.AbstractApplicationContext.publishEvent(AbstractApplicationContext.java:403)
	at org.springframework.context.support.AbstractApplicationContext.publishEvent(AbstractApplicationContext.java:360)
	at org.springframework.boot.context.event.EventPublishingRunListener.running(EventPublishingRunListener.java:103)
	at org.springframework.boot.SpringApplicationRunListeners.running(SpringApplicationRunListeners.java:77)
	at org.springframework.boot.SpringApplication.run(SpringApplication.java:330)
	at org.springframework.boot.SpringApplication.run(SpringApplication.java:1226)
	at org.springframework.boot.SpringApplication.run(SpringApplication.java:1215)
	at com.gapache.cloud.money.management.server.MoneyManagementServer.main(MoneyManagementServer.java:29)
