02-02 16:29:08.574 INFO  --- [main] [SpringApplication]:651 com.gapahce.gateway.GatewayApplication >>> No active profile set, falling back to default profiles: default
02-02 16:29:09.338 INFO  --- [main] [RepositoryConfigurationDelegate]:249 o.s.d.r.config.RepositoryConfigurationDelegate >>> Multiple Spring Data modules found, entering strict repository configuration mode!
02-02 16:29:09.340 INFO  --- [main] [RepositoryConfigurationDelegate]:127 o.s.d.r.config.RepositoryConfigurationDelegate >>> Bootstrapping Spring Data Redis repositories in DEFAULT mode.
02-02 16:29:09.368 INFO  --- [main] [RepositoryConfigurationDelegate]:187 o.s.d.r.config.RepositoryConfigurationDelegate >>> Finished Spring Data repository scanning in 14ms. Found 0 Redis repository interfaces.
02-02 16:29:09.572 INFO  --- [main] [GenericScope]:295 o.springframework.cloud.context.scope.GenericScope >>> BeanFactory id=9b35cab5-a97b-382d-bd7f-940ca3b21b23
02-02 16:29:09.618 INFO  --- [main] [PostProcessorRegistrationDelegate$BeanPostProcessorChecker]:330 o.s.c.s.PostProcessorRegistrationDelegate$BeanPostProcessorChecker >>> Bean 'org.springframework.cloud.client.loadbalancer.reactive.LoadBalancerBeanPostProcessorAutoConfiguration' of type [org.springframework.cloud.client.loadbalancer.reactive.LoadBalancerBeanPostProcessorAutoConfiguration] is not eligible for getting processed by all BeanPostProcessors (for example: not eligible for auto-proxying)
02-02 16:29:09.620 INFO  --- [main] [PostProcessorRegistrationDelegate$BeanPostProcessorChecker]:330 o.s.c.s.PostProcessorRegistrationDelegate$BeanPostProcessorChecker >>> Bean 'org.springframework.cloud.client.loadbalancer.reactive.LoadBalancerBeanPostProcessorAutoConfiguration$ReactiveLoadBalancerConfig' of type [org.springframework.cloud.client.loadbalancer.reactive.LoadBalancerBeanPostProcessorAutoConfiguration$ReactiveLoadBalancerConfig] is not eligible for getting processed by all BeanPostProcessors (for example: not eligible for auto-proxying)
02-02 16:29:09.624 INFO  --- [main] [PostProcessorRegistrationDelegate$BeanPostProcessorChecker]:330 o.s.c.s.PostProcessorRegistrationDelegate$BeanPostProcessorChecker >>> Bean 'deferringLoadBalancerExchangeFilterFunction' of type [org.springframework.cloud.client.loadbalancer.reactive.DeferringLoadBalancerExchangeFilterFunction] is not eligible for getting processed by all BeanPostProcessors (for example: not eligible for auto-proxying)
02-02 16:29:09.943 INFO  --- [main] [SecurityAutoConfiguration]:40 c.g.security.config.SecurityAutoConfiguration >>> 启用公钥解密############
02-02 16:29:09.964 WARN  --- [main] [URLConfigurationSource]:121 com.netflix.config.sources.URLConfigurationSource >>> No URLs will be polled as dynamic configuration sources.
02-02 16:29:09.965 INFO  --- [main] [URLConfigurationSource]:122 com.netflix.config.sources.URLConfigurationSource >>> To enable URLs as dynamic configuration sources, define System property archaius.configurationSource.additionalUrls or make config.properties available on classpath.
02-02 16:29:09.968 WARN  --- [main] [URLConfigurationSource]:121 com.netflix.config.sources.URLConfigurationSource >>> No URLs will be polled as dynamic configuration sources.
02-02 16:29:09.968 INFO  --- [main] [URLConfigurationSource]:122 com.netflix.config.sources.URLConfigurationSource >>> To enable URLs as dynamic configuration sources, define System property archaius.configurationSource.additionalUrls or make config.properties available on classpath.
02-02 16:29:10.557 INFO  --- [main] [RouteDefinitionRouteLocator]:139 o.s.c.gateway.route.RouteDefinitionRouteLocator >>> Loaded RoutePredicateFactory [After]
02-02 16:29:10.557 INFO  --- [main] [RouteDefinitionRouteLocator]:139 o.s.c.gateway.route.RouteDefinitionRouteLocator >>> Loaded RoutePredicateFactory [Before]
02-02 16:29:10.557 INFO  --- [main] [RouteDefinitionRouteLocator]:139 o.s.c.gateway.route.RouteDefinitionRouteLocator >>> Loaded RoutePredicateFactory [Between]
02-02 16:29:10.558 INFO  --- [main] [RouteDefinitionRouteLocator]:139 o.s.c.gateway.route.RouteDefinitionRouteLocator >>> Loaded RoutePredicateFactory [Cookie]
02-02 16:29:10.558 INFO  --- [main] [RouteDefinitionRouteLocator]:139 o.s.c.gateway.route.RouteDefinitionRouteLocator >>> Loaded RoutePredicateFactory [Header]
02-02 16:29:10.558 INFO  --- [main] [RouteDefinitionRouteLocator]:139 o.s.c.gateway.route.RouteDefinitionRouteLocator >>> Loaded RoutePredicateFactory [Host]
02-02 16:29:10.558 INFO  --- [main] [RouteDefinitionRouteLocator]:139 o.s.c.gateway.route.RouteDefinitionRouteLocator >>> Loaded RoutePredicateFactory [Method]
02-02 16:29:10.558 INFO  --- [main] [RouteDefinitionRouteLocator]:139 o.s.c.gateway.route.RouteDefinitionRouteLocator >>> Loaded RoutePredicateFactory [Path]
02-02 16:29:10.558 INFO  --- [main] [RouteDefinitionRouteLocator]:139 o.s.c.gateway.route.RouteDefinitionRouteLocator >>> Loaded RoutePredicateFactory [Query]
02-02 16:29:10.559 INFO  --- [main] [RouteDefinitionRouteLocator]:139 o.s.c.gateway.route.RouteDefinitionRouteLocator >>> Loaded RoutePredicateFactory [ReadBodyPredicateFactory]
02-02 16:29:10.559 INFO  --- [main] [RouteDefinitionRouteLocator]:139 o.s.c.gateway.route.RouteDefinitionRouteLocator >>> Loaded RoutePredicateFactory [RemoteAddr]
02-02 16:29:10.559 INFO  --- [main] [RouteDefinitionRouteLocator]:139 o.s.c.gateway.route.RouteDefinitionRouteLocator >>> Loaded RoutePredicateFactory [Weight]
02-02 16:29:10.559 INFO  --- [main] [RouteDefinitionRouteLocator]:139 o.s.c.gateway.route.RouteDefinitionRouteLocator >>> Loaded RoutePredicateFactory [CloudFoundryRouteService]
02-02 16:29:10.772 INFO  --- [main] [ExecutorConfigurationSupport]:171 o.s.scheduling.concurrent.ThreadPoolTaskScheduler >>> Initializing ExecutorService 'Nacso-Watch-Task-Scheduler'
02-02 16:29:11.210 INFO  --- [main] [NettyWebServer]:89 o.s.boot.web.embedded.netty.NettyWebServer >>> Netty started on port(s): 9999
02-02 16:29:11.272 INFO  --- [main] [NacosServiceRegistry]:65 c.a.cloud.nacos.registry.NacosServiceRegistry >>> nacos registry, DEFAULT_GROUP gateway 192.168.101.65:9999 register finished
02-02 16:29:11.278 INFO  --- [main] [StartupInfoLogger]:61 com.gapahce.gateway.GatewayApplication >>> Started GatewayApplication in 3.889 seconds (JVM running for 4.785)
