02-01 10:42:48.765 INFO  --- [main] [SpringApplication]:651 com.gapahce.gateway.GatewayApplication >>> No active profile set, falling back to default profiles: default
02-01 10:42:49.395 INFO  --- [main] [RepositoryConfigurationDelegate]:249 o.s.d.r.config.RepositoryConfigurationDelegate >>> Multiple Spring Data modules found, entering strict repository configuration mode!
02-01 10:42:49.398 INFO  --- [main] [RepositoryConfigurationDelegate]:127 o.s.d.r.config.RepositoryConfigurationDelegate >>> Bootstrapping Spring Data Redis repositories in DEFAULT mode.
02-01 10:42:49.425 INFO  --- [main] [RepositoryConfigurationDelegate]:187 o.s.d.r.config.RepositoryConfigurationDelegate >>> Finished Spring Data repository scanning in 13ms. Found 0 Redis repository interfaces.
02-01 10:42:49.562 INFO  --- [main] [GenericScope]:295 o.springframework.cloud.context.scope.GenericScope >>> BeanFactory id=07903206-6fff-3062-bd22-7fcbe6f73d78
02-01 10:42:49.598 INFO  --- [main] [PostProcessorRegistrationDelegate$BeanPostProcessorChecker]:330 o.s.c.s.PostProcessorRegistrationDelegate$BeanPostProcessorChecker >>> Bean 'org.springframework.cloud.client.loadbalancer.reactive.LoadBalancerBeanPostProcessorAutoConfiguration' of type [org.springframework.cloud.client.loadbalancer.reactive.LoadBalancerBeanPostProcessorAutoConfiguration] is not eligible for getting processed by all BeanPostProcessors (for example: not eligible for auto-proxying)
02-01 10:42:49.600 INFO  --- [main] [PostProcessorRegistrationDelegate$BeanPostProcessorChecker]:330 o.s.c.s.PostProcessorRegistrationDelegate$BeanPostProcessorChecker >>> Bean 'org.springframework.cloud.client.loadbalancer.reactive.LoadBalancerBeanPostProcessorAutoConfiguration$ReactiveLoadBalancerConfig' of type [org.springframework.cloud.client.loadbalancer.reactive.LoadBalancerBeanPostProcessorAutoConfiguration$ReactiveLoadBalancerConfig] is not eligible for getting processed by all BeanPostProcessors (for example: not eligible for auto-proxying)
02-01 10:42:49.604 INFO  --- [main] [PostProcessorRegistrationDelegate$BeanPostProcessorChecker]:330 o.s.c.s.PostProcessorRegistrationDelegate$BeanPostProcessorChecker >>> Bean 'deferringLoadBalancerExchangeFilterFunction' of type [org.springframework.cloud.client.loadbalancer.reactive.DeferringLoadBalancerExchangeFilterFunction] is not eligible for getting processed by all BeanPostProcessors (for example: not eligible for auto-proxying)
02-01 10:42:49.909 INFO  --- [main] [SecurityAutoConfiguration]:39 c.g.security.config.SecurityAutoConfiguration >>> 启用公钥解密############
02-01 10:42:49.926 WARN  --- [main] [URLConfigurationSource]:121 com.netflix.config.sources.URLConfigurationSource >>> No URLs will be polled as dynamic configuration sources.
02-01 10:42:49.927 INFO  --- [main] [URLConfigurationSource]:122 com.netflix.config.sources.URLConfigurationSource >>> To enable URLs as dynamic configuration sources, define System property archaius.configurationSource.additionalUrls or make config.properties available on classpath.
02-01 10:42:49.929 WARN  --- [main] [URLConfigurationSource]:121 com.netflix.config.sources.URLConfigurationSource >>> No URLs will be polled as dynamic configuration sources.
02-01 10:42:49.929 INFO  --- [main] [URLConfigurationSource]:122 com.netflix.config.sources.URLConfigurationSource >>> To enable URLs as dynamic configuration sources, define System property archaius.configurationSource.additionalUrls or make config.properties available on classpath.
02-01 10:42:50.270 WARN  --- [main] [AbstractApplicationContext]:558 o.s.b.w.r.c.AnnotationConfigReactiveWebServerApplicationContext >>> Exception encountered during context initialization - cancelling refresh attempt: org.springframework.beans.factory.BeanCreationException: Error creating bean with name 'gatewayHttpClient' defined in class path resource [org/springframework/cloud/gateway/config/GatewayAutoConfiguration$NettyConfiguration.class]: Bean instantiation via factory method failed; nested exception is org.springframework.beans.BeanInstantiationException: Failed to instantiate [reactor.netty.http.client.HttpClient]: Factory method 'gatewayHttpClient' threw exception; nested exception is java.lang.NoSuchMethodError: reactor.netty.resources.ConnectionProvider.elastic(Ljava/lang/String;Ljava/time/Duration;Ljava/time/Duration;)Lreactor/netty/resources/ConnectionProvider;
02-01 10:42:50.303 INFO  --- [main] [ConditionEvaluationReportLoggingListener]:136 o.s.b.a.l.ConditionEvaluationReportLoggingListener >>> 

Error starting ApplicationContext. To display the conditions report re-run your application with 'debug' enabled.
02-01 10:45:14.170 INFO  --- [main] [SpringApplication]:651 com.gapahce.gateway.GatewayApplication >>> No active profile set, falling back to default profiles: default
02-01 10:45:14.749 INFO  --- [main] [RepositoryConfigurationDelegate]:249 o.s.d.r.config.RepositoryConfigurationDelegate >>> Multiple Spring Data modules found, entering strict repository configuration mode!
02-01 10:45:14.751 INFO  --- [main] [RepositoryConfigurationDelegate]:127 o.s.d.r.config.RepositoryConfigurationDelegate >>> Bootstrapping Spring Data Redis repositories in DEFAULT mode.
02-01 10:45:14.778 INFO  --- [main] [RepositoryConfigurationDelegate]:187 o.s.d.r.config.RepositoryConfigurationDelegate >>> Finished Spring Data repository scanning in 11ms. Found 0 Redis repository interfaces.
02-01 10:45:14.915 INFO  --- [main] [GenericScope]:295 o.springframework.cloud.context.scope.GenericScope >>> BeanFactory id=07903206-6fff-3062-bd22-7fcbe6f73d78
02-01 10:45:14.948 INFO  --- [main] [PostProcessorRegistrationDelegate$BeanPostProcessorChecker]:330 o.s.c.s.PostProcessorRegistrationDelegate$BeanPostProcessorChecker >>> Bean 'org.springframework.cloud.client.loadbalancer.reactive.LoadBalancerBeanPostProcessorAutoConfiguration' of type [org.springframework.cloud.client.loadbalancer.reactive.LoadBalancerBeanPostProcessorAutoConfiguration] is not eligible for getting processed by all BeanPostProcessors (for example: not eligible for auto-proxying)
02-01 10:45:14.949 INFO  --- [main] [PostProcessorRegistrationDelegate$BeanPostProcessorChecker]:330 o.s.c.s.PostProcessorRegistrationDelegate$BeanPostProcessorChecker >>> Bean 'org.springframework.cloud.client.loadbalancer.reactive.LoadBalancerBeanPostProcessorAutoConfiguration$ReactiveLoadBalancerConfig' of type [org.springframework.cloud.client.loadbalancer.reactive.LoadBalancerBeanPostProcessorAutoConfiguration$ReactiveLoadBalancerConfig] is not eligible for getting processed by all BeanPostProcessors (for example: not eligible for auto-proxying)
02-01 10:45:14.953 INFO  --- [main] [PostProcessorRegistrationDelegate$BeanPostProcessorChecker]:330 o.s.c.s.PostProcessorRegistrationDelegate$BeanPostProcessorChecker >>> Bean 'deferringLoadBalancerExchangeFilterFunction' of type [org.springframework.cloud.client.loadbalancer.reactive.DeferringLoadBalancerExchangeFilterFunction] is not eligible for getting processed by all BeanPostProcessors (for example: not eligible for auto-proxying)
02-01 10:45:15.242 INFO  --- [main] [SecurityAutoConfiguration]:39 c.g.security.config.SecurityAutoConfiguration >>> 启用公钥解密############
02-01 10:45:15.256 WARN  --- [main] [URLConfigurationSource]:121 com.netflix.config.sources.URLConfigurationSource >>> No URLs will be polled as dynamic configuration sources.
02-01 10:45:15.257 INFO  --- [main] [URLConfigurationSource]:122 com.netflix.config.sources.URLConfigurationSource >>> To enable URLs as dynamic configuration sources, define System property archaius.configurationSource.additionalUrls or make config.properties available on classpath.
02-01 10:45:15.260 WARN  --- [main] [URLConfigurationSource]:121 com.netflix.config.sources.URLConfigurationSource >>> No URLs will be polled as dynamic configuration sources.
02-01 10:45:15.261 INFO  --- [main] [URLConfigurationSource]:122 com.netflix.config.sources.URLConfigurationSource >>> To enable URLs as dynamic configuration sources, define System property archaius.configurationSource.additionalUrls or make config.properties available on classpath.
02-01 10:45:15.552 WARN  --- [main] [AbstractApplicationContext]:558 o.s.b.w.r.c.AnnotationConfigReactiveWebServerApplicationContext >>> Exception encountered during context initialization - cancelling refresh attempt: org.springframework.beans.factory.BeanCreationException: Error creating bean with name 'gatewayHttpClient' defined in class path resource [org/springframework/cloud/gateway/config/GatewayAutoConfiguration$NettyConfiguration.class]: Bean instantiation via factory method failed; nested exception is org.springframework.beans.BeanInstantiationException: Failed to instantiate [reactor.netty.http.client.HttpClient]: Factory method 'gatewayHttpClient' threw exception; nested exception is java.lang.NoSuchMethodError: reactor.netty.resources.ConnectionProvider.elastic(Ljava/lang/String;Ljava/time/Duration;Ljava/time/Duration;)Lreactor/netty/resources/ConnectionProvider;
02-01 10:45:15.578 INFO  --- [main] [ConditionEvaluationReportLoggingListener]:136 o.s.b.a.l.ConditionEvaluationReportLoggingListener >>> 

Error starting ApplicationContext. To display the conditions report re-run your application with 'debug' enabled.
02-01 10:47:31.905 INFO  --- [main] [SpringApplication]:651 com.gapahce.gateway.GatewayApplication >>> No active profile set, falling back to default profiles: default
02-01 10:47:32.524 INFO  --- [main] [RepositoryConfigurationDelegate]:249 o.s.d.r.config.RepositoryConfigurationDelegate >>> Multiple Spring Data modules found, entering strict repository configuration mode!
02-01 10:47:32.528 INFO  --- [main] [RepositoryConfigurationDelegate]:127 o.s.d.r.config.RepositoryConfigurationDelegate >>> Bootstrapping Spring Data Redis repositories in DEFAULT mode.
02-01 10:47:32.553 INFO  --- [main] [RepositoryConfigurationDelegate]:187 o.s.d.r.config.RepositoryConfigurationDelegate >>> Finished Spring Data repository scanning in 11ms. Found 0 Redis repository interfaces.
02-01 10:47:32.689 INFO  --- [main] [GenericScope]:295 o.springframework.cloud.context.scope.GenericScope >>> BeanFactory id=07903206-6fff-3062-bd22-7fcbe6f73d78
02-01 10:47:32.726 INFO  --- [main] [PostProcessorRegistrationDelegate$BeanPostProcessorChecker]:330 o.s.c.s.PostProcessorRegistrationDelegate$BeanPostProcessorChecker >>> Bean 'org.springframework.cloud.client.loadbalancer.reactive.LoadBalancerBeanPostProcessorAutoConfiguration' of type [org.springframework.cloud.client.loadbalancer.reactive.LoadBalancerBeanPostProcessorAutoConfiguration] is not eligible for getting processed by all BeanPostProcessors (for example: not eligible for auto-proxying)
02-01 10:47:32.728 INFO  --- [main] [PostProcessorRegistrationDelegate$BeanPostProcessorChecker]:330 o.s.c.s.PostProcessorRegistrationDelegate$BeanPostProcessorChecker >>> Bean 'org.springframework.cloud.client.loadbalancer.reactive.LoadBalancerBeanPostProcessorAutoConfiguration$ReactiveLoadBalancerConfig' of type [org.springframework.cloud.client.loadbalancer.reactive.LoadBalancerBeanPostProcessorAutoConfiguration$ReactiveLoadBalancerConfig] is not eligible for getting processed by all BeanPostProcessors (for example: not eligible for auto-proxying)
02-01 10:47:32.732 INFO  --- [main] [PostProcessorRegistrationDelegate$BeanPostProcessorChecker]:330 o.s.c.s.PostProcessorRegistrationDelegate$BeanPostProcessorChecker >>> Bean 'deferringLoadBalancerExchangeFilterFunction' of type [org.springframework.cloud.client.loadbalancer.reactive.DeferringLoadBalancerExchangeFilterFunction] is not eligible for getting processed by all BeanPostProcessors (for example: not eligible for auto-proxying)
02-01 10:47:33.018 INFO  --- [main] [SecurityAutoConfiguration]:39 c.g.security.config.SecurityAutoConfiguration >>> 启用公钥解密############
02-01 10:47:33.033 WARN  --- [main] [URLConfigurationSource]:121 com.netflix.config.sources.URLConfigurationSource >>> No URLs will be polled as dynamic configuration sources.
02-01 10:47:33.034 INFO  --- [main] [URLConfigurationSource]:122 com.netflix.config.sources.URLConfigurationSource >>> To enable URLs as dynamic configuration sources, define System property archaius.configurationSource.additionalUrls or make config.properties available on classpath.
02-01 10:47:33.036 WARN  --- [main] [URLConfigurationSource]:121 com.netflix.config.sources.URLConfigurationSource >>> No URLs will be polled as dynamic configuration sources.
02-01 10:47:33.037 INFO  --- [main] [URLConfigurationSource]:122 com.netflix.config.sources.URLConfigurationSource >>> To enable URLs as dynamic configuration sources, define System property archaius.configurationSource.additionalUrls or make config.properties available on classpath.
02-01 10:47:33.435 WARN  --- [main] [AbstractApplicationContext]:558 o.s.b.w.r.c.AnnotationConfigReactiveWebServerApplicationContext >>> Exception encountered during context initialization - cancelling refresh attempt: org.springframework.beans.factory.BeanCreationException: Error creating bean with name 'reactorNettyWebSocketClient' defined in class path resource [org/springframework/cloud/gateway/config/GatewayAutoConfiguration$NettyConfiguration.class]: Bean instantiation via factory method failed; nested exception is org.springframework.beans.BeanInstantiationException: Failed to instantiate [org.springframework.web.reactive.socket.client.ReactorNettyWebSocketClient]: Factory method 'reactorNettyWebSocketClient' threw exception; nested exception is java.lang.NoSuchMethodError: org.springframework.web.reactive.socket.client.ReactorNettyWebSocketClient.setHandlePing(Z)V
02-01 10:47:33.458 INFO  --- [main] [ConditionEvaluationReportLoggingListener]:136 o.s.b.a.l.ConditionEvaluationReportLoggingListener >>> 

Error starting ApplicationContext. To display the conditions report re-run your application with 'debug' enabled.
02-01 10:51:04.301 INFO  --- [main] [SpringApplication]:651 com.gapahce.gateway.GatewayApplication >>> No active profile set, falling back to default profiles: default
02-01 10:51:04.868 INFO  --- [main] [RepositoryConfigurationDelegate]:249 o.s.d.r.config.RepositoryConfigurationDelegate >>> Multiple Spring Data modules found, entering strict repository configuration mode!
02-01 10:51:04.872 INFO  --- [main] [RepositoryConfigurationDelegate]:127 o.s.d.r.config.RepositoryConfigurationDelegate >>> Bootstrapping Spring Data Redis repositories in DEFAULT mode.
02-01 10:51:04.897 INFO  --- [main] [RepositoryConfigurationDelegate]:187 o.s.d.r.config.RepositoryConfigurationDelegate >>> Finished Spring Data repository scanning in 11ms. Found 0 Redis repository interfaces.
02-01 10:51:05.040 INFO  --- [main] [GenericScope]:295 o.springframework.cloud.context.scope.GenericScope >>> BeanFactory id=07903206-6fff-3062-bd22-7fcbe6f73d78
02-01 10:51:05.088 INFO  --- [main] [PostProcessorRegistrationDelegate$BeanPostProcessorChecker]:330 o.s.c.s.PostProcessorRegistrationDelegate$BeanPostProcessorChecker >>> Bean 'org.springframework.cloud.client.loadbalancer.reactive.LoadBalancerBeanPostProcessorAutoConfiguration' of type [org.springframework.cloud.client.loadbalancer.reactive.LoadBalancerBeanPostProcessorAutoConfiguration] is not eligible for getting processed by all BeanPostProcessors (for example: not eligible for auto-proxying)
02-01 10:51:05.089 INFO  --- [main] [PostProcessorRegistrationDelegate$BeanPostProcessorChecker]:330 o.s.c.s.PostProcessorRegistrationDelegate$BeanPostProcessorChecker >>> Bean 'org.springframework.cloud.client.loadbalancer.reactive.LoadBalancerBeanPostProcessorAutoConfiguration$ReactiveLoadBalancerConfig' of type [org.springframework.cloud.client.loadbalancer.reactive.LoadBalancerBeanPostProcessorAutoConfiguration$ReactiveLoadBalancerConfig] is not eligible for getting processed by all BeanPostProcessors (for example: not eligible for auto-proxying)
02-01 10:51:05.093 INFO  --- [main] [PostProcessorRegistrationDelegate$BeanPostProcessorChecker]:330 o.s.c.s.PostProcessorRegistrationDelegate$BeanPostProcessorChecker >>> Bean 'deferringLoadBalancerExchangeFilterFunction' of type [org.springframework.cloud.client.loadbalancer.reactive.DeferringLoadBalancerExchangeFilterFunction] is not eligible for getting processed by all BeanPostProcessors (for example: not eligible for auto-proxying)
02-01 10:51:05.412 INFO  --- [main] [SecurityAutoConfiguration]:39 c.g.security.config.SecurityAutoConfiguration >>> 启用公钥解密############
02-01 10:51:05.429 WARN  --- [main] [URLConfigurationSource]:121 com.netflix.config.sources.URLConfigurationSource >>> No URLs will be polled as dynamic configuration sources.
02-01 10:51:05.429 INFO  --- [main] [URLConfigurationSource]:122 com.netflix.config.sources.URLConfigurationSource >>> To enable URLs as dynamic configuration sources, define System property archaius.configurationSource.additionalUrls or make config.properties available on classpath.
02-01 10:51:05.432 WARN  --- [main] [URLConfigurationSource]:121 com.netflix.config.sources.URLConfigurationSource >>> No URLs will be polled as dynamic configuration sources.
02-01 10:51:05.432 INFO  --- [main] [URLConfigurationSource]:122 com.netflix.config.sources.URLConfigurationSource >>> To enable URLs as dynamic configuration sources, define System property archaius.configurationSource.additionalUrls or make config.properties available on classpath.
02-01 10:51:05.775 WARN  --- [main] [AbstractApplicationContext]:558 o.s.b.w.r.c.AnnotationConfigReactiveWebServerApplicationContext >>> Exception encountered during context initialization - cancelling refresh attempt: org.springframework.beans.factory.BeanCreationException: Error creating bean with name 'gatewayHttpClient' defined in class path resource [org/springframework/cloud/gateway/config/GatewayAutoConfiguration$NettyConfiguration.class]: Bean instantiation via factory method failed; nested exception is org.springframework.beans.BeanInstantiationException: Failed to instantiate [reactor.netty.http.client.HttpClient]: Factory method 'gatewayHttpClient' threw exception; nested exception is java.lang.NoSuchMethodError: reactor.netty.resources.ConnectionProvider.elastic(Ljava/lang/String;Ljava/time/Duration;Ljava/time/Duration;)Lreactor/netty/resources/ConnectionProvider;
02-01 10:51:05.804 INFO  --- [main] [ConditionEvaluationReportLoggingListener]:136 o.s.b.a.l.ConditionEvaluationReportLoggingListener >>> 

Error starting ApplicationContext. To display the conditions report re-run your application with 'debug' enabled.
02-01 10:54:53.844 INFO  --- [main] [SpringApplication]:651 com.gapahce.gateway.GatewayApplication >>> No active profile set, falling back to default profiles: default
02-01 10:54:54.492 INFO  --- [main] [RepositoryConfigurationDelegate]:249 o.s.d.r.config.RepositoryConfigurationDelegate >>> Multiple Spring Data modules found, entering strict repository configuration mode!
02-01 10:54:54.496 INFO  --- [main] [RepositoryConfigurationDelegate]:127 o.s.d.r.config.RepositoryConfigurationDelegate >>> Bootstrapping Spring Data Redis repositories in DEFAULT mode.
02-01 10:54:54.522 INFO  --- [main] [RepositoryConfigurationDelegate]:187 o.s.d.r.config.RepositoryConfigurationDelegate >>> Finished Spring Data repository scanning in 11ms. Found 0 Redis repository interfaces.
02-01 10:54:54.666 INFO  --- [main] [GenericScope]:295 o.springframework.cloud.context.scope.GenericScope >>> BeanFactory id=07903206-6fff-3062-bd22-7fcbe6f73d78
02-01 10:54:54.708 INFO  --- [main] [PostProcessorRegistrationDelegate$BeanPostProcessorChecker]:330 o.s.c.s.PostProcessorRegistrationDelegate$BeanPostProcessorChecker >>> Bean 'org.springframework.cloud.client.loadbalancer.reactive.LoadBalancerBeanPostProcessorAutoConfiguration' of type [org.springframework.cloud.client.loadbalancer.reactive.LoadBalancerBeanPostProcessorAutoConfiguration] is not eligible for getting processed by all BeanPostProcessors (for example: not eligible for auto-proxying)
02-01 10:54:54.709 INFO  --- [main] [PostProcessorRegistrationDelegate$BeanPostProcessorChecker]:330 o.s.c.s.PostProcessorRegistrationDelegate$BeanPostProcessorChecker >>> Bean 'org.springframework.cloud.client.loadbalancer.reactive.LoadBalancerBeanPostProcessorAutoConfiguration$ReactiveLoadBalancerConfig' of type [org.springframework.cloud.client.loadbalancer.reactive.LoadBalancerBeanPostProcessorAutoConfiguration$ReactiveLoadBalancerConfig] is not eligible for getting processed by all BeanPostProcessors (for example: not eligible for auto-proxying)
02-01 10:54:54.714 INFO  --- [main] [PostProcessorRegistrationDelegate$BeanPostProcessorChecker]:330 o.s.c.s.PostProcessorRegistrationDelegate$BeanPostProcessorChecker >>> Bean 'deferringLoadBalancerExchangeFilterFunction' of type [org.springframework.cloud.client.loadbalancer.reactive.DeferringLoadBalancerExchangeFilterFunction] is not eligible for getting processed by all BeanPostProcessors (for example: not eligible for auto-proxying)
02-01 10:54:55.022 INFO  --- [main] [SecurityAutoConfiguration]:39 c.g.security.config.SecurityAutoConfiguration >>> 启用公钥解密############
02-01 10:54:55.038 WARN  --- [main] [URLConfigurationSource]:121 com.netflix.config.sources.URLConfigurationSource >>> No URLs will be polled as dynamic configuration sources.
02-01 10:54:55.039 INFO  --- [main] [URLConfigurationSource]:122 com.netflix.config.sources.URLConfigurationSource >>> To enable URLs as dynamic configuration sources, define System property archaius.configurationSource.additionalUrls or make config.properties available on classpath.
02-01 10:54:55.042 WARN  --- [main] [URLConfigurationSource]:121 com.netflix.config.sources.URLConfigurationSource >>> No URLs will be polled as dynamic configuration sources.
02-01 10:54:55.043 INFO  --- [main] [URLConfigurationSource]:122 com.netflix.config.sources.URLConfigurationSource >>> To enable URLs as dynamic configuration sources, define System property archaius.configurationSource.additionalUrls or make config.properties available on classpath.
02-01 10:54:55.351 WARN  --- [main] [AbstractApplicationContext]:558 o.s.b.w.r.c.AnnotationConfigReactiveWebServerApplicationContext >>> Exception encountered during context initialization - cancelling refresh attempt: org.springframework.beans.factory.BeanCreationException: Error creating bean with name 'gatewayHttpClient' defined in class path resource [org/springframework/cloud/gateway/config/GatewayAutoConfiguration$NettyConfiguration.class]: Bean instantiation via factory method failed; nested exception is org.springframework.beans.BeanInstantiationException: Failed to instantiate [reactor.netty.http.client.HttpClient]: Factory method 'gatewayHttpClient' threw exception; nested exception is java.lang.NoSuchMethodError: reactor.netty.resources.ConnectionProvider.elastic(Ljava/lang/String;Ljava/time/Duration;Ljava/time/Duration;)Lreactor/netty/resources/ConnectionProvider;
02-01 10:54:55.380 INFO  --- [main] [ConditionEvaluationReportLoggingListener]:136 o.s.b.a.l.ConditionEvaluationReportLoggingListener >>> 

Error starting ApplicationContext. To display the conditions report re-run your application with 'debug' enabled.
02-01 11:03:18.600 INFO  --- [main] [SpringApplication]:651 com.gapahce.gateway.GatewayApplication >>> No active profile set, falling back to default profiles: default
02-01 11:03:19.163 INFO  --- [main] [RepositoryConfigurationDelegate]:249 o.s.d.r.config.RepositoryConfigurationDelegate >>> Multiple Spring Data modules found, entering strict repository configuration mode!
02-01 11:03:19.166 INFO  --- [main] [RepositoryConfigurationDelegate]:127 o.s.d.r.config.RepositoryConfigurationDelegate >>> Bootstrapping Spring Data Redis repositories in DEFAULT mode.
02-01 11:03:19.192 INFO  --- [main] [RepositoryConfigurationDelegate]:187 o.s.d.r.config.RepositoryConfigurationDelegate >>> Finished Spring Data repository scanning in 11ms. Found 0 Redis repository interfaces.
02-01 11:03:19.327 INFO  --- [main] [GenericScope]:295 o.springframework.cloud.context.scope.GenericScope >>> BeanFactory id=07903206-6fff-3062-bd22-7fcbe6f73d78
02-01 11:03:19.362 INFO  --- [main] [PostProcessorRegistrationDelegate$BeanPostProcessorChecker]:330 o.s.c.s.PostProcessorRegistrationDelegate$BeanPostProcessorChecker >>> Bean 'org.springframework.cloud.client.loadbalancer.reactive.LoadBalancerBeanPostProcessorAutoConfiguration' of type [org.springframework.cloud.client.loadbalancer.reactive.LoadBalancerBeanPostProcessorAutoConfiguration] is not eligible for getting processed by all BeanPostProcessors (for example: not eligible for auto-proxying)
02-01 11:03:19.363 INFO  --- [main] [PostProcessorRegistrationDelegate$BeanPostProcessorChecker]:330 o.s.c.s.PostProcessorRegistrationDelegate$BeanPostProcessorChecker >>> Bean 'org.springframework.cloud.client.loadbalancer.reactive.LoadBalancerBeanPostProcessorAutoConfiguration$ReactiveLoadBalancerConfig' of type [org.springframework.cloud.client.loadbalancer.reactive.LoadBalancerBeanPostProcessorAutoConfiguration$ReactiveLoadBalancerConfig] is not eligible for getting processed by all BeanPostProcessors (for example: not eligible for auto-proxying)
02-01 11:03:19.366 INFO  --- [main] [PostProcessorRegistrationDelegate$BeanPostProcessorChecker]:330 o.s.c.s.PostProcessorRegistrationDelegate$BeanPostProcessorChecker >>> Bean 'deferringLoadBalancerExchangeFilterFunction' of type [org.springframework.cloud.client.loadbalancer.reactive.DeferringLoadBalancerExchangeFilterFunction] is not eligible for getting processed by all BeanPostProcessors (for example: not eligible for auto-proxying)
02-01 11:03:19.650 INFO  --- [main] [SecurityAutoConfiguration]:39 c.g.security.config.SecurityAutoConfiguration >>> 启用公钥解密############
02-01 11:03:19.674 WARN  --- [main] [URLConfigurationSource]:121 com.netflix.config.sources.URLConfigurationSource >>> No URLs will be polled as dynamic configuration sources.
02-01 11:03:19.674 INFO  --- [main] [URLConfigurationSource]:122 com.netflix.config.sources.URLConfigurationSource >>> To enable URLs as dynamic configuration sources, define System property archaius.configurationSource.additionalUrls or make config.properties available on classpath.
02-01 11:03:19.677 WARN  --- [main] [URLConfigurationSource]:121 com.netflix.config.sources.URLConfigurationSource >>> No URLs will be polled as dynamic configuration sources.
02-01 11:03:19.678 INFO  --- [main] [URLConfigurationSource]:122 com.netflix.config.sources.URLConfigurationSource >>> To enable URLs as dynamic configuration sources, define System property archaius.configurationSource.additionalUrls or make config.properties available on classpath.
02-01 11:03:20.185 INFO  --- [main] [RouteDefinitionRouteLocator]:139 o.s.c.gateway.route.RouteDefinitionRouteLocator >>> Loaded RoutePredicateFactory [After]
02-01 11:03:20.185 INFO  --- [main] [RouteDefinitionRouteLocator]:139 o.s.c.gateway.route.RouteDefinitionRouteLocator >>> Loaded RoutePredicateFactory [Before]
02-01 11:03:20.185 INFO  --- [main] [RouteDefinitionRouteLocator]:139 o.s.c.gateway.route.RouteDefinitionRouteLocator >>> Loaded RoutePredicateFactory [Between]
02-01 11:03:20.185 INFO  --- [main] [RouteDefinitionRouteLocator]:139 o.s.c.gateway.route.RouteDefinitionRouteLocator >>> Loaded RoutePredicateFactory [Cookie]
02-01 11:03:20.185 INFO  --- [main] [RouteDefinitionRouteLocator]:139 o.s.c.gateway.route.RouteDefinitionRouteLocator >>> Loaded RoutePredicateFactory [Header]
02-01 11:03:20.186 INFO  --- [main] [RouteDefinitionRouteLocator]:139 o.s.c.gateway.route.RouteDefinitionRouteLocator >>> Loaded RoutePredicateFactory [Host]
02-01 11:03:20.186 INFO  --- [main] [RouteDefinitionRouteLocator]:139 o.s.c.gateway.route.RouteDefinitionRouteLocator >>> Loaded RoutePredicateFactory [Method]
02-01 11:03:20.186 INFO  --- [main] [RouteDefinitionRouteLocator]:139 o.s.c.gateway.route.RouteDefinitionRouteLocator >>> Loaded RoutePredicateFactory [Path]
02-01 11:03:20.186 INFO  --- [main] [RouteDefinitionRouteLocator]:139 o.s.c.gateway.route.RouteDefinitionRouteLocator >>> Loaded RoutePredicateFactory [Query]
02-01 11:03:20.186 INFO  --- [main] [RouteDefinitionRouteLocator]:139 o.s.c.gateway.route.RouteDefinitionRouteLocator >>> Loaded RoutePredicateFactory [ReadBodyPredicateFactory]
02-01 11:03:20.186 INFO  --- [main] [RouteDefinitionRouteLocator]:139 o.s.c.gateway.route.RouteDefinitionRouteLocator >>> Loaded RoutePredicateFactory [RemoteAddr]
02-01 11:03:20.187 INFO  --- [main] [RouteDefinitionRouteLocator]:139 o.s.c.gateway.route.RouteDefinitionRouteLocator >>> Loaded RoutePredicateFactory [Weight]
02-01 11:03:20.187 INFO  --- [main] [RouteDefinitionRouteLocator]:139 o.s.c.gateway.route.RouteDefinitionRouteLocator >>> Loaded RoutePredicateFactory [CloudFoundryRouteService]
02-01 11:03:20.327 INFO  --- [main] [ExecutorConfigurationSupport]:171 o.s.scheduling.concurrent.ThreadPoolTaskScheduler >>> Initializing ExecutorService 'Nacso-Watch-Task-Scheduler'
02-01 11:03:20.707 INFO  --- [main] [NettyWebServer]:89 o.s.boot.web.embedded.netty.NettyWebServer >>> Netty started on port(s): 9999
02-01 11:03:20.793 INFO  --- [main] [ConditionEvaluationReportLoggingListener]:136 o.s.b.a.l.ConditionEvaluationReportLoggingListener >>> 

Error starting ApplicationContext. To display the conditions report re-run your application with 'debug' enabled.
02-01 11:03:20.795 INFO  --- [main] [ExecutorConfigurationSupport]:208 o.s.scheduling.concurrent.ThreadPoolTaskScheduler >>> Shutting down ExecutorService 'Nacso-Watch-Task-Scheduler'
02-01 11:03:59.306 INFO  --- [main] [SpringApplication]:651 com.gapahce.gateway.GatewayApplication >>> No active profile set, falling back to default profiles: default
02-01 11:03:59.901 INFO  --- [main] [RepositoryConfigurationDelegate]:249 o.s.d.r.config.RepositoryConfigurationDelegate >>> Multiple Spring Data modules found, entering strict repository configuration mode!
02-01 11:03:59.904 INFO  --- [main] [RepositoryConfigurationDelegate]:127 o.s.d.r.config.RepositoryConfigurationDelegate >>> Bootstrapping Spring Data Redis repositories in DEFAULT mode.
02-01 11:03:59.929 INFO  --- [main] [RepositoryConfigurationDelegate]:187 o.s.d.r.config.RepositoryConfigurationDelegate >>> Finished Spring Data repository scanning in 11ms. Found 0 Redis repository interfaces.
02-01 11:04:00.073 INFO  --- [main] [GenericScope]:295 o.springframework.cloud.context.scope.GenericScope >>> BeanFactory id=07903206-6fff-3062-bd22-7fcbe6f73d78
02-01 11:04:00.116 INFO  --- [main] [PostProcessorRegistrationDelegate$BeanPostProcessorChecker]:330 o.s.c.s.PostProcessorRegistrationDelegate$BeanPostProcessorChecker >>> Bean 'org.springframework.cloud.client.loadbalancer.reactive.LoadBalancerBeanPostProcessorAutoConfiguration' of type [org.springframework.cloud.client.loadbalancer.reactive.LoadBalancerBeanPostProcessorAutoConfiguration] is not eligible for getting processed by all BeanPostProcessors (for example: not eligible for auto-proxying)
02-01 11:04:00.118 INFO  --- [main] [PostProcessorRegistrationDelegate$BeanPostProcessorChecker]:330 o.s.c.s.PostProcessorRegistrationDelegate$BeanPostProcessorChecker >>> Bean 'org.springframework.cloud.client.loadbalancer.reactive.LoadBalancerBeanPostProcessorAutoConfiguration$ReactiveLoadBalancerConfig' of type [org.springframework.cloud.client.loadbalancer.reactive.LoadBalancerBeanPostProcessorAutoConfiguration$ReactiveLoadBalancerConfig] is not eligible for getting processed by all BeanPostProcessors (for example: not eligible for auto-proxying)
02-01 11:04:00.123 INFO  --- [main] [PostProcessorRegistrationDelegate$BeanPostProcessorChecker]:330 o.s.c.s.PostProcessorRegistrationDelegate$BeanPostProcessorChecker >>> Bean 'deferringLoadBalancerExchangeFilterFunction' of type [org.springframework.cloud.client.loadbalancer.reactive.DeferringLoadBalancerExchangeFilterFunction] is not eligible for getting processed by all BeanPostProcessors (for example: not eligible for auto-proxying)
02-01 11:04:00.400 INFO  --- [main] [SecurityAutoConfiguration]:39 c.g.security.config.SecurityAutoConfiguration >>> 启用公钥解密############
02-01 11:04:00.417 WARN  --- [main] [URLConfigurationSource]:121 com.netflix.config.sources.URLConfigurationSource >>> No URLs will be polled as dynamic configuration sources.
02-01 11:04:00.417 INFO  --- [main] [URLConfigurationSource]:122 com.netflix.config.sources.URLConfigurationSource >>> To enable URLs as dynamic configuration sources, define System property archaius.configurationSource.additionalUrls or make config.properties available on classpath.
02-01 11:04:00.421 WARN  --- [main] [URLConfigurationSource]:121 com.netflix.config.sources.URLConfigurationSource >>> No URLs will be polled as dynamic configuration sources.
02-01 11:04:00.421 INFO  --- [main] [URLConfigurationSource]:122 com.netflix.config.sources.URLConfigurationSource >>> To enable URLs as dynamic configuration sources, define System property archaius.configurationSource.additionalUrls or make config.properties available on classpath.
02-01 11:04:00.903 INFO  --- [main] [RouteDefinitionRouteLocator]:139 o.s.c.gateway.route.RouteDefinitionRouteLocator >>> Loaded RoutePredicateFactory [After]
02-01 11:04:00.903 INFO  --- [main] [RouteDefinitionRouteLocator]:139 o.s.c.gateway.route.RouteDefinitionRouteLocator >>> Loaded RoutePredicateFactory [Before]
02-01 11:04:00.903 INFO  --- [main] [RouteDefinitionRouteLocator]:139 o.s.c.gateway.route.RouteDefinitionRouteLocator >>> Loaded RoutePredicateFactory [Between]
02-01 11:04:00.904 INFO  --- [main] [RouteDefinitionRouteLocator]:139 o.s.c.gateway.route.RouteDefinitionRouteLocator >>> Loaded RoutePredicateFactory [Cookie]
02-01 11:04:00.904 INFO  --- [main] [RouteDefinitionRouteLocator]:139 o.s.c.gateway.route.RouteDefinitionRouteLocator >>> Loaded RoutePredicateFactory [Header]
02-01 11:04:00.904 INFO  --- [main] [RouteDefinitionRouteLocator]:139 o.s.c.gateway.route.RouteDefinitionRouteLocator >>> Loaded RoutePredicateFactory [Host]
02-01 11:04:00.904 INFO  --- [main] [RouteDefinitionRouteLocator]:139 o.s.c.gateway.route.RouteDefinitionRouteLocator >>> Loaded RoutePredicateFactory [Method]
02-01 11:04:00.905 INFO  --- [main] [RouteDefinitionRouteLocator]:139 o.s.c.gateway.route.RouteDefinitionRouteLocator >>> Loaded RoutePredicateFactory [Path]
02-01 11:04:00.905 INFO  --- [main] [RouteDefinitionRouteLocator]:139 o.s.c.gateway.route.RouteDefinitionRouteLocator >>> Loaded RoutePredicateFactory [Query]
02-01 11:04:00.905 INFO  --- [main] [RouteDefinitionRouteLocator]:139 o.s.c.gateway.route.RouteDefinitionRouteLocator >>> Loaded RoutePredicateFactory [ReadBodyPredicateFactory]
02-01 11:04:00.905 INFO  --- [main] [RouteDefinitionRouteLocator]:139 o.s.c.gateway.route.RouteDefinitionRouteLocator >>> Loaded RoutePredicateFactory [RemoteAddr]
02-01 11:04:00.906 INFO  --- [main] [RouteDefinitionRouteLocator]:139 o.s.c.gateway.route.RouteDefinitionRouteLocator >>> Loaded RoutePredicateFactory [Weight]
02-01 11:04:00.906 INFO  --- [main] [RouteDefinitionRouteLocator]:139 o.s.c.gateway.route.RouteDefinitionRouteLocator >>> Loaded RoutePredicateFactory [CloudFoundryRouteService]
02-01 11:04:01.040 INFO  --- [main] [ExecutorConfigurationSupport]:171 o.s.scheduling.concurrent.ThreadPoolTaskScheduler >>> Initializing ExecutorService 'Nacso-Watch-Task-Scheduler'
02-01 11:04:01.409 INFO  --- [main] [NettyWebServer]:89 o.s.boot.web.embedded.netty.NettyWebServer >>> Netty started on port(s): 9999
02-01 11:04:01.475 INFO  --- [main] [NacosServiceRegistry]:65 c.a.cloud.nacos.registry.NacosServiceRegistry >>> nacos registry, DEFAULT_GROUP gateway 192.168.1.100:9999 register finished
02-01 11:04:01.480 INFO  --- [main] [StartupInfoLogger]:61 com.gapahce.gateway.GatewayApplication >>> Started GatewayApplication in 3.269 seconds (JVM running for 4.031)
02-01 11:05:05.680 INFO  --- [reactor-http-nio-3] [LocalSecurityChecker]:35 c.g.security.checker.impl.LocalSecurityChecker >>> parse token result:{"clientId":"husen19950528201314lq19980824","id":0,"name":"husen","sign":true,"uniqueId":0}
02-01 11:05:05.781 INFO  --- [reactor-http-nio-3] [EpollProvider]:68 io.lettuce.core.EpollProvider >>> Starting without optional epoll library
02-01 11:05:05.783 INFO  --- [reactor-http-nio-3] [KqueueProvider]:70 io.lettuce.core.KqueueProvider >>> Starting without optional kqueue library
02-01 11:05:05.841 INFO  --- [reactor-http-nio-3] [SecurityFilter]:43 com.gapahce.gateway.filter.SecurityFilter >>> 解析token花费时间:0
02-01 11:05:05.949 INFO  --- [reactor-http-nio-3] [SecurityFilter]:50 com.gapahce.gateway.filter.SecurityFilter >>> _access_card :CAASBWh1c2VuGgAiFkF1dGhDZW50ZXI6cm9sZTpkZWxldGUiFkF1dGhDZW50ZXI6cm9sZTpjcmVhdGUiGEF1dGhDZW50ZXI6Y2xpZW50OmNyZWF0ZSIaQXV0aENlbnRlcjpjbGllbnQ6YmluZFVzZXIiFkF1dGhDZW50ZXI6dXNlcjpjcmVhdGUiG0F1dGhDZW50ZXI6dXNlcjpzZXRVc2VyUm9sZSIgQXV0aENlbnRlcjpjbGllbnQ6ZmluZEJ5Q2xpZW50SWQiFkF1dGhDZW50ZXI6cm9sZTp1cGRhdGUiFEF1dGhDZW50ZXI6cm9sZTpwYWdlKh1odXNlbjE5OTUwNTI4MjAxMzE0bHExOTk4MDgyNDAB
02-01 11:05:06.215 INFO  --- [reactor-http-nio-3] [ChainedDynamicProperty$ChainLink]:115 com.netflix.config.ChainedDynamicProperty >>> Flipping property: auth-center-server.ribbon.ActiveConnectionsLimit to use NEXT property: niws.loadbalancer.availabilityFilteringRule.activeConnectionsLimit = 2147483647
02-01 11:05:06.243 INFO  --- [reactor-http-nio-3] [BaseLoadBalancer]:197 com.netflix.loadbalancer.BaseLoadBalancer >>> Client: auth-center-server instantiated a LoadBalancer: DynamicServerListLoadBalancer:{NFLoadBalancer:name=auth-center-server,current list of Servers=[],Load balancer stats=Zone stats: {},Server stats: []}ServerList:null
02-01 11:05:06.250 INFO  --- [reactor-http-nio-3] [DynamicServerListLoadBalancer]:222 c.n.loadbalancer.DynamicServerListLoadBalancer >>> Using serverListUpdater PollingServerListUpdater
02-01 11:05:06.268 INFO  --- [reactor-http-nio-3] [ChainedDynamicProperty$ChainLink]:115 com.netflix.config.ChainedDynamicProperty >>> Flipping property: auth-center-server.ribbon.ActiveConnectionsLimit to use NEXT property: niws.loadbalancer.availabilityFilteringRule.activeConnectionsLimit = 2147483647
02-01 11:05:06.272 INFO  --- [reactor-http-nio-3] [DynamicServerListLoadBalancer]:150 c.n.loadbalancer.DynamicServerListLoadBalancer >>> DynamicServerListLoadBalancer for client auth-center-server initialized: DynamicServerListLoadBalancer:{NFLoadBalancer:name=auth-center-server,current list of Servers=[192.168.1.100:10000],Load balancer stats=Zone stats: {unknown=[Zone:unknown;	Instance count:1;	Active connections count: 0;	Circuit breaker tripped count: 0;	Active connections per server: 0.0;]
},Server stats: [[Server:192.168.1.100:10000;	Zone:UNKNOWN;	Total Requests:0;	Successive connection failure:0;	Total blackout seconds:0;	Last connection made:Thu Jan 01 08:00:00 CST 1970;	First connection made: Thu Jan 01 08:00:00 CST 1970;	Active Connections:0;	total failure count in last (1000) msecs:0;	average resp time:0.0;	90 percentile resp time:0.0;	95 percentile resp time:0.0;	min resp time:0.0;	max resp time:0.0;	stddev resp time:0.0]
]}ServerList:com.alibaba.cloud.nacos.ribbon.NacosServerList@3c3831e0
02-01 11:05:07.258 INFO  --- [PollingServerListUpdater-0] [ChainedDynamicProperty$ChainLink]:115 com.netflix.config.ChainedDynamicProperty >>> Flipping property: auth-center-server.ribbon.ActiveConnectionsLimit to use NEXT property: niws.loadbalancer.availabilityFilteringRule.activeConnectionsLimit = 2147483647
02-01 11:07:32.217 INFO  --- [reactor-http-nio-3] [LocalSecurityChecker]:35 c.g.security.checker.impl.LocalSecurityChecker >>> parse token result:{"clientId":"husen19950528201314lq19980824","id":0,"name":"husen","sign":true,"uniqueId":0}
02-01 11:07:32.223 INFO  --- [reactor-http-nio-3] [SecurityFilter]:43 com.gapahce.gateway.filter.SecurityFilter >>> 解析token花费时间:0
02-01 11:07:32.224 INFO  --- [reactor-http-nio-3] [SecurityFilter]:50 com.gapahce.gateway.filter.SecurityFilter >>> _access_card :CAASBWh1c2VuGgAiFkF1dGhDZW50ZXI6cm9sZTpkZWxldGUiFkF1dGhDZW50ZXI6cm9sZTpjcmVhdGUiGEF1dGhDZW50ZXI6Y2xpZW50OmNyZWF0ZSIaQXV0aENlbnRlcjpjbGllbnQ6YmluZFVzZXIiFkF1dGhDZW50ZXI6dXNlcjpjcmVhdGUiG0F1dGhDZW50ZXI6dXNlcjpzZXRVc2VyUm9sZSIgQXV0aENlbnRlcjpjbGllbnQ6ZmluZEJ5Q2xpZW50SWQiFkF1dGhDZW50ZXI6cm9sZTp1cGRhdGUiFEF1dGhDZW50ZXI6cm9sZTpwYWdlKh1odXNlbjE5OTUwNTI4MjAxMzE0bHExOTk4MDgyNDAB
02-01 11:07:44.402 INFO  --- [reactor-http-nio-6] [LocalSecurityChecker]:35 c.g.security.checker.impl.LocalSecurityChecker >>> parse token result:{"clientId":"husen19950528201314lq19980824","id":0,"name":"husen","sign":true,"uniqueId":0}
02-01 11:07:44.406 INFO  --- [reactor-http-nio-6] [SecurityFilter]:43 com.gapahce.gateway.filter.SecurityFilter >>> 解析token花费时间:0
02-01 11:07:44.406 INFO  --- [reactor-http-nio-6] [SecurityFilter]:50 com.gapahce.gateway.filter.SecurityFilter >>> _access_card :CAASBWh1c2VuGgAiFkF1dGhDZW50ZXI6cm9sZTpkZWxldGUiFkF1dGhDZW50ZXI6cm9sZTpjcmVhdGUiGEF1dGhDZW50ZXI6Y2xpZW50OmNyZWF0ZSIaQXV0aENlbnRlcjpjbGllbnQ6YmluZFVzZXIiFkF1dGhDZW50ZXI6dXNlcjpjcmVhdGUiG0F1dGhDZW50ZXI6dXNlcjpzZXRVc2VyUm9sZSIgQXV0aENlbnRlcjpjbGllbnQ6ZmluZEJ5Q2xpZW50SWQiFkF1dGhDZW50ZXI6cm9sZTp1cGRhdGUiFEF1dGhDZW50ZXI6cm9sZTpwYWdlKh1odXNlbjE5OTUwNTI4MjAxMzE0bHExOTk4MDgyNDAB
02-01 11:08:29.045 INFO  --- [reactor-http-nio-6] [LocalSecurityChecker]:35 c.g.security.checker.impl.LocalSecurityChecker >>> parse token result:{"clientId":"husen19950528201314lq19980824","id":0,"name":"husen","sign":false,"uniqueId":0}
02-01 11:08:29.050 INFO  --- [reactor-http-nio-6] [SecurityFilter]:43 com.gapahce.gateway.filter.SecurityFilter >>> 解析token花费时间:0
02-01 11:08:29.050 INFO  --- [reactor-http-nio-6] [SecurityFilter]:50 com.gapahce.gateway.filter.SecurityFilter >>> _access_card :CAASBWh1c2VuGgAiFkF1dGhDZW50ZXI6cm9sZTpkZWxldGUiFkF1dGhDZW50ZXI6cm9sZTpjcmVhdGUiGEF1dGhDZW50ZXI6Y2xpZW50OmNyZWF0ZSIaQXV0aENlbnRlcjpjbGllbnQ6YmluZFVzZXIiFkF1dGhDZW50ZXI6dXNlcjpjcmVhdGUiG0F1dGhDZW50ZXI6dXNlcjpzZXRVc2VyUm9sZSIgQXV0aENlbnRlcjpjbGllbnQ6ZmluZEJ5Q2xpZW50SWQiFkF1dGhDZW50ZXI6cm9sZTp1cGRhdGUiFEF1dGhDZW50ZXI6cm9sZTpwYWdlKh1odXNlbjE5OTUwNTI4MjAxMzE0bHExOTk4MDgyNDAA
02-01 11:10:19.221 INFO  --- [reactor-http-nio-6] [LocalSecurityChecker]:35 c.g.security.checker.impl.LocalSecurityChecker >>> parse token result:{"clientId":"husen19950528201314lq19980824","id":0,"name":"husen","sign":false,"uniqueId":0}
02-01 11:10:19.227 INFO  --- [reactor-http-nio-6] [SecurityFilter]:43 com.gapahce.gateway.filter.SecurityFilter >>> 解析token花费时间:0
02-01 11:10:19.228 INFO  --- [reactor-http-nio-6] [SecurityFilter]:50 com.gapahce.gateway.filter.SecurityFilter >>> _access_card :CAASBWh1c2VuGgAiFkF1dGhDZW50ZXI6cm9sZTpkZWxldGUiFkF1dGhDZW50ZXI6cm9sZTpjcmVhdGUiGEF1dGhDZW50ZXI6Y2xpZW50OmNyZWF0ZSIaQXV0aENlbnRlcjpjbGllbnQ6YmluZFVzZXIiFkF1dGhDZW50ZXI6dXNlcjpjcmVhdGUiG0F1dGhDZW50ZXI6dXNlcjpzZXRVc2VyUm9sZSIgQXV0aENlbnRlcjpjbGllbnQ6ZmluZEJ5Q2xpZW50SWQiFkF1dGhDZW50ZXI6cm9sZTp1cGRhdGUiFEF1dGhDZW50ZXI6cm9sZTpwYWdlKh1odXNlbjE5OTUwNTI4MjAxMzE0bHExOTk4MDgyNDAA
02-01 11:10:34.036 INFO  --- [reactor-http-nio-6] [LocalSecurityChecker]:35 c.g.security.checker.impl.LocalSecurityChecker >>> parse token result:{"clientId":"husen19950528201314lq19980824","id":0,"name":"husen","sign":false,"uniqueId":0}
02-01 11:10:34.045 INFO  --- [reactor-http-nio-6] [SecurityFilter]:43 com.gapahce.gateway.filter.SecurityFilter >>> 解析token花费时间:0
02-01 11:10:34.045 INFO  --- [reactor-http-nio-6] [SecurityFilter]:50 com.gapahce.gateway.filter.SecurityFilter >>> _access_card :CAASBWh1c2VuGgAiFkF1dGhDZW50ZXI6cm9sZTpkZWxldGUiFkF1dGhDZW50ZXI6cm9sZTpjcmVhdGUiGEF1dGhDZW50ZXI6Y2xpZW50OmNyZWF0ZSIaQXV0aENlbnRlcjpjbGllbnQ6YmluZFVzZXIiFkF1dGhDZW50ZXI6dXNlcjpjcmVhdGUiG0F1dGhDZW50ZXI6dXNlcjpzZXRVc2VyUm9sZSIgQXV0aENlbnRlcjpjbGllbnQ6ZmluZEJ5Q2xpZW50SWQiFkF1dGhDZW50ZXI6cm9sZTp1cGRhdGUiFEF1dGhDZW50ZXI6cm9sZTpwYWdlKh1odXNlbjE5OTUwNTI4MjAxMzE0bHExOTk4MDgyNDAA
02-01 11:11:07.105 INFO  --- [reactor-http-nio-6] [LocalSecurityChecker]:35 c.g.security.checker.impl.LocalSecurityChecker >>> parse token result:{"clientId":"husen19950528201314lq19980824","id":0,"name":"husen","sign":false,"uniqueId":0}
02-01 11:11:07.111 INFO  --- [reactor-http-nio-6] [SecurityFilter]:43 com.gapahce.gateway.filter.SecurityFilter >>> 解析token花费时间:0
02-01 11:11:07.112 INFO  --- [reactor-http-nio-6] [SecurityFilter]:50 com.gapahce.gateway.filter.SecurityFilter >>> _access_card :CAASBWh1c2VuGgAiFkF1dGhDZW50ZXI6cm9sZTpkZWxldGUiFkF1dGhDZW50ZXI6cm9sZTpjcmVhdGUiGEF1dGhDZW50ZXI6Y2xpZW50OmNyZWF0ZSIaQXV0aENlbnRlcjpjbGllbnQ6YmluZFVzZXIiFkF1dGhDZW50ZXI6dXNlcjpjcmVhdGUiG0F1dGhDZW50ZXI6dXNlcjpzZXRVc2VyUm9sZSIgQXV0aENlbnRlcjpjbGllbnQ6ZmluZEJ5Q2xpZW50SWQiFkF1dGhDZW50ZXI6cm9sZTp1cGRhdGUiFEF1dGhDZW50ZXI6cm9sZTpwYWdlKh1odXNlbjE5OTUwNTI4MjAxMzE0bHExOTk4MDgyNDAA
02-01 11:11:38.450 INFO  --- [reactor-http-nio-6] [LocalSecurityChecker]:35 c.g.security.checker.impl.LocalSecurityChecker >>> parse token result:{"clientId":"husen19950528201314lq19980824","id":0,"name":"husen","sign":false,"uniqueId":0}
02-01 11:11:38.459 INFO  --- [reactor-http-nio-6] [SecurityFilter]:43 com.gapahce.gateway.filter.SecurityFilter >>> 解析token花费时间:0
02-01 11:11:38.460 INFO  --- [reactor-http-nio-6] [SecurityFilter]:50 com.gapahce.gateway.filter.SecurityFilter >>> _access_card :CAASBWh1c2VuGgAiFkF1dGhDZW50ZXI6cm9sZTpkZWxldGUiFkF1dGhDZW50ZXI6cm9sZTpjcmVhdGUiGEF1dGhDZW50ZXI6Y2xpZW50OmNyZWF0ZSIaQXV0aENlbnRlcjpjbGllbnQ6YmluZFVzZXIiFkF1dGhDZW50ZXI6dXNlcjpjcmVhdGUiG0F1dGhDZW50ZXI6dXNlcjpzZXRVc2VyUm9sZSIgQXV0aENlbnRlcjpjbGllbnQ6ZmluZEJ5Q2xpZW50SWQiFkF1dGhDZW50ZXI6cm9sZTp1cGRhdGUiFEF1dGhDZW50ZXI6cm9sZTpwYWdlKh1odXNlbjE5OTUwNTI4MjAxMzE0bHExOTk4MDgyNDAA
02-01 11:11:48.012 INFO  --- [reactor-http-nio-6] [LocalSecurityChecker]:35 c.g.security.checker.impl.LocalSecurityChecker >>> parse token result:{"clientId":"husen19950528201314lq19980824","id":0,"name":"husen","sign":false,"uniqueId":0}
02-01 11:11:48.017 INFO  --- [reactor-http-nio-6] [SecurityFilter]:43 com.gapahce.gateway.filter.SecurityFilter >>> 解析token花费时间:0
02-01 11:11:48.017 INFO  --- [reactor-http-nio-6] [SecurityFilter]:50 com.gapahce.gateway.filter.SecurityFilter >>> _access_card :CAASBWh1c2VuGgAiFkF1dGhDZW50ZXI6cm9sZTpkZWxldGUiFkF1dGhDZW50ZXI6cm9sZTpjcmVhdGUiGEF1dGhDZW50ZXI6Y2xpZW50OmNyZWF0ZSIaQXV0aENlbnRlcjpjbGllbnQ6YmluZFVzZXIiFkF1dGhDZW50ZXI6dXNlcjpjcmVhdGUiG0F1dGhDZW50ZXI6dXNlcjpzZXRVc2VyUm9sZSIgQXV0aENlbnRlcjpjbGllbnQ6ZmluZEJ5Q2xpZW50SWQiFkF1dGhDZW50ZXI6cm9sZTp1cGRhdGUiFEF1dGhDZW50ZXI6cm9sZTpwYWdlKh1odXNlbjE5OTUwNTI4MjAxMzE0bHExOTk4MDgyNDAA
02-01 11:12:11.123 INFO  --- [reactor-http-nio-6] [LocalSecurityChecker]:35 c.g.security.checker.impl.LocalSecurityChecker >>> parse token result:{"clientId":"husen19950528201314lq19980824","id":0,"name":"husen","sign":false,"uniqueId":0}
02-01 11:12:11.131 INFO  --- [reactor-http-nio-6] [SecurityFilter]:43 com.gapahce.gateway.filter.SecurityFilter >>> 解析token花费时间:0
02-01 11:12:11.132 INFO  --- [reactor-http-nio-6] [SecurityFilter]:50 com.gapahce.gateway.filter.SecurityFilter >>> _access_card :CAASBWh1c2VuGgAiFkF1dGhDZW50ZXI6cm9sZTpkZWxldGUiFkF1dGhDZW50ZXI6cm9sZTpjcmVhdGUiGEF1dGhDZW50ZXI6Y2xpZW50OmNyZWF0ZSIaQXV0aENlbnRlcjpjbGllbnQ6YmluZFVzZXIiFkF1dGhDZW50ZXI6dXNlcjpjcmVhdGUiG0F1dGhDZW50ZXI6dXNlcjpzZXRVc2VyUm9sZSIgQXV0aENlbnRlcjpjbGllbnQ6ZmluZEJ5Q2xpZW50SWQiFkF1dGhDZW50ZXI6cm9sZTp1cGRhdGUiFEF1dGhDZW50ZXI6cm9sZTpwYWdlKh1odXNlbjE5OTUwNTI4MjAxMzE0bHExOTk4MDgyNDAA
02-01 11:12:26.071 INFO  --- [reactor-http-nio-6] [LocalSecurityChecker]:35 c.g.security.checker.impl.LocalSecurityChecker >>> parse token result:{"clientId":"husen19950528201314lq19980824","id":0,"name":"husen","sign":false,"uniqueId":0}
02-01 11:12:26.076 INFO  --- [reactor-http-nio-6] [SecurityFilter]:43 com.gapahce.gateway.filter.SecurityFilter >>> 解析token花费时间:0
02-01 11:12:26.077 INFO  --- [reactor-http-nio-6] [SecurityFilter]:50 com.gapahce.gateway.filter.SecurityFilter >>> _access_card :CAASBWh1c2VuGgAiFkF1dGhDZW50ZXI6cm9sZTpkZWxldGUiFkF1dGhDZW50ZXI6cm9sZTpjcmVhdGUiGEF1dGhDZW50ZXI6Y2xpZW50OmNyZWF0ZSIaQXV0aENlbnRlcjpjbGllbnQ6YmluZFVzZXIiFkF1dGhDZW50ZXI6dXNlcjpjcmVhdGUiG0F1dGhDZW50ZXI6dXNlcjpzZXRVc2VyUm9sZSIgQXV0aENlbnRlcjpjbGllbnQ6ZmluZEJ5Q2xpZW50SWQiFkF1dGhDZW50ZXI6cm9sZTp1cGRhdGUiFEF1dGhDZW50ZXI6cm9sZTpwYWdlKh1odXNlbjE5OTUwNTI4MjAxMzE0bHExOTk4MDgyNDAA
02-01 11:12:46.031 INFO  --- [reactor-http-nio-6] [LocalSecurityChecker]:35 c.g.security.checker.impl.LocalSecurityChecker >>> parse token result:{"clientId":"husen19950528201314lq19980824","id":0,"name":"husen","sign":false,"uniqueId":0}
02-01 11:12:46.034 INFO  --- [reactor-http-nio-6] [SecurityFilter]:43 com.gapahce.gateway.filter.SecurityFilter >>> 解析token花费时间:0
02-01 11:12:46.035 INFO  --- [reactor-http-nio-6] [SecurityFilter]:50 com.gapahce.gateway.filter.SecurityFilter >>> _access_card :CAASBWh1c2VuGgAiFkF1dGhDZW50ZXI6cm9sZTpkZWxldGUiFkF1dGhDZW50ZXI6cm9sZTpjcmVhdGUiGEF1dGhDZW50ZXI6Y2xpZW50OmNyZWF0ZSIaQXV0aENlbnRlcjpjbGllbnQ6YmluZFVzZXIiFkF1dGhDZW50ZXI6dXNlcjpjcmVhdGUiG0F1dGhDZW50ZXI6dXNlcjpzZXRVc2VyUm9sZSIgQXV0aENlbnRlcjpjbGllbnQ6ZmluZEJ5Q2xpZW50SWQiFkF1dGhDZW50ZXI6cm9sZTp1cGRhdGUiFEF1dGhDZW50ZXI6cm9sZTpwYWdlKh1odXNlbjE5OTUwNTI4MjAxMzE0bHExOTk4MDgyNDAA
02-01 11:14:43.293 INFO  --- [reactor-http-nio-6] [LocalSecurityChecker]:35 c.g.security.checker.impl.LocalSecurityChecker >>> parse token result:{"clientId":"husen19950528201314lq19980824","id":0,"name":"husen","sign":false,"uniqueId":0}
02-01 11:14:43.302 INFO  --- [reactor-http-nio-6] [SecurityFilter]:43 com.gapahce.gateway.filter.SecurityFilter >>> 解析token花费时间:0
02-01 11:14:43.303 INFO  --- [reactor-http-nio-6] [SecurityFilter]:50 com.gapahce.gateway.filter.SecurityFilter >>> _access_card :CAASBWh1c2VuGgAiFkF1dGhDZW50ZXI6cm9sZTpkZWxldGUiFkF1dGhDZW50ZXI6cm9sZTpjcmVhdGUiGEF1dGhDZW50ZXI6Y2xpZW50OmNyZWF0ZSIaQXV0aENlbnRlcjpjbGllbnQ6YmluZFVzZXIiFkF1dGhDZW50ZXI6dXNlcjpjcmVhdGUiG0F1dGhDZW50ZXI6dXNlcjpzZXRVc2VyUm9sZSIgQXV0aENlbnRlcjpjbGllbnQ6ZmluZEJ5Q2xpZW50SWQiFkF1dGhDZW50ZXI6cm9sZTp1cGRhdGUiFEF1dGhDZW50ZXI6cm9sZTpwYWdlKh1odXNlbjE5OTUwNTI4MjAxMzE0bHExOTk4MDgyNDAA
02-01 11:14:43.370 INFO  --- [reactor-http-nio-6] [ChainedDynamicProperty$ChainLink]:115 com.netflix.config.ChainedDynamicProperty >>> Flipping property: user-server.ribbon.ActiveConnectionsLimit to use NEXT property: niws.loadbalancer.availabilityFilteringRule.activeConnectionsLimit = 2147483647
02-01 11:14:43.373 INFO  --- [reactor-http-nio-6] [BaseLoadBalancer]:197 com.netflix.loadbalancer.BaseLoadBalancer >>> Client: user-server instantiated a LoadBalancer: DynamicServerListLoadBalancer:{NFLoadBalancer:name=user-server,current list of Servers=[],Load balancer stats=Zone stats: {},Server stats: []}ServerList:null
02-01 11:14:43.376 INFO  --- [reactor-http-nio-6] [DynamicServerListLoadBalancer]:222 c.n.loadbalancer.DynamicServerListLoadBalancer >>> Using serverListUpdater PollingServerListUpdater
02-01 11:14:43.378 INFO  --- [reactor-http-nio-6] [ChainedDynamicProperty$ChainLink]:115 com.netflix.config.ChainedDynamicProperty >>> Flipping property: user-server.ribbon.ActiveConnectionsLimit to use NEXT property: niws.loadbalancer.availabilityFilteringRule.activeConnectionsLimit = 2147483647
02-01 11:14:43.379 INFO  --- [reactor-http-nio-6] [DynamicServerListLoadBalancer]:150 c.n.loadbalancer.DynamicServerListLoadBalancer >>> DynamicServerListLoadBalancer for client user-server initialized: DynamicServerListLoadBalancer:{NFLoadBalancer:name=user-server,current list of Servers=[192.168.1.100:10005],Load balancer stats=Zone stats: {unknown=[Zone:unknown;	Instance count:1;	Active connections count: 0;	Circuit breaker tripped count: 0;	Active connections per server: 0.0;]
},Server stats: [[Server:192.168.1.100:10005;	Zone:UNKNOWN;	Total Requests:0;	Successive connection failure:0;	Total blackout seconds:0;	Last connection made:Thu Jan 01 08:00:00 CST 1970;	First connection made: Thu Jan 01 08:00:00 CST 1970;	Active Connections:0;	total failure count in last (1000) msecs:0;	average resp time:0.0;	90 percentile resp time:0.0;	95 percentile resp time:0.0;	min resp time:0.0;	max resp time:0.0;	stddev resp time:0.0]
]}ServerList:com.alibaba.cloud.nacos.ribbon.NacosServerList@7c748f8d
02-01 11:14:44.381 INFO  --- [PollingServerListUpdater-0] [ChainedDynamicProperty$ChainLink]:115 com.netflix.config.ChainedDynamicProperty >>> Flipping property: user-server.ribbon.ActiveConnectionsLimit to use NEXT property: niws.loadbalancer.availabilityFilteringRule.activeConnectionsLimit = 2147483647
02-01 11:14:54.903 INFO  --- [reactor-http-nio-6] [LocalSecurityChecker]:35 c.g.security.checker.impl.LocalSecurityChecker >>> parse token result:{"clientId":"husen19950528201314lq19980824","id":0,"name":"husen","sign":false,"uniqueId":0}
02-01 11:14:54.908 INFO  --- [reactor-http-nio-6] [SecurityFilter]:43 com.gapahce.gateway.filter.SecurityFilter >>> 解析token花费时间:0
02-01 11:14:54.908 INFO  --- [reactor-http-nio-6] [SecurityFilter]:50 com.gapahce.gateway.filter.SecurityFilter >>> _access_card :CAASBWh1c2VuGgAiFkF1dGhDZW50ZXI6cm9sZTpkZWxldGUiFkF1dGhDZW50ZXI6cm9sZTpjcmVhdGUiGEF1dGhDZW50ZXI6Y2xpZW50OmNyZWF0ZSIaQXV0aENlbnRlcjpjbGllbnQ6YmluZFVzZXIiFkF1dGhDZW50ZXI6dXNlcjpjcmVhdGUiG0F1dGhDZW50ZXI6dXNlcjpzZXRVc2VyUm9sZSIgQXV0aENlbnRlcjpjbGllbnQ6ZmluZEJ5Q2xpZW50SWQiFkF1dGhDZW50ZXI6cm9sZTp1cGRhdGUiFEF1dGhDZW50ZXI6cm9sZTpwYWdlKh1odXNlbjE5OTUwNTI4MjAxMzE0bHExOTk4MDgyNDAA
02-01 11:47:37.998 INFO  --- [reactor-http-nio-6] [LocalSecurityChecker]:35 c.g.security.checker.impl.LocalSecurityChecker >>> parse token result:{"clientId":"husen19950528201314lq19980824","id":0,"name":"husen","sign":false,"uniqueId":0}
02-01 11:47:38.022 INFO  --- [reactor-http-nio-6] [SecurityFilter]:43 com.gapahce.gateway.filter.SecurityFilter >>> 解析token花费时间:0
02-01 11:47:38.024 INFO  --- [reactor-http-nio-6] [SecurityFilter]:50 com.gapahce.gateway.filter.SecurityFilter >>> _access_card :CAASBWh1c2VuGgAiFkF1dGhDZW50ZXI6cm9sZTpkZWxldGUiFkF1dGhDZW50ZXI6cm9sZTpjcmVhdGUiGEF1dGhDZW50ZXI6Y2xpZW50OmNyZWF0ZSIaQXV0aENlbnRlcjpjbGllbnQ6YmluZFVzZXIiFkF1dGhDZW50ZXI6dXNlcjpjcmVhdGUiG0F1dGhDZW50ZXI6dXNlcjpzZXRVc2VyUm9sZSIgQXV0aENlbnRlcjpjbGllbnQ6ZmluZEJ5Q2xpZW50SWQiFkF1dGhDZW50ZXI6cm9sZTp1cGRhdGUiFEF1dGhDZW50ZXI6cm9sZTpwYWdlKh1odXNlbjE5OTUwNTI4MjAxMzE0bHExOTk4MDgyNDAA
02-01 11:47:56.677 INFO  --- [reactor-http-nio-6] [LocalSecurityChecker]:35 c.g.security.checker.impl.LocalSecurityChecker >>> parse token result:{"clientId":"husen19950528201314lq19980824","id":0,"name":"husen","sign":false,"uniqueId":0}
02-01 11:47:56.683 INFO  --- [reactor-http-nio-6] [SecurityFilter]:43 com.gapahce.gateway.filter.SecurityFilter >>> 解析token花费时间:0
02-01 11:47:56.684 INFO  --- [reactor-http-nio-6] [SecurityFilter]:50 com.gapahce.gateway.filter.SecurityFilter >>> _access_card :CAASBWh1c2VuGgAiFkF1dGhDZW50ZXI6cm9sZTpkZWxldGUiFkF1dGhDZW50ZXI6cm9sZTpjcmVhdGUiGEF1dGhDZW50ZXI6Y2xpZW50OmNyZWF0ZSIaQXV0aENlbnRlcjpjbGllbnQ6YmluZFVzZXIiFkF1dGhDZW50ZXI6dXNlcjpjcmVhdGUiG0F1dGhDZW50ZXI6dXNlcjpzZXRVc2VyUm9sZSIgQXV0aENlbnRlcjpjbGllbnQ6ZmluZEJ5Q2xpZW50SWQiFkF1dGhDZW50ZXI6cm9sZTp1cGRhdGUiFEF1dGhDZW50ZXI6cm9sZTpwYWdlKh1odXNlbjE5OTUwNTI4MjAxMzE0bHExOTk4MDgyNDAA
02-01 11:55:24.547 INFO  --- [Thread-35] [PollingServerListUpdater$LazyHolder$2]:53 com.netflix.loadbalancer.PollingServerListUpdater >>> Shutting down the Executor Pool for PollingServerListUpdater
02-01 11:55:24.554 INFO  --- [SpringContextShutdownHook] [ExecutorConfigurationSupport]:208 o.s.scheduling.concurrent.ThreadPoolTaskScheduler >>> Shutting down ExecutorService 'Nacso-Watch-Task-Scheduler'
02-01 11:55:24.557 INFO  --- [SpringContextShutdownHook] [NacosServiceRegistry]:80 c.a.cloud.nacos.registry.NacosServiceRegistry >>> De-registering from Nacos Server now...
02-01 11:55:24.563 INFO  --- [SpringContextShutdownHook] [NacosServiceRegistry]:100 c.a.cloud.nacos.registry.NacosServiceRegistry >>> De-registration finished.
