02-01 10:42:50.310 ERROR --- [main] [LoggingFailureAnalysisReporter]:40 o.s.b.diagnostics.LoggingFailureAnalysisReporter >>> 

***************************
APPLICATION FAILED TO START
***************************

Description:

An attempt was made to call a method that does not exist. The attempt was made from the following location:

    org.springframework.cloud.gateway.config.GatewayAutoConfiguration$NettyConfiguration.gatewayHttpClient(GatewayAutoConfiguration.java:612)

The following method did not exist:

    reactor.netty.resources.ConnectionProvider.elastic(Ljava/lang/String;Ljava/time/Duration;Ljava/time/Duration;)Lreactor/netty/resources/ConnectionProvider;

The method's class, reactor.netty.resources.ConnectionProvider, is available from the following locations:

    jar:file:/Users/husen/develop/repo/io/projectreactor/netty/reactor-netty/0.9.2.RELEASE/reactor-netty-0.9.2.RELEASE.jar!/reactor/netty/resources/ConnectionProvider.class

It was loaded from the following location:

    file:/Users/husen/develop/repo/io/projectreactor/netty/reactor-netty/0.9.2.RELEASE/reactor-netty-0.9.2.RELEASE.jar


Action:

Correct the classpath of your application so that it contains a single, compatible version of reactor.netty.resources.ConnectionProvider

02-01 10:45:15.585 ERROR --- [main] [LoggingFailureAnalysisReporter]:40 o.s.b.diagnostics.LoggingFailureAnalysisReporter >>> 

***************************
APPLICATION FAILED TO START
***************************

Description:

An attempt was made to call a method that does not exist. The attempt was made from the following location:

    org.springframework.cloud.gateway.config.GatewayAutoConfiguration$NettyConfiguration.gatewayHttpClient(GatewayAutoConfiguration.java:612)

The following method did not exist:

    reactor.netty.resources.ConnectionProvider.elastic(Ljava/lang/String;Ljava/time/Duration;Ljava/time/Duration;)Lreactor/netty/resources/ConnectionProvider;

The method's class, reactor.netty.resources.ConnectionProvider, is available from the following locations:

    jar:file:/Users/husen/develop/repo/io/projectreactor/netty/reactor-netty/0.9.2.RELEASE/reactor-netty-0.9.2.RELEASE.jar!/reactor/netty/resources/ConnectionProvider.class

It was loaded from the following location:

    file:/Users/husen/develop/repo/io/projectreactor/netty/reactor-netty/0.9.2.RELEASE/reactor-netty-0.9.2.RELEASE.jar


Action:

Correct the classpath of your application so that it contains a single, compatible version of reactor.netty.resources.ConnectionProvider

02-01 10:47:33.464 ERROR --- [main] [LoggingFailureAnalysisReporter]:40 o.s.b.diagnostics.LoggingFailureAnalysisReporter >>> 

***************************
APPLICATION FAILED TO START
***************************

Description:

An attempt was made to call a method that does not exist. The attempt was made from the following location:

    org.springframework.cloud.gateway.config.GatewayAutoConfiguration$NettyConfiguration.reactorNettyWebSocketClient(GatewayAutoConfiguration.java:738)

The following method did not exist:

    org.springframework.web.reactive.socket.client.ReactorNettyWebSocketClient.setHandlePing(Z)V

The method's class, org.springframework.web.reactive.socket.client.ReactorNettyWebSocketClient, is available from the following locations:

    jar:file:/Users/husen/develop/repo/org/springframework/spring-webflux/5.2.2.RELEASE/spring-webflux-5.2.2.RELEASE.jar!/org/springframework/web/reactive/socket/client/ReactorNettyWebSocketClient.class

It was loaded from the following location:

    file:/Users/husen/develop/repo/org/springframework/spring-webflux/5.2.2.RELEASE/spring-webflux-5.2.2.RELEASE.jar


Action:

Correct the classpath of your application so that it contains a single, compatible version of org.springframework.web.reactive.socket.client.ReactorNettyWebSocketClient

02-01 10:51:05.810 ERROR --- [main] [LoggingFailureAnalysisReporter]:40 o.s.b.diagnostics.LoggingFailureAnalysisReporter >>> 

***************************
APPLICATION FAILED TO START
***************************

Description:

An attempt was made to call a method that does not exist. The attempt was made from the following location:

    org.springframework.cloud.gateway.config.GatewayAutoConfiguration$NettyConfiguration.gatewayHttpClient(GatewayAutoConfiguration.java:612)

The following method did not exist:

    reactor.netty.resources.ConnectionProvider.elastic(Ljava/lang/String;Ljava/time/Duration;Ljava/time/Duration;)Lreactor/netty/resources/ConnectionProvider;

The method's class, reactor.netty.resources.ConnectionProvider, is available from the following locations:

    jar:file:/Users/husen/develop/repo/io/projectreactor/netty/reactor-netty/0.9.2.RELEASE/reactor-netty-0.9.2.RELEASE.jar!/reactor/netty/resources/ConnectionProvider.class

It was loaded from the following location:

    file:/Users/husen/develop/repo/io/projectreactor/netty/reactor-netty/0.9.2.RELEASE/reactor-netty-0.9.2.RELEASE.jar


Action:

Correct the classpath of your application so that it contains a single, compatible version of reactor.netty.resources.ConnectionProvider

02-01 10:54:55.386 ERROR --- [main] [LoggingFailureAnalysisReporter]:40 o.s.b.diagnostics.LoggingFailureAnalysisReporter >>> 

***************************
APPLICATION FAILED TO START
***************************

Description:

An attempt was made to call a method that does not exist. The attempt was made from the following location:

    org.springframework.cloud.gateway.config.GatewayAutoConfiguration$NettyConfiguration.gatewayHttpClient(GatewayAutoConfiguration.java:612)

The following method did not exist:

    reactor.netty.resources.ConnectionProvider.elastic(Ljava/lang/String;Ljava/time/Duration;Ljava/time/Duration;)Lreactor/netty/resources/ConnectionProvider;

The method's class, reactor.netty.resources.ConnectionProvider, is available from the following locations:

    jar:file:/Users/husen/develop/repo/io/projectreactor/netty/reactor-netty/0.9.2.RELEASE/reactor-netty-0.9.2.RELEASE.jar!/reactor/netty/resources/ConnectionProvider.class

It was loaded from the following location:

    file:/Users/husen/develop/repo/io/projectreactor/netty/reactor-netty/0.9.2.RELEASE/reactor-netty-0.9.2.RELEASE.jar


Action:

Correct the classpath of your application so that it contains a single, compatible version of reactor.netty.resources.ConnectionProvider

02-01 11:03:20.658 ERROR --- [boundedElastic-2] [NacosReactiveDiscoveryClient]:78 c.a.c.n.d.reactive.NacosReactiveDiscoveryClient >>> get services from nacos server fail,
com.alibaba.nacos.api.exception.NacosException: failed to req API:/api//nacos/v1/ns/service/list after all servers([127.0.0.1:8848]) tried: java.net.ConnectException: Connection refused (Connection refused)
	at com.alibaba.nacos.client.naming.net.NamingProxy.reqAPI(NamingProxy.java:496)
	at com.alibaba.nacos.client.naming.net.NamingProxy.reqAPI(NamingProxy.java:401)
	at com.alibaba.nacos.client.naming.net.NamingProxy.reqAPI(NamingProxy.java:397)
	at com.alibaba.nacos.client.naming.net.NamingProxy.getServiceList(NamingProxy.java:385)
	at com.alibaba.nacos.client.naming.NacosNamingService.getServicesOfServer(NacosNamingService.java:458)
	at com.alibaba.nacos.client.naming.NacosNamingService.getServicesOfServer(NacosNamingService.java:447)
	at com.alibaba.cloud.nacos.discovery.NacosServiceDiscovery.getServices(NacosServiceDiscovery.java:64)
	at com.alibaba.cloud.nacos.discovery.reactive.NacosReactiveDiscoveryClient.lambda$getServices$1(NacosReactiveDiscoveryClient.java:75)
	at reactor.core.publisher.FluxDefer.subscribe(FluxDefer.java:46)
	at reactor.core.publisher.FluxSubscribeOn$SubscribeOnSubscriber.run(FluxSubscribeOn.java:194)
	at reactor.core.scheduler.WorkerTask.call(WorkerTask.java:84)
	at reactor.core.scheduler.WorkerTask.call(WorkerTask.java:37)
	at java.util.concurrent.FutureTask.run(FutureTask.java:266)
	at java.util.concurrent.ScheduledThreadPoolExecutor$ScheduledFutureTask.access$201(ScheduledThreadPoolExecutor.java:180)
	at java.util.concurrent.ScheduledThreadPoolExecutor$ScheduledFutureTask.run(ScheduledThreadPoolExecutor.java:293)
	at java.util.concurrent.ThreadPoolExecutor.runWorker(ThreadPoolExecutor.java:1149)
	at java.util.concurrent.ThreadPoolExecutor$Worker.run(ThreadPoolExecutor.java:624)
	at java.lang.Thread.run(Thread.java:748)
02-01 11:03:20.658 ERROR --- [boundedElastic-4] [NacosReactiveDiscoveryClient]:78 c.a.c.n.d.reactive.NacosReactiveDiscoveryClient >>> get services from nacos server fail,
com.alibaba.nacos.api.exception.NacosException: failed to req API:/api//nacos/v1/ns/service/list after all servers([127.0.0.1:8848]) tried: java.net.ConnectException: Connection refused (Connection refused)
	at com.alibaba.nacos.client.naming.net.NamingProxy.reqAPI(NamingProxy.java:496)
	at com.alibaba.nacos.client.naming.net.NamingProxy.reqAPI(NamingProxy.java:401)
	at com.alibaba.nacos.client.naming.net.NamingProxy.reqAPI(NamingProxy.java:397)
	at com.alibaba.nacos.client.naming.net.NamingProxy.getServiceList(NamingProxy.java:385)
	at com.alibaba.nacos.client.naming.NacosNamingService.getServicesOfServer(NacosNamingService.java:458)
	at com.alibaba.nacos.client.naming.NacosNamingService.getServicesOfServer(NacosNamingService.java:447)
	at com.alibaba.cloud.nacos.discovery.NacosServiceDiscovery.getServices(NacosServiceDiscovery.java:64)
	at com.alibaba.cloud.nacos.discovery.reactive.NacosReactiveDiscoveryClient.lambda$getServices$1(NacosReactiveDiscoveryClient.java:75)
	at reactor.core.publisher.FluxDefer.subscribe(FluxDefer.java:46)
	at reactor.core.publisher.FluxSubscribeOn$SubscribeOnSubscriber.run(FluxSubscribeOn.java:194)
	at reactor.core.scheduler.WorkerTask.call(WorkerTask.java:84)
	at reactor.core.scheduler.WorkerTask.call(WorkerTask.java:37)
	at java.util.concurrent.FutureTask.run(FutureTask.java:266)
	at java.util.concurrent.ScheduledThreadPoolExecutor$ScheduledFutureTask.access$201(ScheduledThreadPoolExecutor.java:180)
	at java.util.concurrent.ScheduledThreadPoolExecutor$ScheduledFutureTask.run(ScheduledThreadPoolExecutor.java:293)
	at java.util.concurrent.ThreadPoolExecutor.runWorker(ThreadPoolExecutor.java:1149)
	at java.util.concurrent.ThreadPoolExecutor$Worker.run(ThreadPoolExecutor.java:624)
	at java.lang.Thread.run(Thread.java:748)
02-01 11:03:20.658 ERROR --- [boundedElastic-1] [NacosReactiveDiscoveryClient]:78 c.a.c.n.d.reactive.NacosReactiveDiscoveryClient >>> get services from nacos server fail,
com.alibaba.nacos.api.exception.NacosException: failed to req API:/api//nacos/v1/ns/service/list after all servers([127.0.0.1:8848]) tried: java.net.ConnectException: Connection refused (Connection refused)
	at com.alibaba.nacos.client.naming.net.NamingProxy.reqAPI(NamingProxy.java:496)
	at com.alibaba.nacos.client.naming.net.NamingProxy.reqAPI(NamingProxy.java:401)
	at com.alibaba.nacos.client.naming.net.NamingProxy.reqAPI(NamingProxy.java:397)
	at com.alibaba.nacos.client.naming.net.NamingProxy.getServiceList(NamingProxy.java:385)
	at com.alibaba.nacos.client.naming.NacosNamingService.getServicesOfServer(NacosNamingService.java:458)
	at com.alibaba.nacos.client.naming.NacosNamingService.getServicesOfServer(NacosNamingService.java:447)
	at com.alibaba.cloud.nacos.discovery.NacosServiceDiscovery.getServices(NacosServiceDiscovery.java:64)
	at com.alibaba.cloud.nacos.discovery.reactive.NacosReactiveDiscoveryClient.lambda$getServices$1(NacosReactiveDiscoveryClient.java:75)
	at reactor.core.publisher.FluxDefer.subscribe(FluxDefer.java:46)
	at reactor.core.publisher.FluxSubscribeOn$SubscribeOnSubscriber.run(FluxSubscribeOn.java:194)
	at reactor.core.scheduler.WorkerTask.call(WorkerTask.java:84)
	at reactor.core.scheduler.WorkerTask.call(WorkerTask.java:37)
	at java.util.concurrent.FutureTask.run(FutureTask.java:266)
	at java.util.concurrent.ScheduledThreadPoolExecutor$ScheduledFutureTask.access$201(ScheduledThreadPoolExecutor.java:180)
	at java.util.concurrent.ScheduledThreadPoolExecutor$ScheduledFutureTask.run(ScheduledThreadPoolExecutor.java:293)
	at java.util.concurrent.ThreadPoolExecutor.runWorker(ThreadPoolExecutor.java:1149)
	at java.util.concurrent.ThreadPoolExecutor$Worker.run(ThreadPoolExecutor.java:624)
	at java.lang.Thread.run(Thread.java:748)
02-01 11:03:20.658 ERROR --- [boundedElastic-3] [NacosReactiveDiscoveryClient]:78 c.a.c.n.d.reactive.NacosReactiveDiscoveryClient >>> get services from nacos server fail,
com.alibaba.nacos.api.exception.NacosException: failed to req API:/api//nacos/v1/ns/service/list after all servers([127.0.0.1:8848]) tried: java.net.ConnectException: Connection refused (Connection refused)
	at com.alibaba.nacos.client.naming.net.NamingProxy.reqAPI(NamingProxy.java:496)
	at com.alibaba.nacos.client.naming.net.NamingProxy.reqAPI(NamingProxy.java:401)
	at com.alibaba.nacos.client.naming.net.NamingProxy.reqAPI(NamingProxy.java:397)
	at com.alibaba.nacos.client.naming.net.NamingProxy.getServiceList(NamingProxy.java:385)
	at com.alibaba.nacos.client.naming.NacosNamingService.getServicesOfServer(NacosNamingService.java:458)
	at com.alibaba.nacos.client.naming.NacosNamingService.getServicesOfServer(NacosNamingService.java:447)
	at com.alibaba.cloud.nacos.discovery.NacosServiceDiscovery.getServices(NacosServiceDiscovery.java:64)
	at com.alibaba.cloud.nacos.discovery.reactive.NacosReactiveDiscoveryClient.lambda$getServices$1(NacosReactiveDiscoveryClient.java:75)
	at reactor.core.publisher.FluxDefer.subscribe(FluxDefer.java:46)
	at reactor.core.publisher.FluxSubscribeOn$SubscribeOnSubscriber.run(FluxSubscribeOn.java:194)
	at reactor.core.scheduler.WorkerTask.call(WorkerTask.java:84)
	at reactor.core.scheduler.WorkerTask.call(WorkerTask.java:37)
	at java.util.concurrent.FutureTask.run(FutureTask.java:266)
	at java.util.concurrent.ScheduledThreadPoolExecutor$ScheduledFutureTask.access$201(ScheduledThreadPoolExecutor.java:180)
	at java.util.concurrent.ScheduledThreadPoolExecutor$ScheduledFutureTask.run(ScheduledThreadPoolExecutor.java:293)
	at java.util.concurrent.ThreadPoolExecutor.runWorker(ThreadPoolExecutor.java:1149)
	at java.util.concurrent.ThreadPoolExecutor$Worker.run(ThreadPoolExecutor.java:624)
	at java.lang.Thread.run(Thread.java:748)
02-01 11:03:20.788 ERROR --- [main] [NacosServiceRegistry]:69 c.a.cloud.nacos.registry.NacosServiceRegistry >>> nacos registry, gateway register failed...NacosRegistration{nacosDiscoveryProperties=NacosDiscoveryProperties{serverAddr='127.0.0.1:8848', endpoint='', namespace='', watchDelay=30000, logName='', service='gateway', weight=1.0, clusterName='DEFAULT', group='DEFAULT_GROUP', namingLoadCacheAtStart='false', metadata={preserved.register.source=SPRING_CLOUD}, registerEnabled=true, ip='192.168.1.100', networkInterface='', port=9999, secure=false, accessKey='', secretKey='', heartBeatInterval=null, heartBeatTimeout=null, ipDeleteTimeout=null}},
com.alibaba.nacos.api.exception.NacosException: failed to req API:/api//nacos/v1/ns/instance after all servers([127.0.0.1:8848]) tried: java.net.ConnectException: Connection refused (Connection refused)
	at com.alibaba.nacos.client.naming.net.NamingProxy.reqAPI(NamingProxy.java:496)
	at com.alibaba.nacos.client.naming.net.NamingProxy.reqAPI(NamingProxy.java:401)
	at com.alibaba.nacos.client.naming.net.NamingProxy.reqAPI(NamingProxy.java:397)
	at com.alibaba.nacos.client.naming.net.NamingProxy.registerService(NamingProxy.java:212)
	at com.alibaba.nacos.client.naming.NacosNamingService.registerInstance(NacosNamingService.java:207)
	at com.alibaba.cloud.nacos.registry.NacosServiceRegistry.register(NacosServiceRegistry.java:64)
	at org.springframework.cloud.client.serviceregistry.AbstractAutoServiceRegistration.register(AbstractAutoServiceRegistration.java:239)
	at com.alibaba.cloud.nacos.registry.NacosAutoServiceRegistration.register(NacosAutoServiceRegistration.java:76)
	at org.springframework.cloud.client.serviceregistry.AbstractAutoServiceRegistration.start(AbstractAutoServiceRegistration.java:138)
	at org.springframework.cloud.client.serviceregistry.AbstractAutoServiceRegistration.bind(AbstractAutoServiceRegistration.java:101)
	at org.springframework.cloud.client.serviceregistry.AbstractAutoServiceRegistration.onApplicationEvent(AbstractAutoServiceRegistration.java:88)
	at org.springframework.cloud.client.serviceregistry.AbstractAutoServiceRegistration.onApplicationEvent(AbstractAutoServiceRegistration.java:47)
	at org.springframework.context.event.SimpleApplicationEventMulticaster.doInvokeListener(SimpleApplicationEventMulticaster.java:172)
	at org.springframework.context.event.SimpleApplicationEventMulticaster.invokeListener(SimpleApplicationEventMulticaster.java:165)
	at org.springframework.context.event.SimpleApplicationEventMulticaster.multicastEvent(SimpleApplicationEventMulticaster.java:139)
	at org.springframework.context.support.AbstractApplicationContext.publishEvent(AbstractApplicationContext.java:403)
	at org.springframework.context.support.AbstractApplicationContext.publishEvent(AbstractApplicationContext.java:360)
	at org.springframework.boot.web.reactive.context.ReactiveWebServerApplicationContext.finishRefresh(ReactiveWebServerApplicationContext.java:132)
	at org.springframework.context.support.AbstractApplicationContext.refresh(AbstractApplicationContext.java:553)
	at org.springframework.boot.web.reactive.context.ReactiveWebServerApplicationContext.refresh(ReactiveWebServerApplicationContext.java:66)
	at org.springframework.boot.SpringApplication.refresh(SpringApplication.java:747)
	at org.springframework.boot.SpringApplication.refreshContext(SpringApplication.java:397)
	at org.springframework.boot.SpringApplication.run(SpringApplication.java:315)
	at org.springframework.boot.SpringApplication.run(SpringApplication.java:1226)
	at org.springframework.boot.SpringApplication.run(SpringApplication.java:1215)
	at com.gapahce.gateway.GatewayApplication.main(GatewayApplication.java:15)
02-01 11:03:22.884 ERROR --- [main] [SpringApplication]:826 org.springframework.boot.SpringApplication >>> Application run failed
java.lang.reflect.UndeclaredThrowableException: null
	at org.springframework.util.ReflectionUtils.rethrowRuntimeException(ReflectionUtils.java:147)
	at com.alibaba.cloud.nacos.registry.NacosServiceRegistry.register(NacosServiceRegistry.java:73)
	at org.springframework.cloud.client.serviceregistry.AbstractAutoServiceRegistration.register(AbstractAutoServiceRegistration.java:239)
	at com.alibaba.cloud.nacos.registry.NacosAutoServiceRegistration.register(NacosAutoServiceRegistration.java:76)
	at org.springframework.cloud.client.serviceregistry.AbstractAutoServiceRegistration.start(AbstractAutoServiceRegistration.java:138)
	at org.springframework.cloud.client.serviceregistry.AbstractAutoServiceRegistration.bind(AbstractAutoServiceRegistration.java:101)
	at org.springframework.cloud.client.serviceregistry.AbstractAutoServiceRegistration.onApplicationEvent(AbstractAutoServiceRegistration.java:88)
	at org.springframework.cloud.client.serviceregistry.AbstractAutoServiceRegistration.onApplicationEvent(AbstractAutoServiceRegistration.java:47)
	at org.springframework.context.event.SimpleApplicationEventMulticaster.doInvokeListener(SimpleApplicationEventMulticaster.java:172)
	at org.springframework.context.event.SimpleApplicationEventMulticaster.invokeListener(SimpleApplicationEventMulticaster.java:165)
	at org.springframework.context.event.SimpleApplicationEventMulticaster.multicastEvent(SimpleApplicationEventMulticaster.java:139)
	at org.springframework.context.support.AbstractApplicationContext.publishEvent(AbstractApplicationContext.java:403)
	at org.springframework.context.support.AbstractApplicationContext.publishEvent(AbstractApplicationContext.java:360)
	at org.springframework.boot.web.reactive.context.ReactiveWebServerApplicationContext.finishRefresh(ReactiveWebServerApplicationContext.java:132)
	at org.springframework.context.support.AbstractApplicationContext.refresh(AbstractApplicationContext.java:553)
	at org.springframework.boot.web.reactive.context.ReactiveWebServerApplicationContext.refresh(ReactiveWebServerApplicationContext.java:66)
	at org.springframework.boot.SpringApplication.refresh(SpringApplication.java:747)
	at org.springframework.boot.SpringApplication.refreshContext(SpringApplication.java:397)
	at org.springframework.boot.SpringApplication.run(SpringApplication.java:315)
	at org.springframework.boot.SpringApplication.run(SpringApplication.java:1226)
	at org.springframework.boot.SpringApplication.run(SpringApplication.java:1215)
	at com.gapahce.gateway.GatewayApplication.main(GatewayApplication.java:15)
Caused by: com.alibaba.nacos.api.exception.NacosException: failed to req API:/api//nacos/v1/ns/instance after all servers([127.0.0.1:8848]) tried: java.net.ConnectException: Connection refused (Connection refused)
	at com.alibaba.nacos.client.naming.net.NamingProxy.reqAPI(NamingProxy.java:496)
	at com.alibaba.nacos.client.naming.net.NamingProxy.reqAPI(NamingProxy.java:401)
	at com.alibaba.nacos.client.naming.net.NamingProxy.reqAPI(NamingProxy.java:397)
	at com.alibaba.nacos.client.naming.net.NamingProxy.registerService(NamingProxy.java:212)
	at com.alibaba.nacos.client.naming.NacosNamingService.registerInstance(NacosNamingService.java:207)
	at com.alibaba.cloud.nacos.registry.NacosServiceRegistry.register(NacosServiceRegistry.java:64)
	... 20 common frames omitted
02-01 11:07:32.259 ERROR --- [reactor-http-nio-3] [Loggers$Slf4JLogger]:319 reactor.netty.http.server.HttpServer >>> [id: 0x561bd7a1, L:/0:0:0:0:0:0:0:1:9999 - R:/0:0:0:0:0:0:0:1:55397] 
java.lang.NoSuchMethodError: org.springframework.http.server.reactive.ServerHttpResponse.setRawStatusCode(Ljava/lang/Integer;)Z
	at org.springframework.web.reactive.function.server.DefaultServerResponseBuilder$AbstractServerResponse.writeStatusAndHeaders(DefaultServerResponseBuilder.java:356)
	at org.springframework.web.reactive.function.server.DefaultServerResponseBuilder$AbstractServerResponse.writeTo(DefaultServerResponseBuilder.java:344)
	at org.springframework.boot.autoconfigure.web.reactive.error.AbstractErrorWebExceptionHandler.write(AbstractErrorWebExceptionHandler.java:311)
	at org.springframework.boot.autoconfigure.web.reactive.error.AbstractErrorWebExceptionHandler.lambda$handle$2(AbstractErrorWebExceptionHandler.java:264)
	at reactor.core.publisher.MonoFlatMap$FlatMapMain.onNext(MonoFlatMap.java:118)
	at reactor.core.publisher.FluxPeekFuseable$PeekFuseableSubscriber.onNext(FluxPeekFuseable.java:203)
	at reactor.core.publisher.Operators$MonoSubscriber.complete(Operators.java:1630)
	at reactor.core.publisher.MonoFlatMap$FlatMapMain.onNext(MonoFlatMap.java:144)
	at reactor.core.publisher.FluxSwitchIfEmpty$SwitchIfEmptySubscriber.onNext(FluxSwitchIfEmpty.java:67)
	at reactor.core.publisher.FluxSwitchIfEmpty$SwitchIfEmptySubscriber.onNext(FluxSwitchIfEmpty.java:67)
	at reactor.core.publisher.Operators$ScalarSubscription.request(Operators.java:2186)
	at reactor.core.publisher.Operators$MultiSubscriptionSubscriber.set(Operators.java:1994)
	at reactor.core.publisher.Operators$MultiSubscriptionSubscriber.onSubscribe(Operators.java:1868)
	at reactor.core.publisher.MonoJust.subscribe(MonoJust.java:54)
	at reactor.core.publisher.MonoDefer.subscribe(MonoDefer.java:52)
	at reactor.core.publisher.Mono.subscribe(Mono.java:4105)
	at reactor.core.publisher.FluxSwitchIfEmpty$SwitchIfEmptySubscriber.onComplete(FluxSwitchIfEmpty.java:75)
	at reactor.core.publisher.Operators.complete(Operators.java:132)
	at reactor.core.publisher.MonoEmpty.subscribe(MonoEmpty.java:45)
	at reactor.core.publisher.Mono.subscribe(Mono.java:4105)
	at reactor.core.publisher.FluxOnErrorResume$ResumeSubscriber.onError(FluxOnErrorResume.java:97)
	at reactor.core.publisher.FluxOnErrorResume$ResumeSubscriber.onError(FluxOnErrorResume.java:100)
	at reactor.core.publisher.FluxMapFuseable$MapFuseableSubscriber.onError(FluxMapFuseable.java:134)
	at reactor.core.publisher.FluxOnAssembly$OnAssemblySubscriber.onError(FluxOnAssembly.java:390)
	at reactor.core.publisher.Operators.error(Operators.java:182)
	at reactor.core.publisher.MonoError.subscribe(MonoError.java:52)
	at reactor.core.publisher.Mono.subscribe(Mono.java:4105)
	at reactor.core.publisher.FluxOnErrorResume$ResumeSubscriber.onError(FluxOnErrorResume.java:97)
	at reactor.core.publisher.FluxOnAssembly$OnAssemblySubscriber.onError(FluxOnAssembly.java:390)
	at reactor.core.publisher.MonoFlatMap$FlatMapMain.onError(MonoFlatMap.java:165)
	at reactor.core.publisher.MonoFlatMap$FlatMapMain.secondError(MonoFlatMap.java:185)
	at reactor.core.publisher.MonoFlatMap$FlatMapInner.onError(MonoFlatMap.java:251)
	at reactor.core.publisher.Operators$MonoSubscriber.onError(Operators.java:1671)
	at reactor.core.publisher.MonoIgnoreThen$ThenIgnoreInner.onError(MonoIgnoreThen.java:235)
	at reactor.core.publisher.FluxDoFinally$DoFinallySubscriber.onError(FluxDoFinally.java:129)
	at reactor.core.publisher.FluxPeekFuseable$PeekFuseableSubscriber.onError(FluxPeekFuseable.java:227)
	at reactor.core.publisher.Operators$MonoSubscriber.onError(Operators.java:1671)
	at reactor.core.publisher.MonoIgnoreThen$ThenIgnoreInner.onError(MonoIgnoreThen.java:235)
	at reactor.core.publisher.MonoPeekTerminal$MonoTerminalPeekSubscriber.onError(MonoPeekTerminal.java:251)
	at reactor.core.publisher.Operators.error(Operators.java:182)
	at reactor.core.publisher.MonoDefer.subscribe(MonoDefer.java:48)
	at reactor.core.publisher.MonoDefer.subscribe(MonoDefer.java:52)
	at reactor.core.publisher.MonoDefer.subscribe(MonoDefer.java:52)
	at reactor.core.publisher.MonoDefer.subscribe(MonoDefer.java:52)
	at reactor.core.publisher.Mono.subscribe(Mono.java:4105)
	at reactor.core.publisher.MonoIgnoreThen$ThenIgnoreMain.drain(MonoIgnoreThen.java:172)
	at reactor.core.publisher.MonoIgnoreThen.subscribe(MonoIgnoreThen.java:56)
	at reactor.core.publisher.InternalMonoOperator.subscribe(InternalMonoOperator.java:55)
	at reactor.core.publisher.MonoDefer.subscribe(MonoDefer.java:52)
	at reactor.core.publisher.MonoDefer.subscribe(MonoDefer.java:52)
	at reactor.core.publisher.MonoDefer.subscribe(MonoDefer.java:52)
	at reactor.core.publisher.InternalMonoOperator.subscribe(InternalMonoOperator.java:55)
	at reactor.core.publisher.MonoDefer.subscribe(MonoDefer.java:52)
	at reactor.core.publisher.Mono.subscribe(Mono.java:4105)
	at reactor.core.publisher.MonoIgnoreThen$ThenIgnoreMain.drain(MonoIgnoreThen.java:172)
	at reactor.core.publisher.MonoIgnoreThen.subscribe(MonoIgnoreThen.java:56)
	at reactor.core.publisher.MonoFlatMap$FlatMapMain.onNext(MonoFlatMap.java:150)
	at reactor.core.publisher.FluxSwitchIfEmpty$SwitchIfEmptySubscriber.onNext(FluxSwitchIfEmpty.java:67)
	at reactor.core.publisher.MonoNext$NextSubscriber.onNext(MonoNext.java:76)
	at reactor.core.publisher.FluxConcatMap$ConcatMapImmediate.innerNext(FluxConcatMap.java:274)
	at reactor.core.publisher.FluxConcatMap$ConcatMapInner.onNext(FluxConcatMap.java:851)
	at reactor.core.publisher.FluxMap$MapSubscriber.onNext(FluxMap.java:114)
	at reactor.core.publisher.FluxSwitchIfEmpty$SwitchIfEmptySubscriber.onNext(FluxSwitchIfEmpty.java:67)
	at reactor.core.publisher.Operators$MonoSubscriber.complete(Operators.java:1630)
	at reactor.core.publisher.MonoFlatMap$FlatMapMain.onNext(MonoFlatMap.java:144)
	at reactor.core.publisher.FluxMap$MapSubscriber.onNext(FluxMap.java:114)
	at reactor.core.publisher.MonoNext$NextSubscriber.onNext(MonoNext.java:76)
	at reactor.core.publisher.FluxConcatMap$ConcatMapImmediate.innerNext(FluxConcatMap.java:274)
	at reactor.core.publisher.FluxConcatMap$ConcatMapInner.onNext(FluxConcatMap.java:851)
	at reactor.core.publisher.FluxOnErrorResume$ResumeSubscriber.onNext(FluxOnErrorResume.java:73)
	at reactor.core.publisher.MonoPeekTerminal$MonoTerminalPeekSubscriber.onNext(MonoPeekTerminal.java:173)
	at reactor.core.publisher.Operators$MonoSubscriber.complete(Operators.java:1630)
	at reactor.core.publisher.MonoFilterWhen$MonoFilterWhenMain.onNext(MonoFilterWhen.java:140)
	at reactor.core.publisher.Operators$ScalarSubscription.request(Operators.java:2186)
	at reactor.core.publisher.MonoFilterWhen$MonoFilterWhenMain.onSubscribe(MonoFilterWhen.java:103)
	at reactor.core.publisher.MonoJust.subscribe(MonoJust.java:54)
	at reactor.core.publisher.Mono.subscribe(Mono.java:4105)
	at reactor.core.publisher.FluxConcatMap$ConcatMapImmediate.drain(FluxConcatMap.java:441)
	at reactor.core.publisher.FluxConcatMap$ConcatMapImmediate.onNext(FluxConcatMap.java:243)
	at reactor.core.publisher.FluxDematerialize$DematerializeSubscriber.onNext(FluxDematerialize.java:91)
	at reactor.core.publisher.FluxDematerialize$DematerializeSubscriber.onNext(FluxDematerialize.java:38)
	at reactor.core.publisher.FluxIterable$IterableSubscription.slowPath(FluxIterable.java:243)
	at reactor.core.publisher.FluxIterable$IterableSubscription.request(FluxIterable.java:201)
	at reactor.core.publisher.FluxDematerialize$DematerializeSubscriber.request(FluxDematerialize.java:120)
	at reactor.core.publisher.FluxConcatMap$ConcatMapImmediate.onSubscribe(FluxConcatMap.java:228)
	at reactor.core.publisher.FluxDematerialize$DematerializeSubscriber.onSubscribe(FluxDematerialize.java:70)
	at reactor.core.publisher.FluxIterable.subscribe(FluxIterable.java:139)
	at reactor.core.publisher.FluxIterable.subscribe(FluxIterable.java:63)
	at reactor.core.publisher.InternalFluxOperator.subscribe(InternalFluxOperator.java:53)
	at reactor.core.publisher.FluxDefer.subscribe(FluxDefer.java:54)
	at reactor.core.publisher.Mono.subscribe(Mono.java:4105)
	at reactor.core.publisher.FluxConcatMap$ConcatMapImmediate.drain(FluxConcatMap.java:441)
	at reactor.core.publisher.FluxConcatMap$ConcatMapImmediate.onSubscribe(FluxConcatMap.java:211)
	at reactor.core.publisher.FluxIterable.subscribe(FluxIterable.java:139)
	at reactor.core.publisher.FluxIterable.subscribe(FluxIterable.java:63)
	at reactor.core.publisher.InternalMonoOperator.subscribe(InternalMonoOperator.java:55)
	at reactor.core.publisher.MonoDefer.subscribe(MonoDefer.java:52)
	at reactor.core.publisher.InternalMonoOperator.subscribe(InternalMonoOperator.java:55)
	at reactor.core.publisher.MonoDefer.subscribe(MonoDefer.java:52)
	at reactor.core.publisher.Mono.subscribe(Mono.java:4105)
	at reactor.core.publisher.MonoIgnoreThen$ThenIgnoreMain.drain(MonoIgnoreThen.java:172)
	at reactor.core.publisher.MonoIgnoreThen.subscribe(MonoIgnoreThen.java:56)
	at reactor.core.publisher.InternalMonoOperator.subscribe(InternalMonoOperator.java:55)
	at reactor.netty.http.server.HttpServerHandle.onStateChange(HttpServerHandle.java:64)
	at reactor.netty.tcp.TcpServerBind$ChildObserver.onStateChange(TcpServerBind.java:228)
	at reactor.netty.http.server.HttpServerOperations.onInboundNext(HttpServerOperations.java:465)
	at reactor.netty.channel.ChannelOperationsHandler.channelRead(ChannelOperationsHandler.java:90)
	at io.netty.channel.AbstractChannelHandlerContext.invokeChannelRead(AbstractChannelHandlerContext.java:379)
	at io.netty.channel.AbstractChannelHandlerContext.invokeChannelRead(AbstractChannelHandlerContext.java:365)
	at io.netty.channel.AbstractChannelHandlerContext.fireChannelRead(AbstractChannelHandlerContext.java:357)
	at reactor.netty.http.server.HttpTrafficHandler.channelRead(HttpTrafficHandler.java:167)
	at io.netty.channel.AbstractChannelHandlerContext.invokeChannelRead(AbstractChannelHandlerContext.java:379)
	at io.netty.channel.AbstractChannelHandlerContext.invokeChannelRead(AbstractChannelHandlerContext.java:365)
	at io.netty.channel.AbstractChannelHandlerContext.fireChannelRead(AbstractChannelHandlerContext.java:357)
	at io.netty.channel.CombinedChannelDuplexHandler$DelegatingChannelHandlerContext.fireChannelRead(CombinedChannelDuplexHandler.java:436)
	at io.netty.handler.codec.ByteToMessageDecoder.fireChannelRead(ByteToMessageDecoder.java:321)
	at io.netty.handler.codec.ByteToMessageDecoder.fireChannelRead(ByteToMessageDecoder.java:308)
	at io.netty.handler.codec.ByteToMessageDecoder.callDecode(ByteToMessageDecoder.java:422)
	at io.netty.handler.codec.ByteToMessageDecoder.channelRead(ByteToMessageDecoder.java:276)
	at io.netty.channel.CombinedChannelDuplexHandler.channelRead(CombinedChannelDuplexHandler.java:251)
	at io.netty.channel.AbstractChannelHandlerContext.invokeChannelRead(AbstractChannelHandlerContext.java:379)
	at io.netty.channel.AbstractChannelHandlerContext.invokeChannelRead(AbstractChannelHandlerContext.java:365)
	at io.netty.channel.AbstractChannelHandlerContext.fireChannelRead(AbstractChannelHandlerContext.java:357)
	at io.netty.channel.DefaultChannelPipeline$HeadContext.channelRead(DefaultChannelPipeline.java:1410)
	at io.netty.channel.AbstractChannelHandlerContext.invokeChannelRead(AbstractChannelHandlerContext.java:379)
	at io.netty.channel.AbstractChannelHandlerContext.invokeChannelRead(AbstractChannelHandlerContext.java:365)
	at io.netty.channel.DefaultChannelPipeline.fireChannelRead(DefaultChannelPipeline.java:919)
	at io.netty.channel.nio.AbstractNioByteChannel$NioByteUnsafe.read(AbstractNioByteChannel.java:163)
	at io.netty.channel.nio.NioEventLoop.processSelectedKey(NioEventLoop.java:714)
	at io.netty.channel.nio.NioEventLoop.processSelectedKeysOptimized(NioEventLoop.java:650)
	at io.netty.channel.nio.NioEventLoop.processSelectedKeys(NioEventLoop.java:576)
	at io.netty.channel.nio.NioEventLoop.run(NioEventLoop.java:493)
	at io.netty.util.concurrent.SingleThreadEventExecutor$4.run(SingleThreadEventExecutor.java:989)
	at io.netty.util.internal.ThreadExecutorMap$2.run(ThreadExecutorMap.java:74)
	at io.netty.util.concurrent.FastThreadLocalRunnable.run(FastThreadLocalRunnable.java:30)
	at java.lang.Thread.run(Thread.java:748)
